@I [HLS-0] Workspace /home/sem14h17/MA/ma_hls/squeezenet/solution1 opened at Fri Apr 15 14:50:38 CEST 2016
@I [HLS-100] Command "config_clock -quiet -name default -period 10 -default=false "
@I [SYN-201] Setting up clock 'default' with a period of 10ns.
@I [HLS-100] Command 'config_clock' returned 0; elapsed 0Total elapsed time: 0.448 sec.
@I [HLS-100] Command "open_platform DefaultPlatform "
@I [HLS-100] Command 'open_platform' returned 0; elapsed 0Total elapsed time: 0.449 sec.
@I [HLS-100] Command "import_lib /usr/pack/vivado-2015.4-kgf/Vivado_HLS/2015.4/common/technology/xilinx/zynq/zynq "
@I [HLS-100] Command "source /usr/pack/vivado-2015.4-kgf/Vivado_HLS/2015.4/common/technology/xilinx/common/xilinx.lib "
@I [HLS-100] Command "source /usr/pack/vivado-2015.4-kgf/Vivado_HLS/2015.4/common/technology/xilinx/interface/xilinx_interface.lib "
@I [HLS-100] Command "source /usr/pack/vivado-2015.4-kgf/Vivado_HLS/2015.4/common/technology/xilinx/interface/plb46.lib "
@I [HLS-100] Command 'ap_source' returned 0; elapsed 0Total elapsed time: 0.452 sec.
@I [HLS-100] Command "source /usr/pack/vivado-2015.4-kgf/Vivado_HLS/2015.4/common/technology/xilinx/interface/fsl.lib "
@I [HLS-100] Command 'ap_source' returned 0; elapsed 0Total elapsed time: 0.453 sec.
@I [HLS-100] Command "source /usr/pack/vivado-2015.4-kgf/Vivado_HLS/2015.4/common/technology/xilinx/interface/axi4.lib "
@I [HLS-100] Command 'ap_source' returned 0; elapsed 0Total elapsed time: 0.454 sec.
@I [HLS-100] Command "source /usr/pack/vivado-2015.4-kgf/Vivado_HLS/2015.4/common/technology/xilinx/interface/maxi.lib "
@I [HLS-100] Command 'ap_source' returned 0; elapsed 0Total elapsed time: 0.454 sec.
@I [HLS-100] Command "source /usr/pack/vivado-2015.4-kgf/Vivado_HLS/2015.4/common/technology/xilinx/interface/saxilite.lib "
@I [HLS-100] Command 'ap_source' returned 0; elapsed 0.01Total elapsed time: 0.455 sec.
@I [HLS-100] Command 'ap_source' returned 0; elapsed 0.01Total elapsed time: 0.455 sec.
@I [HLS-100] Command "source /usr/pack/vivado-2015.4-kgf/Vivado_HLS/2015.4/common/technology/xilinx/common/dsp48.lib "
@I [HLS-100] Command 'ap_source' returned 0; elapsed 0Total elapsed time: 0.456 sec.
@I [HLS-100] Command "source /usr/pack/vivado-2015.4-kgf/Vivado_HLS/2015.4/common/technology/xilinx/ip/xfir.lib "
@I [HLS-100] Command 'ap_source' returned 0; elapsed 0Total elapsed time: 0.457 sec.
@I [HLS-100] Command "source /usr/pack/vivado-2015.4-kgf/Vivado_HLS/2015.4/common/technology/xilinx/ip/dds_compiler.lib "
@I [HLS-100] Command 'ap_source' returned 0; elapsed 0Total elapsed time: 0.457 sec.
@I [HLS-100] Command "source /usr/pack/vivado-2015.4-kgf/Vivado_HLS/2015.4/common/technology/xilinx/ip/xfft.lib "
@I [HLS-100] Command 'ap_source' returned 0; elapsed 0Total elapsed time: 0.458 sec.
@I [HLS-100] Command 'ap_source' returned 0; elapsed 0.01Total elapsed time: 0.460 sec.
@I [HLS-100] Command "source /usr/pack/vivado-2015.4-kgf/Vivado_HLS/2015.4/common/technology/xilinx/common/xilinx_old.lib "
@I [HLS-100] Command 'ap_source' returned 0; elapsed 0Total elapsed time: 0.463 sec.
@I [HLS-100] Command "source /usr/pack/vivado-2015.4-kgf/Vivado_HLS/2015.4/common/technology/xilinx/common/xilinx_vivado.lib "
@I [HLS-100] Command 'ap_source' returned 0; elapsed 0Total elapsed time: 0.464 sec.
@I [HLS-100] Command "source /usr/pack/vivado-2015.4-kgf/Vivado_HLS/2015.4/common/technology/xilinx/common/xilinx.hlp "
@I [HLS-100] Command "source /usr/pack/vivado-2015.4-kgf/Vivado_HLS/2015.4/common/technology/xilinx/common/target_info.tcl "
@I [HLS-100] Command 'ap_source' returned 0; elapsed 0Total elapsed time: 0.468 sec.
@I [HLS-100] Command "source /usr/pack/vivado-2015.4-kgf/Vivado_HLS/2015.4/common/technology/xilinx/interface/xilinx_interface.hlp "
@I [HLS-100] Command "source /usr/pack/vivado-2015.4-kgf/Vivado_HLS/2015.4/common/technology/xilinx/interface/maxi.hlp "
@I [HLS-100] Command 'ap_source' returned 0; elapsed 0Total elapsed time: 0.469 sec.
@I [HLS-100] Command "source /usr/pack/vivado-2015.4-kgf/Vivado_HLS/2015.4/common/technology/xilinx/interface/saxilite.hlp "
@I [HLS-100] Command 'ap_source' returned 0; elapsed 0Total elapsed time: 0.469 sec.
@I [HLS-100] Command 'ap_source' returned 0; elapsed 0Total elapsed time: 0.469 sec.
@I [HLS-100] Command "source /usr/pack/vivado-2015.4-kgf/Vivado_HLS/2015.4/common/technology/xilinx/common/dsp48.hlp "
@I [HLS-100] Command 'ap_source' returned 0; elapsed 0Total elapsed time: 0.471 sec.
@I [HLS-100] Command 'ap_source' returned 0; elapsed 0Total elapsed time: 0.471 sec.
@I [HLS-100] Command "source /usr/pack/vivado-2015.4-kgf/Vivado_HLS/2015.4/common/technology/xilinx/zynq/dsp48e1.hlp "
@I [HLS-100] Command 'ap_source' returned 0; elapsed 0Total elapsed time: 0.472 sec.
@I [HLS-100] Command "get_default_platform "
@I [HLS-100] Command 'get_default_platform' returned 0; elapsed 0Total elapsed time: 0.472 sec.
@I [HLS-100] Command "config_chip_info -quiet -resource  {SLICE 13300}  {LUT 53200}     {FF 106400} {DSP48E 220}   {BRAM 280}  "
@I [HLS-100] Command 'config_chip_info' returned 0; elapsed 0Total elapsed time: 0.472 sec.
@I [HLS-100] Command "config_chip_info -quiet -speed medium "
@I [HLS-100] Command 'config_chip_info' returned 0; elapsed 0Total elapsed time: 0.472 sec.
@I [HLS-100] Command 'import_lib' returned 0; elapsed 0.02Total elapsed time: 0.474 sec.
@I [HLS-100] Command "source /usr/pack/vivado-2015.4-kgf/Vivado_HLS/2015.4/common/technology/xilinx/zynq/zynq.gen "
@I [HLS-100] Command "source /usr/pack/vivado-2015.4-kgf/Vivado_HLS/2015.4/common/technology/xilinx/common/virtex.gen "
@I [HLS-100] Command "source /usr/pack/vivado-2015.4-kgf/Vivado_HLS/2015.4/common/technology/xilinx/common/xilinx.gen "
@I [HLS-100] Command "source /usr/pack/vivado-2015.4-kgf/Vivado_HLS/2015.4/common/technology/xilinx/interface/plb46.gen "
@I [HLS-100] Command 'ap_source' returned 0; elapsed 0Total elapsed time: 0.478 sec.
@I [HLS-100] Command "source /usr/pack/vivado-2015.4-kgf/Vivado_HLS/2015.4/common/technology/xilinx/interface/fsl.gen "
@I [HLS-100] Command 'ap_source' returned 0; elapsed 0Total elapsed time: 0.479 sec.
@I [HLS-100] Command "source /usr/pack/vivado-2015.4-kgf/Vivado_HLS/2015.4/common/technology/xilinx/interface/axi4.gen "
@I [HLS-100] Command 'ap_source' returned 0; elapsed 0.01Total elapsed time: 0.481 sec.
@I [HLS-100] Command "source /usr/pack/vivado-2015.4-kgf/Vivado_HLS/2015.4/common/technology/xilinx/interface/nativeAXI4.gen "
@I [HLS-100] Command "source /usr/pack/vivado-2015.4-kgf/Vivado_HLS/2015.4/common/technology/xilinx/interface/saxilite.gen "
@I [HLS-100] Command 'ap_source' returned 0; elapsed 0Total elapsed time: 0.486 sec.
@I [HLS-100] Command "source /usr/pack/vivado-2015.4-kgf/Vivado_HLS/2015.4/common/technology/xilinx/interface/maxi.gen "
@I [HLS-100] Command 'ap_source' returned 0; elapsed 0.01Total elapsed time: 0.494 sec.
@I [HLS-100] Command 'ap_source' returned 0; elapsed 0.01Total elapsed time: 0.494 sec.
@I [HLS-100] Command "source /usr/pack/vivado-2015.4-kgf/Vivado_HLS/2015.4/common/technology/xilinx/scripts/xilinxcoregen.gen "
@I [HLS-100] Command 'ap_source' returned 0; elapsed 0Total elapsed time: 0.503 sec.
@I [HLS-100] Command "source /usr/pack/vivado-2015.4-kgf/Vivado_HLS/2015.4/common/technology/xilinx/interface/XilEDKCoreGen.gen "
@I [HLS-100] Command 'ap_source' returned 0; elapsed 0.01Total elapsed time: 0.513 sec.
@I [HLS-100] Command "source /usr/pack/vivado-2015.4-kgf/Vivado_HLS/2015.4/common/technology/xilinx/ip/util.gen "
@I [HLS-100] Command 'ap_source' returned 0; elapsed 0Total elapsed time: 0.516 sec.
@I [HLS-100] Command "source /usr/pack/vivado-2015.4-kgf/Vivado_HLS/2015.4/common/technology/xilinx/ip/xfir.gen "
@I [HLS-100] Command "source /usr/pack/vivado-2015.4-kgf/Vivado_HLS/2015.4/tps/tcl/tcllib1.11.1/struct/list.tcl "
@I [HLS-100] Command "source /usr/pack/vivado-2015.4-kgf/Vivado_HLS/2015.4/tps/tcl/tcllib1.11.1/cmdline/cmdline.tcl "
@I [HLS-100] Command 'ap_source' returned 0; elapsed 0Total elapsed time: 0.534 sec.
@I [HLS-100] Command 'ap_source' returned 0; elapsed 0Total elapsed time: 0.534 sec.
@I [HLS-100] Command "source /usr/pack/vivado-2015.4-kgf/Vivado_HLS/2015.4/tps/tcl/tcllib1.11.1/math/bignum.tcl "
@I [HLS-100] Command 'ap_source' returned 0; elapsed 0Total elapsed time: 0.546 sec.
@I [HLS-100] Command 'ap_source' returned 0; elapsed 0.04Total elapsed time: 0.552 sec.
@I [HLS-100] Command "source /usr/pack/vivado-2015.4-kgf/Vivado_HLS/2015.4/common/technology/xilinx/ip/xfft.gen "
@I [HLS-100] Command 'ap_source' returned 0; elapsed 0.1Total elapsed time: 0.662 sec.
@I [HLS-100] Command "source /usr/pack/vivado-2015.4-kgf/Vivado_HLS/2015.4/common/technology/xilinx/ip/dds_compiler.gen "
@I [HLS-100] Command 'ap_source' returned 0; elapsed 0Total elapsed time: 0.669 sec.
@I [HLS-100] Command 'ap_source' returned 0; elapsed 0.17Total elapsed time: 0.669 sec.
@I [HLS-100] Command "source /usr/pack/vivado-2015.4-kgf/Vivado_HLS/2015.4/common/technology/xilinx/common/dsp48.gen "
@I [HLS-100] Command 'ap_source' returned 0; elapsed 0.01Total elapsed time: 0.671 sec.
@I [HLS-100] Command 'ap_source' returned 0; elapsed 0.18Total elapsed time: 0.671 sec.
@I [HLS-100] Command 'ap_source' returned 0; elapsed 0.18Total elapsed time: 0.671 sec.
@I [HLS-100] Command "open_platform DefaultPlatform "
@I [HLS-100] Command 'open_platform' returned 0; elapsed 0Total elapsed time: 0.671 sec.
@I [HLS-100] Command "import_lib /usr/pack/vivado-2015.4-kgf/Vivado_HLS/2015.4/common/technology/xilinx/zynq/zynq_fpv6 "
@I [HLS-100] Command "source /usr/pack/vivado-2015.4-kgf/Vivado_HLS/2015.4/common/technology/xilinx/common/xilinx_fpv7.lib "
@I [HLS-100] Command "source /usr/pack/vivado-2015.4-kgf/Vivado_HLS/2015.4/common/technology/xilinx/common/xilinx_hp.lib "
@I [HLS-100] Command 'ap_source' returned 0; elapsed 0Total elapsed time: 0.675 sec.
@I [HLS-100] Command 'ap_source' returned 0; elapsed 0Total elapsed time: 0.677 sec.
@I [HLS-100] Command "source /usr/pack/vivado-2015.4-kgf/Vivado_HLS/2015.4/common/technology/xilinx/common/xilinx_fpv.hlp "
@I [HLS-100] Command "source /usr/pack/vivado-2015.4-kgf/Vivado_HLS/2015.4/common/technology/xilinx/common/xilinx.hlp "
@I [HLS-100] Command "source /usr/pack/vivado-2015.4-kgf/Vivado_HLS/2015.4/common/technology/xilinx/common/target_info.tcl "
@I [HLS-100] Command 'ap_source' returned 0; elapsed 0Total elapsed time: 0.686 sec.
@I [HLS-100] Command "source /usr/pack/vivado-2015.4-kgf/Vivado_HLS/2015.4/common/technology/xilinx/interface/xilinx_interface.hlp "
@I [HLS-100] Command "source /usr/pack/vivado-2015.4-kgf/Vivado_HLS/2015.4/common/technology/xilinx/interface/maxi.hlp "
@I [HLS-100] Command 'ap_source' returned 0; elapsed 0Total elapsed time: 0.687 sec.
@I [HLS-100] Command "source /usr/pack/vivado-2015.4-kgf/Vivado_HLS/2015.4/common/technology/xilinx/interface/saxilite.hlp "
@I [HLS-100] Command 'ap_source' returned 0; elapsed 0Total elapsed time: 0.688 sec.
@I [HLS-100] Command 'ap_source' returned 0; elapsed 0Total elapsed time: 0.688 sec.
@I [HLS-100] Command "source /usr/pack/vivado-2015.4-kgf/Vivado_HLS/2015.4/common/technology/xilinx/common/dsp48.hlp "
@I [HLS-100] Command 'ap_source' returned 0; elapsed 0Total elapsed time: 0.689 sec.
@I [HLS-100] Command 'ap_source' returned 0; elapsed 0.01Total elapsed time: 0.690 sec.
@I [HLS-100] Command 'ap_source' returned 0; elapsed 0.01Total elapsed time: 0.690 sec.
@I [HLS-100] Command "source /usr/pack/vivado-2015.4-kgf/Vivado_HLS/2015.4/common/technology/xilinx/zynq/zynq_hp.hlp "
@I [HLS-100] Command 'ap_source' returned 0; elapsed 0Total elapsed time: 0.692 sec.
@I [HLS-100] Command 'import_lib' returned 0; elapsed 0.01Total elapsed time: 0.697 sec.
@I [HLS-100] Command "source /usr/pack/vivado-2015.4-kgf/Vivado_HLS/2015.4/common/technology/xilinx/zynq/zynq_fpv6.gen "
@I [HLS-100] Command "source /usr/pack/vivado-2015.4-kgf/Vivado_HLS/2015.4/common/technology/xilinx/common/xilinx_fpv6.gen "
@I [HLS-100] Command 'ap_source' returned 0; elapsed 0Total elapsed time: 0.699 sec.
@I [HLS-100] Command 'ap_source' returned 0; elapsed 0.01Total elapsed time: 0.699 sec.
@I [HLS-100] Command "set_part xc7z045fbg676-1 "
@I [HLS-100] Command "add_library xilinx/zynq/zynq:xc7z045:fbg676:-1 "
@I [HLS-100] Command "get_default_platform "
@I [HLS-100] Command 'get_default_platform' returned 0; elapsed 0Total elapsed time: 0.704 sec.
@I [HLS-100] Command "license_isbetapart xc7z045 "
@I [HLS-100] Command 'license_isbetapart' returned 1; elapsed 0Total elapsed time: 0.717 sec.
@I [HLS-100] Command "get_default_platform "
@I [HLS-100] Command 'get_default_platform' returned 0; elapsed 0Total elapsed time: 0.720 sec.
@I [HLS-100] Command "config_chip_info -quiet -resource  {SLICE 54650}  {LUT 218600}    {FF 437200} {DSP48E 900}   {BRAM 1090}  "
@I [HLS-100] Command 'config_chip_info' returned 0; elapsed 0Total elapsed time: 0.720 sec.
@I [HLS-100] Command "config_chip_info -quiet -speed slow "
@I [HLS-100] Command 'config_chip_info' returned 0; elapsed 0Total elapsed time: 0.720 sec.
@I [HLS-100] Command 'add_library' returned 0; elapsed 0.01Total elapsed time: 0.723 sec.
@I [HLS-100] Command "add_library xilinx/zynq/zynq_fpv6 "
@I [HLS-100] Command "get_default_platform "
@I [HLS-100] Command 'get_default_platform' returned 0; elapsed 0Total elapsed time: 0.724 sec.
@I [HLS-100] Command "open_platform DefaultPlatform "
@I [HLS-100] Command 'open_platform' returned 0; elapsed 0Total elapsed time: 0.724 sec.
@I [HLS-100] Command "import_lib /usr/pack/vivado-2015.4-kgf/Vivado_HLS/2015.4/common/technology/xilinx/zynq/zynq_fpv6 "
@I [HLS-100] Command "source /usr/pack/vivado-2015.4-kgf/Vivado_HLS/2015.4/common/technology/xilinx/common/xilinx_fpv7.lib "
@I [HLS-100] Command "source /usr/pack/vivado-2015.4-kgf/Vivado_HLS/2015.4/common/technology/xilinx/common/xilinx_hp.lib "
@I [HLS-100] Command 'ap_source' returned 0; elapsed 0Total elapsed time: 0.728 sec.
@I [HLS-100] Command 'ap_source' returned 0; elapsed 0Total elapsed time: 0.730 sec.
@I [HLS-100] Command "source /usr/pack/vivado-2015.4-kgf/Vivado_HLS/2015.4/common/technology/xilinx/common/xilinx_fpv.hlp "
@I [HLS-100] Command "source /usr/pack/vivado-2015.4-kgf/Vivado_HLS/2015.4/common/technology/xilinx/common/xilinx.hlp "
@I [HLS-100] Command "source /usr/pack/vivado-2015.4-kgf/Vivado_HLS/2015.4/common/technology/xilinx/common/target_info.tcl "
@I [HLS-100] Command 'ap_source' returned 0; elapsed 0Total elapsed time: 0.739 sec.
@I [HLS-100] Command "source /usr/pack/vivado-2015.4-kgf/Vivado_HLS/2015.4/common/technology/xilinx/interface/xilinx_interface.hlp "
@I [HLS-100] Command "source /usr/pack/vivado-2015.4-kgf/Vivado_HLS/2015.4/common/technology/xilinx/interface/maxi.hlp "
@I [HLS-100] Command 'ap_source' returned 0; elapsed 0Total elapsed time: 0.740 sec.
@I [HLS-100] Command "source /usr/pack/vivado-2015.4-kgf/Vivado_HLS/2015.4/common/technology/xilinx/interface/saxilite.hlp "
@I [HLS-100] Command 'ap_source' returned 0; elapsed 0Total elapsed time: 0.741 sec.
@I [HLS-100] Command 'ap_source' returned 0; elapsed 0Total elapsed time: 0.741 sec.
@I [HLS-100] Command "source /usr/pack/vivado-2015.4-kgf/Vivado_HLS/2015.4/common/technology/xilinx/common/dsp48.hlp "
@I [HLS-100] Command 'ap_source' returned 0; elapsed 0Total elapsed time: 0.742 sec.
@I [HLS-100] Command 'ap_source' returned 0; elapsed 0.01Total elapsed time: 0.743 sec.
@I [HLS-100] Command 'ap_source' returned 0; elapsed 0.01Total elapsed time: 0.743 sec.
@I [HLS-100] Command "source /usr/pack/vivado-2015.4-kgf/Vivado_HLS/2015.4/common/technology/xilinx/zynq/zynq_hp.hlp "
@I [HLS-100] Command 'ap_source' returned 0; elapsed 0Total elapsed time: 0.745 sec.
@I [HLS-100] Command 'import_lib' returned 0; elapsed 0.01Total elapsed time: 0.749 sec.
@I [HLS-100] Command "source /usr/pack/vivado-2015.4-kgf/Vivado_HLS/2015.4/common/technology/xilinx/zynq/zynq_fpv6.gen "
@I [HLS-100] Command "source /usr/pack/vivado-2015.4-kgf/Vivado_HLS/2015.4/common/technology/xilinx/common/xilinx_fpv6.gen "
@I [HLS-100] Command 'ap_source' returned 0; elapsed 0Total elapsed time: 0.752 sec.
@I [HLS-100] Command 'ap_source' returned 0; elapsed 0Total elapsed time: 0.752 sec.
@I [HLS-100] Command 'add_library' returned 0; elapsed 0.03Total elapsed time: 0.755 sec.
@I [HLS-10] Setting target device to 'xc7z045fbg676-1'
@I [HLS-100] Command 'set_part' returned 0; elapsed 0.04Total elapsed time: 0.755 sec.
@I [HLS-100] Command "get_default_platform "
@I [HLS-100] Command 'get_default_platform' returned 0; elapsed 0Total elapsed time: 0.755 sec.
@I [HLS-100] Command "config_chip_info -quiet -resource  {SLICE 54650}  {LUT 218600}    {FF 437200} {DSP48E 900}   {BRAM 1090}  "
@I [HLS-100] Command 'config_chip_info' returned 0; elapsed 0Total elapsed time: 0.755 sec.
@I [HLS-100] Command "config_chip_info -quiet -speed slow "
@I [HLS-100] Command 'config_chip_info' returned 0; elapsed 0Total elapsed time: 0.755 sec.
@I [HLS-100] Command 'open_solution' returned 0; elapsed 0.26Total elapsed time: 0.757 sec.
@I [HLS-100] Command "set_part xc7z045fbg676-1 "
@I [HLS-100] Command "add_library xilinx/zynq/zynq:xc7z045:fbg676:-1 "
@I [HLS-100] Command "get_default_platform "
@I [HLS-100] Command 'get_default_platform' returned 0; elapsed 0Total elapsed time: 0.760 sec.
@I [HLS-100] Command "license_isbetapart xc7z045 "
@I [HLS-100] Command 'license_isbetapart' returned 1; elapsed 0Total elapsed time: 0.760 sec.
@I [HLS-100] Command "get_default_platform "
@I [HLS-100] Command 'get_default_platform' returned 0; elapsed 0Total elapsed time: 0.763 sec.
@I [HLS-100] Command "config_chip_info -quiet -resource  {SLICE 54650}  {LUT 218600}    {FF 437200} {DSP48E 900}   {BRAM 1090}  "
@I [HLS-100] Command 'config_chip_info' returned 0; elapsed 0Total elapsed time: 0.763 sec.
@I [HLS-100] Command "config_chip_info -quiet -speed slow "
@I [HLS-100] Command 'config_chip_info' returned 0; elapsed 0Total elapsed time: 0.763 sec.
@I [HLS-100] Command 'add_library' returned 0; elapsed 0Total elapsed time: 0.767 sec.
@I [HLS-100] Command "add_library xilinx/zynq/zynq_fpv6 "
@I [HLS-100] Command "get_default_platform "
@I [HLS-100] Command 'get_default_platform' returned 0; elapsed 0Total elapsed time: 0.768 sec.
@I [HLS-100] Command "open_platform DefaultPlatform "
@I [HLS-100] Command 'open_platform' returned 0; elapsed 0Total elapsed time: 0.769 sec.
@I [HLS-100] Command "import_lib /usr/pack/vivado-2015.4-kgf/Vivado_HLS/2015.4/common/technology/xilinx/zynq/zynq_fpv6 "
@I [HLS-100] Command "source /usr/pack/vivado-2015.4-kgf/Vivado_HLS/2015.4/common/technology/xilinx/common/xilinx_fpv7.lib "
@I [HLS-100] Command "source /usr/pack/vivado-2015.4-kgf/Vivado_HLS/2015.4/common/technology/xilinx/common/xilinx_hp.lib "
@I [HLS-100] Command 'ap_source' returned 0; elapsed 0Total elapsed time: 0.772 sec.
@I [HLS-100] Command 'ap_source' returned 0; elapsed 0Total elapsed time: 0.774 sec.
@I [HLS-100] Command "source /usr/pack/vivado-2015.4-kgf/Vivado_HLS/2015.4/common/technology/xilinx/common/xilinx_fpv.hlp "
@I [HLS-100] Command "source /usr/pack/vivado-2015.4-kgf/Vivado_HLS/2015.4/common/technology/xilinx/common/xilinx.hlp "
@I [HLS-100] Command "source /usr/pack/vivado-2015.4-kgf/Vivado_HLS/2015.4/common/technology/xilinx/common/target_info.tcl "
@I [HLS-100] Command 'ap_source' returned 0; elapsed 0Total elapsed time: 0.782 sec.
@I [HLS-100] Command "source /usr/pack/vivado-2015.4-kgf/Vivado_HLS/2015.4/common/technology/xilinx/interface/xilinx_interface.hlp "
@I [HLS-100] Command "source /usr/pack/vivado-2015.4-kgf/Vivado_HLS/2015.4/common/technology/xilinx/interface/maxi.hlp "
@I [HLS-100] Command 'ap_source' returned 0; elapsed 0Total elapsed time: 0.784 sec.
@I [HLS-100] Command "source /usr/pack/vivado-2015.4-kgf/Vivado_HLS/2015.4/common/technology/xilinx/interface/saxilite.hlp "
@I [HLS-100] Command 'ap_source' returned 0; elapsed 0Total elapsed time: 0.785 sec.
@I [HLS-100] Command 'ap_source' returned 0; elapsed 0Total elapsed time: 0.785 sec.
@I [HLS-100] Command "source /usr/pack/vivado-2015.4-kgf/Vivado_HLS/2015.4/common/technology/xilinx/common/dsp48.hlp "
@I [HLS-100] Command 'ap_source' returned 0; elapsed 0Total elapsed time: 0.786 sec.
@I [HLS-100] Command 'ap_source' returned 0; elapsed 0Total elapsed time: 0.787 sec.
@I [HLS-100] Command 'ap_source' returned 0; elapsed 0Total elapsed time: 0.787 sec.
@I [HLS-100] Command "source /usr/pack/vivado-2015.4-kgf/Vivado_HLS/2015.4/common/technology/xilinx/zynq/zynq_hp.hlp "
@I [HLS-100] Command 'ap_source' returned 0; elapsed 0Total elapsed time: 0.789 sec.
@I [HLS-100] Command 'import_lib' returned 0; elapsed 0.02Total elapsed time: 0.793 sec.
@I [HLS-100] Command "source /usr/pack/vivado-2015.4-kgf/Vivado_HLS/2015.4/common/technology/xilinx/zynq/zynq_fpv6.gen "
@I [HLS-100] Command "source /usr/pack/vivado-2015.4-kgf/Vivado_HLS/2015.4/common/technology/xilinx/common/xilinx_fpv6.gen "
@I [HLS-100] Command 'ap_source' returned 0; elapsed 0Total elapsed time: 0.796 sec.
@I [HLS-100] Command 'ap_source' returned 0; elapsed 0Total elapsed time: 0.796 sec.
@I [HLS-100] Command 'add_library' returned 0; elapsed 0.02Total elapsed time: 0.799 sec.
@I [HLS-100] Command 'set_part' returned 0; elapsed 0.02Total elapsed time: 0.799 sec.
@I [HLS-100] Command "create_clock -period 10 -name default "
@I [HLS-100] Command 'create_clock' returned 0; elapsed 0Total elapsed time: 0.804 sec.
@I [HLS-100] Command "csynth_design "
@I [HLS-100] Command "elaborate -effort=medium -skip_syncheck=0 -keep_printf=0 -lm=0 -skip_cdt=0 -skip_transform=0 -ng=0 -g=0 -opt_fp=0 "
@I [HLS-10] Analyzing design file 'processing_element.cpp' ... 
@0 [HLS-0] Analyzing design file 'processing_element.cpp' ... 
@I [HLS-0] Compiling one TU...
@I [HLS-0] 
Checking before pre-process: exec clang -fno-limit-debug-info -gcc-toolchain "/usr/pack/vivado-2015.4-kgf/Vivado_HLS/2015.4/lnx64/tools/gcc" -hls    -fno-math-errno -c -emit-llvm -O0  -mllvm -disable-llvm-optzns -fno-threadsafe-statics  -fno-use-cxa-atexit  -fno-threadsafe-statics -fno-use-cxa-atexit   -I "/usr/pack/vivado-2015.4-kgf/Vivado_HLS/2015.4/lnx64/tools/systemc/include" -I "/usr/pack/vivado-2015.4-kgf/Vivado_HLS/2015.4/include" -I "/usr/pack/vivado-2015.4-kgf/Vivado_HLS/2015.4/include/ap_sysc" -fexceptions -I "/usr/pack/vivado-2015.4-kgf/Vivado_HLS/2015.4/common/technology/autopilot" -include etc/autopilot_ssdm_op.h "processing_element.cpp"  -o "/home/sem14h17/MA/ma_hls/squeezenet/solution1/.autopilot/db/processing_element.pp.00.o"

@I [HLS-100] Command "is_encrypted /home/sem14h17/MA/ma_hls/squeezenet/solution1/.autopilot/db/processing_element.pp.00.o "
@I [HLS-100] Command 'is_encrypted' returned 0; elapsed 0Total elapsed time: 0.909 sec.
@I [HLS-0] Syntax Checker time: 0 seconds per iteration
@I [HLS-0] 
Source preprocessing: exec clang -fno-limit-debug-info -gcc-toolchain "/usr/pack/vivado-2015.4-kgf/Vivado_HLS/2015.4/lnx64/tools/gcc" -hls -fno-exceptions  -D__llvm__  -CC -E "processing_element.cpp"     -fno-math-errno -c -emit-llvm -O0  -mllvm -disable-llvm-optzns -fno-threadsafe-statics  -fno-use-cxa-atexit  -fno-threadsafe-statics -fno-use-cxa-atexit -DAESL_SYN -D__SYNTHESIS__ -D__HLS_SYN__ -I "/usr/pack/vivado-2015.4-kgf/Vivado_HLS/2015.4/common/technology/autopilot" -I "/usr/pack/vivado-2015.4-kgf/Vivado_HLS/2015.4/common/technology/autopilot/ap_sysc" -include etc/autopilot_ssdm_op.h  -o "/home/sem14h17/MA/ma_hls/squeezenet/solution1/.autopilot/db/processing_element.pp.0.cpp"

@I [HLS-0] GCC PP time: 0 seconds per iteration
@I [HLS-100] Command "list_core -type functional_unit "
@I [HLS-100] Command 'list_core' returned 0; elapsed 0Total elapsed time: 1.10 sec.
@I [HLS-0] Marker-Pragma convertor: /home/sem14h17/MA/ma_hls/squeezenet/solution1/.autopilot/db/processing_element.pp.0.cpp /home/sem14h17/MA/ma_hls/squeezenet/solution1/.autopilot/db/processing_element.pp.0.cpp.ap-line.cpp /home/sem14h17/MA/ma_hls/squeezenet/solution1/.autopilot/db/processing_element.pp.0.cpp.ap-line.cpp.CXX 1
@I [HLS-0] 
Source processor: exec /usr/pack/vivado-2015.4-kgf/Vivado_HLS/2015.4/tps/lnx64/jre/bin/java -Xmx512m -classpath   "/usr/pack/vivado-2015.4-kgf/Vivado_HLS/2015.4/lib/classes/autopilot.sourceprocessor.jar:/usr/pack/vivado-2015.4-kgf/Vivado_HLS/2015.4/lib/classes/org.eclipse.cdt.core_5.3.0.xilinx_patch.jar:/usr/pack/vivado-2015.4-kgf/Vivado_HLS/2015.4/lib/classes/org.eclipse.core.runtime_3.7.0.v20110110.jar:/usr/pack/vivado-2015.4-kgf/Vivado_HLS/2015.4/lib/classes/org.eclipse.equinox.common_3.6.0.v20110523.jar:/usr/pack/vivado-2015.4-kgf/Vivado_HLS/2015.4/lib/classes/com.ibm.icu_4.4.2.v20110208.jar:/usr/pack/vivado-2015.4-kgf/Vivado_HLS/2015.4/lib/classes/jargs.jar:/usr/pack/vivado-2015.4-kgf/Vivado_HLS/2015.4/lnx64/tools/eclipse/plugins/org.eclipse.emf.common_2.10.1.v20150123-0348.jar:/usr/pack/vivado-2015.4-kgf/Vivado_HLS/2015.4/lnx64/tools/eclipse/plugins/org.eclipse.emf.ecore_2.10.2.v20150123-0348.jar:/usr/pack/vivado-2015.4-kgf/Vivado_HLS/2015.4/lnx64/tools/eclipse/plugins/org.eclipse.emf.ecore.xmi_2.10.2.v20150123-0348.jar:/usr/pack/vivado-2015.4-kgf/Vivado_HLS/2015.4/lnx64/tools/eclipse/plugins/com.autoesl.autopilot.ui.directiveFileModel_1.0.0.jar:/usr/pack/vivado-2015.4-kgf/Vivado_HLS/2015.4/lnx64/tools/eclipse/plugins/com.autoesl.autopilot.ui.common_1.0.0.jar"  autopilot.sourceprocessor.CParser  "/home/sem14h17/MA/ma_hls/squeezenet/solution1/.autopilot/db/processing_element.pp.0.cpp.ap-line.cpp"  -m "do_macc" -o "/home/sem14h17/MA/ma_hls/squeezenet/solution1/.autopilot/db/processing_element.pp.0.cpp.ap-cdt.cpp" --pp --directive /home/sem14h17/MA/ma_hls/squeezenet/solution1/solution1.directive --source /home/sem14h17/MA/ma_hls/processing_element.cpp --error /home/sem14h17/MA/ma_hls/squeezenet/solution1/.autopilot/db --funcunit "AddSub AddSub_DSP AddSubnS DAddSub_fulldsp DAddSub_nodsp DDiv DExp_fulldsp DExp_meddsp DExp_nodsp DLog_fulldsp DLog_meddsp DLog_nodsp DMul_fulldsp DMul_maxdsp DMul_meddsp DMul_nodsp DRSqrt DRecip DSqrt DivnS FAddSub_fulldsp FAddSub_nodsp FDiv FExp_fulldsp FExp_meddsp FExp_nodsp FLog_fulldsp FLog_meddsp FLog_nodsp FMul_fulldsp FMul_maxdsp FMul_meddsp FMul_nodsp FRSqrt_fulldsp FRSqrt_nodsp FRecip_fulldsp FRecip_nodsp FSqrt HAddSub_nodsp HDiv HMul_fulldsp HMul_maxdsp HMul_nodsp HSqrt Mul Mul2S Mul3S Mul4S Mul5S Mul6S Mul_LUT MulnS MuxnS" --ve --vetcl /home/sem14h17/MA/ma_hls/squeezenet/solution1/.autopilot/db --ca --es --gf --df --pd --p2d /home/sem14h17/MA/ma_hls/squeezenet/solution1/.autopilot/db --sd --scff /home/sem14h17/MA/ma_hls/squeezenet/solution1/.autopilot/db/.systemc_flag --ad

@I [HLS-0] Marker-Pragma convertor: /home/sem14h17/MA/ma_hls/squeezenet/solution1/.autopilot/db/processing_element.pp.0.cpp.ap-cdt.cpp /home/sem14h17/MA/ma_hls/squeezenet/solution1/.autopilot/db/processing_element.pragma.0.cpp /home/sem14h17/MA/ma_hls/squeezenet/solution1/.autopilot/db/processing_element.pragma.0.cpp.ap-line.CXX 0
@I [HLS-100] Command "source /home/sem14h17/MA/ma_hls/squeezenet/solution1/.autopilot/db/pragma.status.tcl "
@I [HLS-100] Command 'ap_source' returned 0; elapsed 0Total elapsed time: 2.140 sec.
@I [HLS-0] CDT processor time: 1 seconds per iteration
@I [HLS-0] Pragma handling time: 0 seconds per iteration
@I [HLS-0] 
Source preprocessing: exec clang -fno-limit-debug-info -gcc-toolchain "/usr/pack/vivado-2015.4-kgf/Vivado_HLS/2015.4/lnx64/tools/gcc" -hls -fno-exceptions  -D__llvm__  -CC -E "/home/sem14h17/MA/ma_hls/squeezenet/solution1/.autopilot/db/processing_element.pragma.1.cpp"     -fno-math-errno -c -emit-llvm -O0  -mllvm -disable-llvm-optzns -fno-threadsafe-statics  -fno-use-cxa-atexit  -fno-threadsafe-statics -fno-use-cxa-atexit -DAESL_SYN -D__SYNTHESIS__ -D__HLS_SYN__ -I "/usr/pack/vivado-2015.4-kgf/Vivado_HLS/2015.4/common/technology/autopilot" -I "/usr/pack/vivado-2015.4-kgf/Vivado_HLS/2015.4/common/technology/autopilot/ap_sysc" -include etc/autopilot_ssdm_op.h  -o "/home/sem14h17/MA/ma_hls/squeezenet/solution1/.autopilot/db/processing_element.pragma.2.cpp"

@I [HLS-0] exec clang -fno-limit-debug-info -gcc-toolchain /usr/pack/vivado-2015.4-kgf/Vivado_HLS/2015.4/lnx64/tools/gcc -hls -hls-analyze-label -hls-analyze-pragma -fno-exceptions  -D__llvm__  -w  "/home/sem14h17/MA/ma_hls/squeezenet/solution1/.autopilot/db/processing_element.pragma.2.cpp"    -fno-math-errno -c -emit-llvm -O0  -mllvm -disable-llvm-optzns -fno-threadsafe-statics  -fno-use-cxa-atexit -DAESL_SYN -D__SYNTHESIS__ -D__HLS_SYN__ -I "/usr/pack/vivado-2015.4-kgf/Vivado_HLS/2015.4/common/technology/autopilot" -I "/usr/pack/vivado-2015.4-kgf/Vivado_HLS/2015.4/common/technology/autopilot/ap_sysc" -include etc/autopilot_ssdm_op.h -g -o "/home/sem14h17/MA/ma_hls/squeezenet/solution1/.autopilot/db/processing_element.g.bc"
@I [HLS-100] Command "source /home/sem14h17/MA/ma_hls/squeezenet/solution1/.autopilot/db/ve_warning.tcl "
@I [HLS-100] Command 'ap_source' returned 0; elapsed 0Total elapsed time: 2.352 sec.
@I [HLS-10] Validating synthesis directives ...
@0 [HLS-0] Validating synthesis directives ...
@I [HLS-100] Command "source /home/sem14h17/MA/ma_hls/squeezenet/solution1/.autopilot/db/pragma.status.tcl "
@I [HLS-100] Command 'ap_source' returned 0; elapsed 0Total elapsed time: 2.353 sec.
@I [HLS-0] Linking all ...
@I [HLS-0] exec llvm-ld  "/home/sem14h17/MA/ma_hls/squeezenet/solution1/.autopilot/db/processing_element.bc"  -disable-opt  -L/usr/pack/vivado-2015.4-kgf/Vivado_HLS/2015.4/lnx64/lib -lm_basic -o "/home/sem14h17/MA/ma_hls/squeezenet/solution1/.autopilot/db/a.o.pre"
@I [HLS-0] Link time: 0 seconds per iteration
@I [HLS-0] Linking all ...
@I [HLS-0] exec llvm-ld  "/home/sem14h17/MA/ma_hls/squeezenet/solution1/.autopilot/db/processing_element.g.bc"  -disable-opt  -L/usr/pack/vivado-2015.4-kgf/Vivado_HLS/2015.4/lnx64/lib -lm_basic -o "/home/sem14h17/MA/ma_hls/squeezenet/solution1/.autopilot/db/a.g.pre"
@I [HLS-0] Link time: 0 seconds per iteration
@I [HLS-100] Command "opt_and_import_c a -opt_level=2 -skip_syncheck=0 -ng=0 -keep_printf=0 "
@I [HLS-100] Command "cleanup_all_models "
@I [HLS-100] Command 'cleanup_all_models' returned 0; elapsed 0Total elapsed time: 2.512 sec.
@I [HLS-10] Starting code transformations ...
@0 [HLS-0] Starting code transformations ...
@I [HLS-0] std xform: transform -hls -share-std-xform -always-inline -promote-dbg-pointer  -interface-preproc  -scalarrepl -mem2reg -keep-read-access -instcombine -dce  -promote-dbg-pointer  -bitop-raise  -indvars -loop-simplify -xunroll  -constprop -instcombine -simplifycfg -indvars  -simplifycfg -dce -globaldce  -basicaa  -simplifycfg -mem2reg -globalopt  -global-constprop -deadargelim -instcombine -simplifycfg  -prune-eh -simplifycfg  -scalarrepl -instcombine -reassociate -licm  -simplifycfg -loop-simplify -indvars -instcombine  -simplifycfg -mem2reg -loop-simplify -indvars -instcombine  -gvn -gvn -instcombine -adce  -break-crit-edges  -simplifycfg -loop-delete  -global-array-opt -dce -dse -adce  -find-syn-modules -top do_macc  -deadargelim  -mem2reg -instcombine -dce  -presyn-prepare -auto-rom-infer  -interface-preproc  -syn-check -check-rec-only  -find-region -simplifycfg -func-extr -function-inline  -globaldce -mem2reg -instcombine -dce   -gvn -globaldce -adce -adse  -constprop -instcombine -bit-constprop  -instcombine -dce -simplifycfg -bitop-raise  -simplifycfg -dce -loop-delete -reassociate  -globalopt -global-privatize -mem2reg -dce  -global-constprop -pointer-simplify -constprop -dce  -func-inst -deadargelim  -promote-dbg-pointer  -norm-name   /home/sem14h17/MA/ma_hls/squeezenet/solution1/.autopilot/db/a.g.0.bc -o /home/sem14h17/MA/ma_hls/squeezenet/solution1/.autopilot/db/a.g.1.bc -f  -phase std-opt
@I [HLS-0] Std xform time: 0 seconds per iteration
@I [HLS-100] Command "is_encrypted /home/sem14h17/MA/ma_hls/squeezenet/solution1/.autopilot/db/a.g.1.bc "
@I [HLS-100] Command 'is_encrypted' returned 0; elapsed 0Total elapsed time: 2.596 sec.
@I [HLS-10] Checking synthesizability ...
@0 [HLS-0] Checking synthesizability ...
@I [HLS-0] syn check 1/2: transform -hls -syn-check -check-rec-only -disaggr -scalarrepl -norm-name -dce  -mem2reg -instcombine  -function-uniquify -directive-preproc -mem2reg -dse -dce -auto-rom-infer -dce  -array-normalize -instcombine -dce  -array-seg-normalize -instcombine -dce  -array-flatten -instcombine -dce  -array-burst -dce  -deadargelim -promote-global-argument  -function-inline -globaldce -dce  -doublePtrSimplify -doublePtrElim -dce  -doublePtrSimplify -promote-dbg-pointer  -dce -scalarrepl -dse -adse -instcombine  -ptrLegalization  -simplifycfg -dce -instcombine  -pointer-simplify -ptrArgReplace -dce -instcombine   -disaggr -scalarrepl -norm-name -dce  -mem2reg -instcombine -ptrLegalization   -simplifycfg -deadargelim  -instcombine -dce -inst-simplify  -function-uniquify -directive-preproc -mem2reg -dse -dce  -globaldce    /home/sem14h17/MA/ma_hls/squeezenet/solution1/.autopilot/db/a.g.1.bc -o /home/sem14h17/MA/ma_hls/squeezenet/solution1/.autopilot/db/a.g.2.prechk.bc -f
@I [HLS-0] Syn check 1/2 time: 0 seconds per iteration
@I [HLS-0] syn check 2/2: transform -syn-check   /home/sem14h17/MA/ma_hls/squeezenet/solution1/.autopilot/db/a.g.2.prechk.bc -o /home/sem14h17/MA/ma_hls/squeezenet/solution1/.autopilot/db/a.g.2.bc -f  -phase syn-check
@I [HLS-0] Syn check 2/2 time: 0 seconds per iteration
@I [HLS-0] Compiler optimizing ...
@I [HLS-0] Share syncheck's 1.bc for syn flow: copy /home/sem14h17/MA/ma_hls/squeezenet/solution1/.autopilot/db/a.g.1.bc to /home/sem14h17/MA/ma_hls/squeezenet/solution1/.autopilot/db/a.o.1.bc
@I [HLS-0] presyn 1: transform -hls -tmp /home/sem14h17/MA/ma_hls/squeezenet/solution1/.autopilot/db -type-info  -function-uniquify -directive-preproc -mem2reg -dse -dce  -disaggr -scalarrepl -norm-name -deadargelim  -mem2reg -instcombine -dce -auto-rom-infer -dce -function-uniquify  -resource-proc  -clib-intrinsic-prepare -dce  -func-buffer -dce -array-normalize  -func-legal -instcombine -gvn -constprop -dce   -ptrArgReplace -mem2reg -instcombine -dce  -array-seg-normalize -deadargelim  -instcombine -dce  -pointer-simplify -dce  -port-alignment -dce  -interface-preproc  -data-pack -instcombine -dce   -basicaa -aggr-aa -aggrmodref-aa -aggr-aa -gvn -gvn  -basicaa -aggr-aa -aggrmodref-aa -aggr-aa -dse -adse -adce  -loop-simplify -indvars -instcombine  -gvn -loop-simplify -mem2reg -dce -simplifycfg  -find-region -instcombine  -auto-loop-pipeline  -inst-simplify  -interface-preproc  -indvars -auto-loop-unroll -loop-simplify -loop-bound -xunroll  -constprop -instcombine -simplifycfg -indvars  -simplifycfg -dce -globaldce  -attach-range  -gvn -inst-simplify  -constprop -simplifycfg -dce  -pointer-simplify -dce  -globalopt -constprop -dce  -array-promote -constprop -instcombine -dce  -ptrArgReplace -mem2reg  -instcombine -simplifycfg -dce  -auto-par -instcombine -dce  -array-transform-check  -array-reshape -instcombine -simplifycfg -dce  -ptrArgReplace -deadargelim -mem2reg  -instcombine -simplifycfg -dce   -duplicate-dataflow-processes -globaldce  -array-partition -instcombine -simplifycfg -dce  -ptrArgReplace -global-constprop -deadargelim -mem2reg  -func-legal -instcombine -dce -global-constprop -deadargelim -mem2reg  -instcombine -simplifycfg -dce   -globalopt -constprop -dce  -array-promote -constprop -instcombine -dce  -ptrArgReplace -mem2reg  -instcombine -simplifycfg -dce   -mem-intrinsic-preproc -dce  -global-privatize  -mem2reg -globaldce  -promote-global-argument  -ptrArgReplace -mem2reg -instcombine -dce  -globalopt -mergereturn -simplify-global-access -mem2reg -dce  -pointer-simplify -dce  -functionattrs  -basicaa -aggr-aa -aggrmodref-aa -aggr-aa -gvn -gvn  -basicaa -aggr-aa -aggrmodref-aa -aggr-aa -dse -adse -adce  -inst-simplify -dce -norm-name  -function-inline -globaldce  -func-inst -constprop -instcombine -simplifycfg -dce  -func-legal -dce   -loop-bound  -arraycheck -bitwidthmin -on-by-dataflow  -loop-delete -instcombine -simplifycfg  -globaldce -dce -gvn -deadargelim -dce -loop-simplify -clean-region -simplifycfg -propagate-stable-arguments  -loop-stream -instcombine -simplifycfg -dce -globaldce  -stream-intrinsic-preproc -dce  -check-ap-stream -loop-simplify -eliminate-keepreads  -extract-dataflow-in-loop -loop-simplify -dce -gvn -deadargelim  -check-dataflow-syntax  -legalize-stream-variable -legalize-global -legalize-global-1  -extract-subproc -dce -dead-channel-elimination  -canonicalize-gep -globaldce -dce -gvn -deadargelim  -scalar-propagation -deadargelim -globaldce -mem2reg  -check-dataflow-channels -function-stream -dce -globaldce  -prop-fifo-spec -internal-stream-gen  -canonicalize-gep -globaldce -dce -gvn -deadargelim   -mergereturn -indvars -loop-simplify  -array-stream -instcombine -simplifycfg -dce  -bundle-memfifo-ops -deadargelim    -function-uniquify -directive-preproc -mem2reg -dse -dce  -group-axi-access    -licm -simplifycfg -dce -loop-delete  -norm-name  /home/sem14h17/MA/ma_hls/squeezenet/solution1/.autopilot/db/a.o.1.bc -o /home/sem14h17/MA/ma_hls/squeezenet/solution1/.autopilot/db/a.o.1.tmp.bc -f
@I [XFORM-502] Unrolling all loops for pipelining in function 'processing_element::macc' (processing_element.cpp:5:33).
@I [XFORM-501] Unrolling loop 'L_multiply' (processing_element.cpp:9) in function 'processing_element::macc' completely.
@I [XFORM-501] Unrolling loop 'L_accumulate' (processing_element.cpp:16) in function 'processing_element::macc' completely.
@I [XFORM-501] Unrolling loop 'L_assign' (processing_element.cpp:22) in function 'processing_element::macc' completely.
@I [XFORM-102] Partitioning array 'PE.products' automatically.
@I [HLS-0] Presyn 1 time: 0 seconds per iteration
@I [HLS-0] presyn 2: transform -hls -keep-callgraph -scalarrepl -mem2reg  -port-alignment -attach-range -dce  -pipe-mux-gen  -indvars -loop-bound  -inst-simplify -instcombine -dce  -merge-array-access -mem2reg -dce  -clean-region -mergereturn -if-conv  -instcombine -dce -constprop  -basicaa -aggr-aa -aggrmodref-aa -aggr-aa -gvn -gvn  -basicaa -aggr-aa -aggrmodref-aa -aggr-aa -dse -adse -adce  -scalarrepl -mem2reg  -global-constprop -deadargelim -deadargelim  -instcombine -dce -simplifycfg    -ptrArgReplace -mem2reg -function-inline  -globaldce -mem2reg -instcombine -dce -expr-balance  -instcombine -dce  -bitwidthmin  -directive-preproc  -inst-rectify -instcombine -dce  -functionattrs  -constprop -instcombine -bit-constprop  -simplify-global-access  -globalopt -globaldce  -inst-simplify -instcombine -elimdeaddata -dce  -loop-delete -simplifycfg   -norm-name /home/sem14h17/MA/ma_hls/squeezenet/solution1/.autopilot/db/a.o.1.tmp.bc -o /home/sem14h17/MA/ma_hls/squeezenet/solution1/.autopilot/db/a.o.2.bc -f  -phase presyn
@I [HLS-0] Presyn 2 time: 0 seconds per iteration
@I [HLS-100] Command "is_encrypted /home/sem14h17/MA/ma_hls/squeezenet/solution1/.autopilot/db/a.o.2.bc "
@I [HLS-100] Command 'is_encrypted' returned 0; elapsed 0Total elapsed time: 2.948 sec.
@I [HLS-0] build ssdm: transform -hls  -function-uniquify -auto-function-inline -globaldce  -ptrArgReplace -mem2reg -instcombine -dce  -reset-lda  -loop-simplify -indvars -licm -loop-dep  -loop-bound -licm -loop-simplify -flattenloopnest  -array-flatten -gvn -instcombine -dce  -array-map -dce -func-legal  -gvn -adce -instcombine -cfgopt -simplifycfg -loop-simplify   -array-burst -promote-global-argument -dce  -axi4-lower -array-seg-normalize  -basicaa -aggrmodref-aa -globalsmodref-aa -aggr-aa -gvn -gvn  -basicaa -aggrmodref-aa -globalsmodref-aa -aggr-aa -dse -adse -adce -licm  -inst-simplify -dce  -globaldce -array-stream -eliminate-keepreads -instcombine  -dce   -deadargelim -doublePtrSimplify  -doublePtrElim -dce -doublePtrSimplify -promote-dbg-pointer  -dce -scalarrepl -mem2reg -disaggr -norm-name -mem2reg  -instcombine  -dse -adse -adce -ptrLegalization -dce -auto-rom-infer -array-flatten -dce -instcombine  -loop-rot -constprop -cfgopt -simplifycfg -loop-simplify -indvars -pointer-simplify -dce -loop-bound  -loop-simplify -loop-preproc  -constprop -global-constprop -gvn -mem2reg -instcombine -dce  -loop-merge -dce  -bitwidthmin  -deadargelim -dce  -scalar-propagation -deadargelim -globaldce -mem2reg  -interface-preproc -interface-gen  -deadargelim -directive-preproc -inst-simplify -dce  -gvn -mem2reg -instcombine -dce -adse  -loop-bound  -instcombine -cfgopt -simplifycfg -loop-simplify  -clean-region -io-protocol  -find-region -mem2reg  -bitop-raise  -inst-simplify -inst-rectify -instcombine -adce -deadargelim  -loop-simplify -phi-opt -bitop-raise  -cfgopt -simplifycfg -strip-dead-prototypes  -interface-lower -bitop-lower -intrinsic-lower -auto-function-inline  -basicaa -aggrmodref-aa -globalsmodref-aa -aggr-aa  -inst-simplify -simplifycfg   -mergereturn -inst-simplify -inst-rectify  -dce -bitop-lower  -loop-rewind -pointer-simplify -dce -cfgopt  -read-loop-dep -dce -bitwidth -norm-name -legalize    -cdfg-build  /home/sem14h17/MA/ma_hls/squeezenet/solution1/.autopilot/db/a.o.2.bc -o /home/sem14h17/MA/ma_hls/squeezenet/solution1/.autopilot/db/a.o.3.bc -f  -phase build-ssdm
@W [XFORM-631] Renaming function 'processing_element::macc' (processing_element.cpp:3) into macc.
@I [HLS-0] Build ssdm time: 0 seconds per iteration
@I [HLS-100] Command "is_encrypted /home/sem14h17/MA/ma_hls/squeezenet/solution1/.autopilot/db/a.o.3.bc "
@I [HLS-100] Command 'is_encrypted' returned 0; elapsed 0Total elapsed time: 3.41 sec.
@I [HLS-0] Finish building internal data model.
@I [HLS-100] Command 'opt_and_import_c' returned 0; elapsed 0.38Total elapsed time: 3.79 sec.
@I [HLS-111] Elapsed time: 0.97 seconds; current memory usage: 0.179 MB.
@I [HLS-100] Command 'elaborate' returned 0; elapsed 0.42Total elapsed time: 3.79 sec.
@I [HLS-100] Command "autosyn "
@I [HLS-10] Starting hardware synthesis ...
@0 [HLS-0] Starting hardware synthesis ...
@I [HLS-0] Synthesizing C/C++ design ...
@I [HLS-10] Synthesizing 'do_macc' ...
@0 [HLS-0] Synthesizing 'do_macc' ...
@I [HLS-100] Command "ap_set_top_model do_macc "
@I [HLS-100] Command 'ap_set_top_model' returned 0; elapsed 0Total elapsed time: 3.80 sec.
@I [HLS-100] Command "get_model_list do_macc -filter all-wo-channel -topdown "
@I [HLS-100] Command 'get_model_list' returned 0; elapsed 0Total elapsed time: 3.80 sec.
@I [HLS-100] Command "preproc_iomode -model do_macc "
@I [HLS-100] Command 'preproc_iomode' returned 0; elapsed 0Total elapsed time: 3.80 sec.
@I [HLS-100] Command "preproc_iomode -model do_macc_macc "
@I [HLS-100] Command 'preproc_iomode' returned 0; elapsed 0Total elapsed time: 3.80 sec.
@I [HLS-100] Command "get_model_list do_macc -filter all-wo-channel "
@I [HLS-100] Command 'get_model_list' returned 0; elapsed 0Total elapsed time: 3.80 sec.
@I [HLS-0] Model list for configure: do_macc_macc do_macc
@I [HLS-0] Configuring Module : do_macc_macc ...
@I [HLS-100] Command "set_default_model do_macc_macc "
@I [HLS-100] Command 'set_default_model' returned 0; elapsed 0Total elapsed time: 3.81 sec.
@I [HLS-100] Command "apply_spec_resource_limit do_macc_macc "
@I [HLS-100] Command 'apply_spec_resource_limit' returned 0; elapsed 0Total elapsed time: 3.81 sec.
@I [HLS-0] Configuring Module : do_macc ...
@I [HLS-100] Command "set_default_model do_macc "
@I [HLS-100] Command 'set_default_model' returned 0; elapsed 0Total elapsed time: 3.81 sec.
@I [HLS-100] Command "apply_spec_resource_limit do_macc "
@I [HLS-100] Command 'apply_spec_resource_limit' returned 0; elapsed 0Total elapsed time: 3.81 sec.
@I [HLS-0] Model list for preprocess: do_macc_macc do_macc
@I [HLS-0] Preprocessing Module: do_macc_macc ...
@I [HLS-100] Command "set_default_model do_macc_macc "
@I [HLS-100] Command 'set_default_model' returned 0; elapsed 0Total elapsed time: 3.81 sec.
@I [HLS-100] Command "cdfg_preprocess -model do_macc_macc "
@I [HLS-100] Command 'cdfg_preprocess' returned 0; elapsed 0Total elapsed time: 3.81 sec.
@I [HLS-100] Command "rtl_gen_preprocess do_macc_macc "
@I [HLS-100] Command 'rtl_gen_preprocess' returned 0; elapsed 0Total elapsed time: 3.82 sec.
@I [HLS-0] Preprocessing Module: do_macc ...
@I [HLS-100] Command "set_default_model do_macc "
@I [HLS-100] Command 'set_default_model' returned 0; elapsed 0Total elapsed time: 3.82 sec.
@I [HLS-100] Command "cdfg_preprocess -model do_macc "
@I [HLS-100] Command 'cdfg_preprocess' returned 0; elapsed 0Total elapsed time: 3.82 sec.
@I [HLS-100] Command "rtl_gen_preprocess do_macc "
@I [HLS-100] Command 'rtl_gen_preprocess' returned 0; elapsed 0Total elapsed time: 3.83 sec.
@I [HLS-0] Model list for synthesis: do_macc_macc do_macc
@I [HLS-10] ----------------------------------------------------------------
@0 [HLS-0] ----------------------------------------------------------------
@I [HLS-10] -- Scheduling module 'do_macc_macc' 
@0 [HLS-0] -- Scheduling module 'do_macc_macc' 
@I [HLS-10] ----------------------------------------------------------------
@0 [HLS-0] ----------------------------------------------------------------
@I [HLS-100] Command "set_default_model do_macc_macc "
@I [HLS-100] Command 'set_default_model' returned 0; elapsed 0Total elapsed time: 3.83 sec.
@I [HLS-100] Command "schedule -model do_macc_macc "
@I [SCHED-11] Starting scheduling ...
@I [SCHED-61] Pipelining function 'do_macc_macc'.
@W [SCHED-69] Unable to schedule 'load' operation ('img_in_load_2', processing_element.cpp:10) on array 'img_in' due to limited memory ports.
@I [SCHED-61] Pipelining result: Target II: 1, Final II: 5, Depth: 54.
@I [SCHED-11] Finished scheduling.
@I [HLS-100] Command 'schedule' returned 0; elapsed 0.15Total elapsed time: 3.231 sec.
@I [HLS-111] Elapsed time: 0.15 seconds; current memory usage: 0.179 MB.
@I [HLS-100] Command "report -o /home/sem14h17/MA/ma_hls/squeezenet/solution1/.autopilot/db/do_macc_macc.verbose.sched.rpt -verbose -f "
@I [HLS-100] Command 'report' returned 0; elapsed 0Total elapsed time: 3.243 sec.
@I [HLS-100] Command "db_write -o /home/sem14h17/MA/ma_hls/squeezenet/solution1/.autopilot/db/do_macc_macc.sched.adb -f "
@I [HLS-100] Command 'db_write' returned 0; elapsed 0Total elapsed time: 3.256 sec.
@I [HLS-0] Finish scheduling do_macc_macc.
@I [HLS-10] ----------------------------------------------------------------
@0 [HLS-0] ----------------------------------------------------------------
@I [HLS-10] -- Exploring micro-architecture for module 'do_macc_macc' 
@0 [HLS-0] -- Exploring micro-architecture for module 'do_macc_macc' 
@I [HLS-10] ----------------------------------------------------------------
@0 [HLS-0] ----------------------------------------------------------------
@I [HLS-100] Command "set_default_model do_macc_macc "
@I [HLS-100] Command 'set_default_model' returned 0; elapsed 0Total elapsed time: 3.260 sec.
@I [HLS-100] Command "bind -model do_macc_macc "
@I [BIND-110] clear=
@I [BIND-110] debug=
@I [BIND-110] drf=
@I [BIND-110] effort=
@I [BIND-110] fast_refine=
@I [BIND-110] fu_weight=[ 0.0 -- 1.0 ]
@I [BIND-110] global_opt=
@I [BIND-110] gsearch=
@I [BIND-110] help=
@I [BIND-110] help-hidden=
@I [BIND-110] min_mem_port=
@I [BIND-110] min_op=
@I [BIND-110] minreg=
@I [BIND-110] ml=
@I [BIND-110] model=do_macc_macc
@I [BIND-110] no_false_path=
@I [BIND-110] no_min_op=
@I [BIND-110] normalize=
@I [BIND-110] quiet=
@I [BIND-110] refine=
@I [BIND-110] reg_weight=[ 0.0 -- 1.0 ]
@I [BIND-110] search=
@I [BIND-110] tight_delay=
@I [BIND-110] verbose=
@I [BIND-110] wFF=
@I [BIND-110] wFU=
@I [BIND-110] wMUX=
@I [BIND-110] wNET=
@I [BIND-100] Starting micro-architecture generation ...
@I [BIND-101] Performing variable lifetime analysis.
@I [BIND-101] Exploring resource sharing.
@I [BIND-101] Binding ...
@I [BIND-100] Finished micro-architecture generation.
@I [HLS-100] Command 'bind' returned 0; elapsed 0.02Total elapsed time: 3.275 sec.
@I [HLS-111] Elapsed time: 0.02 seconds; current memory usage: 0.179 MB.
@I [HLS-100] Command "report -o /home/sem14h17/MA/ma_hls/squeezenet/solution1/.autopilot/db/do_macc_macc.verbose.bind.rpt -verbose -f "
@I [HLS-100] Command 'report' returned 0; elapsed 0.02Total elapsed time: 3.304 sec.
@I [HLS-100] Command "db_write -o /home/sem14h17/MA/ma_hls/squeezenet/solution1/.autopilot/db/do_macc_macc.bind.adb -f "
@I [HLS-100] Command 'db_write' returned 0; elapsed 0.01Total elapsed time: 3.322 sec.
@I [HLS-0] Finish binding do_macc_macc.
@I [HLS-10] ----------------------------------------------------------------
@0 [HLS-0] ----------------------------------------------------------------
@I [HLS-10] -- Scheduling module 'do_macc' 
@0 [HLS-0] -- Scheduling module 'do_macc' 
@I [HLS-10] ----------------------------------------------------------------
@0 [HLS-0] ----------------------------------------------------------------
@I [HLS-100] Command "set_default_model do_macc "
@I [HLS-100] Command 'set_default_model' returned 0; elapsed 0Total elapsed time: 3.323 sec.
@I [HLS-100] Command "schedule -model do_macc "
@I [SCHED-11] Starting scheduling ...
@I [SCHED-11] Finished scheduling.
@I [HLS-100] Command 'schedule' returned 0; elapsed 0Total elapsed time: 3.334 sec.
@I [HLS-111] Elapsed time: 0.03 seconds; current memory usage: 0.179 MB.
@I [HLS-100] Command "report -o /home/sem14h17/MA/ma_hls/squeezenet/solution1/.autopilot/db/do_macc.verbose.sched.rpt -verbose -f "
@I [HLS-100] Command 'report' returned 0; elapsed 0Total elapsed time: 3.341 sec.
@I [HLS-100] Command "db_write -o /home/sem14h17/MA/ma_hls/squeezenet/solution1/.autopilot/db/do_macc.sched.adb -f "
@I [HLS-100] Command 'db_write' returned 0; elapsed 0.01Total elapsed time: 3.348 sec.
@I [HLS-0] Finish scheduling do_macc.
@I [HLS-10] ----------------------------------------------------------------
@0 [HLS-0] ----------------------------------------------------------------
@I [HLS-10] -- Exploring micro-architecture for module 'do_macc' 
@0 [HLS-0] -- Exploring micro-architecture for module 'do_macc' 
@I [HLS-10] ----------------------------------------------------------------
@0 [HLS-0] ----------------------------------------------------------------
@I [HLS-100] Command "set_default_model do_macc "
@I [HLS-100] Command 'set_default_model' returned 0; elapsed 0Total elapsed time: 3.349 sec.
@I [HLS-100] Command "bind -model do_macc "
@I [BIND-110] clear=
@I [BIND-110] debug=
@I [BIND-110] drf=
@I [BIND-110] effort=
@I [BIND-110] fast_refine=
@I [BIND-110] fu_weight=[ 0.0 -- 1.0 ]
@I [BIND-110] global_opt=
@I [BIND-110] gsearch=
@I [BIND-110] help=
@I [BIND-110] help-hidden=
@I [BIND-110] min_mem_port=
@I [BIND-110] min_op=
@I [BIND-110] minreg=
@I [BIND-110] ml=
@I [BIND-110] model=do_macc
@I [BIND-110] no_false_path=
@I [BIND-110] no_min_op=
@I [BIND-110] normalize=
@I [BIND-110] quiet=
@I [BIND-110] refine=
@I [BIND-110] reg_weight=[ 0.0 -- 1.0 ]
@I [BIND-110] search=
@I [BIND-110] tight_delay=
@I [BIND-110] verbose=
@I [BIND-110] wFF=
@I [BIND-110] wFU=
@I [BIND-110] wMUX=
@I [BIND-110] wNET=
@I [BIND-100] Starting micro-architecture generation ...
@I [BIND-101] Performing variable lifetime analysis.
@I [BIND-101] Exploring resource sharing.
@I [BIND-101] Binding ...
@I [BIND-100] Finished micro-architecture generation.
@I [HLS-100] Command 'bind' returned 0; elapsed 0.02Total elapsed time: 3.374 sec.
@I [HLS-111] Elapsed time: 0.03 seconds; current memory usage: 0.179 MB.
@I [HLS-100] Command "report -o /home/sem14h17/MA/ma_hls/squeezenet/solution1/.autopilot/db/do_macc.verbose.bind.rpt -verbose -f "
@I [HLS-100] Command 'report' returned 0; elapsed 0.03Total elapsed time: 3.400 sec.
@I [HLS-100] Command "db_write -o /home/sem14h17/MA/ma_hls/squeezenet/solution1/.autopilot/db/do_macc.bind.adb -f "
@I [HLS-100] Command 'db_write' returned 0; elapsed 0Total elapsed time: 3.408 sec.
@I [HLS-0] Finish binding do_macc.
@I [HLS-100] Command "get_model_list do_macc -filter all-wo-channel "
@I [HLS-100] Command 'get_model_list' returned 0; elapsed 0Total elapsed time: 3.408 sec.
@I [HLS-0] Preprocessing for RTLGen ...
@I [HLS-100] Command "rtl_gen_preprocess do_macc_macc "
@I [HLS-100] Command 'rtl_gen_preprocess' returned 0; elapsed 0Total elapsed time: 3.409 sec.
@I [HLS-100] Command "rtl_gen_preprocess do_macc "
@I [HLS-100] Command 'rtl_gen_preprocess' returned 0; elapsed 0Total elapsed time: 3.409 sec.
@I [HLS-0] Model list for RTL generation: do_macc_macc do_macc
@I [HLS-10] ----------------------------------------------------------------
@0 [HLS-0] ----------------------------------------------------------------
@I [HLS-10] -- Generating RTL for module 'do_macc_macc' 
@0 [HLS-0] -- Generating RTL for module 'do_macc_macc' 
@I [HLS-10] ----------------------------------------------------------------
@0 [HLS-0] ----------------------------------------------------------------
@I [HLS-100] Command "create_rtl_model do_macc_macc -vendor xilinx -mg_file /home/sem14h17/MA/ma_hls/squeezenet/solution1/.autopilot/db/do_macc_macc.compgen.tcl "
@I [RTGEN-100] Generating core module 'do_macc_fadd_32ns_32ns_32_5_full_dsp': 2 instance(s).
@I [RTGEN-100] Generating core module 'do_macc_fmul_32ns_32ns_32_4_max_dsp': 2 instance(s).
@I [RTGEN-100] Finished creating RTL model for 'do_macc_macc'.
@I [HLS-100] Command 'create_rtl_model' returned 0; elapsed 0.03Total elapsed time: 3.454 sec.
@I [HLS-111] Elapsed time: 0.07 seconds; current memory usage: 0.179 MB.
@I [HLS-100] Command "source /home/sem14h17/MA/ma_hls/squeezenet/solution1/.autopilot/db/do_macc.rtl_wrap.cfg.tcl "
@I [HLS-100] Command 'ap_source' returned 0; elapsed 0Total elapsed time: 3.457 sec.
@I [HLS-100] Command "gen_rtl do_macc_macc -style xilinx -tracefl mytrace -tracefmt vcd -traceopt all -f -lang sc -o /home/sem14h17/MA/ma_hls/squeezenet/solution1/syn/systemc/do_macc_macc -synmodules do_macc_macc do_macc "
@I [HLS-100] Command 'gen_rtl' returned 0; elapsed 0.01Total elapsed time: 3.466 sec.
@I [HLS-100] Command "gen_rtl do_macc_macc -style xilinx -f -lang vhdl -o /home/sem14h17/MA/ma_hls/squeezenet/solution1/syn/vhdl/do_macc_macc "
@I [HLS-100] Command 'gen_rtl' returned 0; elapsed 0Total elapsed time: 3.472 sec.
@I [HLS-100] Command "gen_rtl do_macc_macc -style xilinx -f -lang vlog -o /home/sem14h17/MA/ma_hls/squeezenet/solution1/syn/verilog/do_macc_macc "
@I [HLS-100] Command 'gen_rtl' returned 0; elapsed 0Total elapsed time: 3.478 sec.
@I [HLS-100] Command "gen_tb_info do_macc_macc -o /home/sem14h17/MA/ma_hls/squeezenet/solution1/.autopilot/db/do_macc_macc -p /home/sem14h17/MA/ma_hls/squeezenet/solution1/.autopilot/db "
@I [HLS-100] Command 'gen_tb_info' returned 0; elapsed 0.01Total elapsed time: 3.493 sec.
@I [HLS-100] Command "report -model do_macc_macc -o /home/sem14h17/MA/ma_hls/squeezenet/solution1/syn/report/do_macc_macc_csynth.rpt -f "
@I [HLS-100] Command 'report' returned 0; elapsed 0.01Total elapsed time: 3.506 sec.
@I [HLS-100] Command "report -model do_macc_macc -o /home/sem14h17/MA/ma_hls/squeezenet/solution1/syn/report/do_macc_macc_csynth.xml -f -x "
@I [HLS-100] Command 'report' returned 0; elapsed 0Total elapsed time: 3.515 sec.
@I [HLS-100] Command "report -model do_macc_macc -o /home/sem14h17/MA/ma_hls/squeezenet/solution1/.autopilot/db/do_macc_macc.verbose.rpt -verbose -f "
@I [HLS-100] Command 'report' returned 0; elapsed 0.04Total elapsed time: 3.552 sec.
@I [HLS-100] Command "db_write -model do_macc_macc -o /home/sem14h17/MA/ma_hls/squeezenet/solution1/.autopilot/db/do_macc_macc.adb -f "
@I [HLS-100] Command 'db_write' returned 0; elapsed 0.01Total elapsed time: 3.577 sec.
@I [HLS-10] ----------------------------------------------------------------
@0 [HLS-0] ----------------------------------------------------------------
@I [HLS-10] -- Generating RTL for module 'do_macc' 
@0 [HLS-0] -- Generating RTL for module 'do_macc' 
@I [HLS-10] ----------------------------------------------------------------
@0 [HLS-0] ----------------------------------------------------------------
@I [HLS-100] Command "create_rtl_model do_macc -vendor xilinx -mg_file /home/sem14h17/MA/ma_hls/squeezenet/solution1/.autopilot/db/do_macc.compgen.tcl "
@I [RTGEN-500] Setting interface mode on port 'do_macc/img_in' to 'ap_memory'.
@I [RTGEN-500] Setting interface mode on port 'do_macc/filt_in' to 'ap_memory'.
@I [RTGEN-500] Setting interface mode on port 'do_macc/sum_out' to 'ap_vld'.
@I [RTGEN-500] Setting interface mode on port 'do_macc/prod_out' to 'ap_memory'.
@I [RTGEN-500] Setting interface mode on function 'do_macc' to 'ap_ctrl_hs'.
@I [RTGEN-100] Finished creating RTL model for 'do_macc'.
@I [HLS-100] Command 'create_rtl_model' returned 0; elapsed 0.13Total elapsed time: 3.737 sec.
@I [HLS-111] Elapsed time: 0.23 seconds; current memory usage: 0.179 MB.
@I [HLS-100] Command "source /home/sem14h17/MA/ma_hls/squeezenet/solution1/.autopilot/db/do_macc.rtl_wrap.cfg.tcl "
@I [HLS-100] Command 'ap_source' returned 0; elapsed 0Total elapsed time: 3.739 sec.
@I [HLS-100] Command "gen_rtl do_macc -istop -style xilinx -tracefl mytrace -tracefmt vcd -traceopt all -f -lang sc -o /home/sem14h17/MA/ma_hls/squeezenet/solution1/syn/systemc/do_macc -synmodules do_macc_macc do_macc "
@I [HLS-100] Command 'gen_rtl' returned 0; elapsed 0Total elapsed time: 3.750 sec.
@I [HLS-100] Command "gen_rtl do_macc -istop -style xilinx -f -lang vhdl -o /home/sem14h17/MA/ma_hls/squeezenet/solution1/syn/vhdl/do_macc "
@I [HLS-100] Command 'gen_rtl' returned 0; elapsed 0.01Total elapsed time: 3.759 sec.
@I [HLS-100] Command "gen_rtl do_macc -istop -style xilinx -f -lang vlog -o /home/sem14h17/MA/ma_hls/squeezenet/solution1/syn/verilog/do_macc "
@I [HLS-100] Command 'gen_rtl' returned 0; elapsed 0Total elapsed time: 3.767 sec.
@I [HLS-100] Command "export_constraint_db -o /home/sem14h17/MA/ma_hls/squeezenet/solution1/.autopilot/db/do_macc.constraint.tcl -f -tool general "
@I [HLS-100] Command 'export_constraint_db' returned 0; elapsed 0Total elapsed time: 3.769 sec.
@I [HLS-100] Command "report -model do_macc -o /home/sem14h17/MA/ma_hls/squeezenet/solution1/.autopilot/db/do_macc.design.xml -verbose -f -dv "
@I [HLS-100] Command 'report' returned 0; elapsed 0.02Total elapsed time: 3.788 sec.
@I [HLS-100] Command "report -model do_macc -o /home/sem14h17/MA/ma_hls/squeezenet/solution1/.autopilot/db/do_macc.sdaccel.xml -verbose -f -sdaccel "
@I [HLS-100] Command 'report' returned 0; elapsed 0Total elapsed time: 3.794 sec.
@I [HLS-100] Command "gen_tb_info do_macc -o /home/sem14h17/MA/ma_hls/squeezenet/solution1/.autopilot/db/do_macc -p /home/sem14h17/MA/ma_hls/squeezenet/solution1/.autopilot/db "
@I [HLS-100] Command 'gen_tb_info' returned 0; elapsed 0Total elapsed time: 3.807 sec.
@I [HLS-100] Command "report -model do_macc -o /home/sem14h17/MA/ma_hls/squeezenet/solution1/syn/report/do_macc_csynth.rpt -f "
@I [HLS-100] Command 'report' returned 0; elapsed 0.01Total elapsed time: 3.812 sec.
@I [HLS-100] Command "report -model do_macc -o /home/sem14h17/MA/ma_hls/squeezenet/solution1/syn/report/do_macc_csynth.xml -f -x "
@I [HLS-100] Command 'report' returned 0; elapsed 0Total elapsed time: 3.816 sec.
@I [HLS-100] Command "report -model do_macc -o /home/sem14h17/MA/ma_hls/squeezenet/solution1/.autopilot/db/do_macc.verbose.rpt -verbose -f "
@I [HLS-100] Command 'report' returned 0; elapsed 0.02Total elapsed time: 3.844 sec.
@I [HLS-100] Command "db_write -model do_macc -o /home/sem14h17/MA/ma_hls/squeezenet/solution1/.autopilot/db/do_macc.adb -f "
@I [HLS-100] Command 'db_write' returned 0; elapsed 0.01Total elapsed time: 3.855 sec.
@I [HLS-100] Command "sc_get_clocks do_macc "
@I [HLS-100] Command 'sc_get_clocks' returned 0; elapsed 0Total elapsed time: 3.867 sec.
@I [HLS-100] Command "sc_get_portdomain do_macc "
@I [HLS-100] Command 'sc_get_portdomain' returned 0; elapsed 0Total elapsed time: 3.867 sec.
@I [HLS-0] Model list for RTL component generation: do_macc_macc do_macc
@I [HLS-0] Handling components in module [do_macc_macc] ... 
@I [HLS-100] Command "source /home/sem14h17/MA/ma_hls/squeezenet/solution1/.autopilot/db/do_macc_macc.compgen.tcl "
@I [HLS-0] Found component do_macc_fadd_32ns_32ns_32_5_full_dsp.
@I [HLS-0] Append model do_macc_fadd_32ns_32ns_32_5_full_dsp
@I [HLS-0] Found component do_macc_fmul_32ns_32ns_32_4_max_dsp.
@I [HLS-0] Append model do_macc_fmul_32ns_32ns_32_4_max_dsp
@I [HLS-100] Command 'ap_source' returned 0; elapsed 0Total elapsed time: 3.872 sec.
@I [HLS-0] Handling components in module [do_macc] ... 
@I [HLS-100] Command "source /home/sem14h17/MA/ma_hls/squeezenet/solution1/.autopilot/db/do_macc.compgen.tcl "
@I [HLS-100] Command 'ap_source' returned 0; elapsed 0Total elapsed time: 3.875 sec.
@I [HLS-0] Append model do_macc_macc
@I [HLS-0] Append model do_macc
@I [HLS-0] Generating RTL model list ...
@I [HLS-0] All models in this session: do_macc_fadd_32ns_32ns_32_5_full_dsp do_macc_fmul_32ns_32ns_32_4_max_dsp do_macc_macc do_macc
@I [HLS-0] To file: write model do_macc_fadd_32ns_32ns_32_5_full_dsp
@I [HLS-0] To file: write model do_macc_fmul_32ns_32ns_32_4_max_dsp
@I [HLS-0] To file: write model do_macc_macc
@I [HLS-0] To file: write model do_macc
@I [HLS-0] Finished generating RTL model list.


@I [HLS-0] RTL Generation done.
@I [HLS-0] CAS Generation done.
@I [HLS-0] CBC Generation done.
@I [HLS-100] Command "export_ssdm /home/sem14h17/MA/ma_hls/squeezenet/solution1/.autopilot/db/a.export.ll "
@I [HLS-100] Command 'export_ssdm' returned 0; elapsed 0Total elapsed time: 3.882 sec.
@I [HLS-100] Command "source /home/sem14h17/MA/ma_hls/squeezenet/solution1/.autopilot/db/global.setting.tcl "
@I [HLS-100] Command 'ap_source' returned 0; elapsed 0Total elapsed time: 3.889 sec.
@I [HLS-100] Command "source /usr/pack/vivado-2015.4-kgf/Vivado_HLS/2015.4/common/technology/generic/autopilot/common.gen "
@I [HLS-100] Command "source /usr/pack/vivado-2015.4-kgf/Vivado_HLS/2015.4/common/technology/generic/autopilot/APCoreGen.gen "
@I [HLS-100] Command 'ap_source' returned 0; elapsed 0Total elapsed time: 3.892 sec.
@I [HLS-100] Command 'ap_source' returned 0; elapsed 0Total elapsed time: 3.892 sec.
@I [HLS-100] Command "source /usr/pack/vivado-2015.4-kgf/Vivado_HLS/2015.4/common/technology/generic/autopilot/op.gen "
@I [HLS-100] Command 'ap_source' returned 0; elapsed 0Total elapsed time: 3.893 sec.
@I [HLS-100] Command "source /usr/pack/vivado-2015.4-kgf/Vivado_HLS/2015.4/common/technology/generic/autopilot/op_simcore.gen "
@I [HLS-100] Command 'ap_source' returned 0; elapsed 0Total elapsed time: 3.895 sec.
@I [HLS-100] Command "source /usr/pack/vivado-2015.4-kgf/Vivado_HLS/2015.4/common/technology/generic/autopilot/interface.gen "
@I [HLS-100] Command 'ap_source' returned 0; elapsed 0Total elapsed time: 3.895 sec.
@I [HLS-100] Command "source /home/sem14h17/MA/ma_hls/squeezenet/solution1/.autopilot/db/global.setting.tcl "
@I [HLS-100] Command 'ap_source' returned 0; elapsed 0Total elapsed time: 3.896 sec.
@I [HLS-100] Command "source /usr/pack/vivado-2015.4-kgf/Vivado_HLS/2015.4/common/technology/xilinx/zynq/zynq.gen "
@I [HLS-100] Command "source /usr/pack/vivado-2015.4-kgf/Vivado_HLS/2015.4/common/technology/xilinx/common/virtex.gen "
@I [HLS-100] Command "source /usr/pack/vivado-2015.4-kgf/Vivado_HLS/2015.4/common/technology/xilinx/common/xilinx.gen "
@I [HLS-100] Command "source /usr/pack/vivado-2015.4-kgf/Vivado_HLS/2015.4/common/technology/xilinx/interface/plb46.gen "
@I [HLS-100] Command 'ap_source' returned 0; elapsed 0.01Total elapsed time: 3.900 sec.
@I [HLS-100] Command "source /usr/pack/vivado-2015.4-kgf/Vivado_HLS/2015.4/common/technology/xilinx/interface/fsl.gen "
@I [HLS-100] Command 'ap_source' returned 0; elapsed 0Total elapsed time: 3.901 sec.
@I [HLS-100] Command "source /usr/pack/vivado-2015.4-kgf/Vivado_HLS/2015.4/common/technology/xilinx/interface/axi4.gen "
@I [HLS-100] Command 'ap_source' returned 0; elapsed 0Total elapsed time: 3.904 sec.
@I [HLS-100] Command "source /usr/pack/vivado-2015.4-kgf/Vivado_HLS/2015.4/common/technology/xilinx/interface/nativeAXI4.gen "
@I [HLS-100] Command "source /usr/pack/vivado-2015.4-kgf/Vivado_HLS/2015.4/common/technology/xilinx/interface/saxilite.gen "
@I [HLS-100] Command 'ap_source' returned 0; elapsed 0.01Total elapsed time: 3.909 sec.
@I [HLS-100] Command "source /usr/pack/vivado-2015.4-kgf/Vivado_HLS/2015.4/common/technology/xilinx/interface/maxi.gen "
@I [HLS-100] Command 'ap_source' returned 0; elapsed 0Total elapsed time: 3.917 sec.
@I [HLS-100] Command 'ap_source' returned 0; elapsed 0.01Total elapsed time: 3.917 sec.
@I [HLS-100] Command "source /usr/pack/vivado-2015.4-kgf/Vivado_HLS/2015.4/common/technology/xilinx/scripts/xilinxcoregen.gen "
@I [HLS-100] Command 'ap_source' returned 0; elapsed 0.01Total elapsed time: 3.926 sec.
@I [HLS-100] Command "source /usr/pack/vivado-2015.4-kgf/Vivado_HLS/2015.4/common/technology/xilinx/interface/XilEDKCoreGen.gen "
@I [HLS-100] Command 'ap_source' returned 0; elapsed 0.01Total elapsed time: 3.934 sec.
@I [HLS-100] Command "source /usr/pack/vivado-2015.4-kgf/Vivado_HLS/2015.4/common/technology/xilinx/ip/util.gen "
@I [HLS-100] Command 'ap_source' returned 0; elapsed 0Total elapsed time: 3.935 sec.
@I [HLS-100] Command "source /usr/pack/vivado-2015.4-kgf/Vivado_HLS/2015.4/common/technology/xilinx/ip/xfir.gen "
@I [HLS-100] Command 'ap_source' returned 0; elapsed 0.03Total elapsed time: 3.967 sec.
@I [HLS-100] Command "source /usr/pack/vivado-2015.4-kgf/Vivado_HLS/2015.4/common/technology/xilinx/ip/xfft.gen "
@I [HLS-100] Command 'ap_source' returned 0; elapsed 0.1Total elapsed time: 4.68 sec.
@I [HLS-100] Command "source /usr/pack/vivado-2015.4-kgf/Vivado_HLS/2015.4/common/technology/xilinx/ip/dds_compiler.gen "
@I [HLS-100] Command 'ap_source' returned 0; elapsed 0Total elapsed time: 4.72 sec.
@I [HLS-100] Command 'ap_source' returned 0; elapsed 0.17Total elapsed time: 4.72 sec.
@I [HLS-100] Command "source /usr/pack/vivado-2015.4-kgf/Vivado_HLS/2015.4/common/technology/xilinx/common/dsp48.gen "
@I [HLS-100] Command 'ap_source' returned 0; elapsed 0Total elapsed time: 4.74 sec.
@I [HLS-100] Command 'ap_source' returned 0; elapsed 0.17Total elapsed time: 4.74 sec.
@I [HLS-100] Command 'ap_source' returned 0; elapsed 0.17Total elapsed time: 4.74 sec.
@I [HLS-100] Command "source /usr/pack/vivado-2015.4-kgf/Vivado_HLS/2015.4/common/technology/xilinx/zynq/zynq_fpv6.gen "
@I [HLS-100] Command "source /usr/pack/vivado-2015.4-kgf/Vivado_HLS/2015.4/common/technology/xilinx/common/xilinx_fpv6.gen "
@I [HLS-100] Command 'ap_source' returned 0; elapsed 0Total elapsed time: 4.77 sec.
@I [HLS-100] Command 'ap_source' returned 0; elapsed 0Total elapsed time: 4.77 sec.
@I [HLS-100] Command "source /home/sem14h17/MA/ma_hls/squeezenet/solution1/.autopilot/db/global.setting.tcl "
@I [HLS-100] Command 'ap_source' returned 0; elapsed 0Total elapsed time: 4.79 sec.
@I [HLS-100] Command "source /home/sem14h17/MA/ma_hls/squeezenet/solution1/.autopilot/db/global.setting.tcl "
@I [HLS-100] Command 'ap_source' returned 0; elapsed 0.01Total elapsed time: 4.80 sec.
@I [HLS-100] Command "source /home/sem14h17/MA/ma_hls/squeezenet/solution1/.autopilot/db/global.setting.tcl "
@I [HLS-100] Command 'ap_source' returned 0; elapsed 0Total elapsed time: 4.81 sec.
@I [HLS-100] Command "source /home/sem14h17/MA/ma_hls/squeezenet/solution1/.autopilot/db/global.setting.tcl "
@I [HLS-100] Command 'ap_source' returned 0; elapsed 0Total elapsed time: 4.82 sec.
@I [HLS-100] Command "source /home/sem14h17/MA/ma_hls/squeezenet/solution1/.autopilot/db/do_macc_macc.compgen.tcl "
@I [HLS-100] Command 'ap_source' returned 0; elapsed 0.04Total elapsed time: 4.213 sec.
@I [HLS-100] Command "source /home/sem14h17/MA/ma_hls/squeezenet/solution1/.autopilot/db/do_macc.compgen.tcl "
@I [HLS-100] Command 'ap_source' returned 0; elapsed 0Total elapsed time: 4.214 sec.
@I [HLS-10] Finished generating all RTL models.
@0 [HLS-0] Finished generating all RTL models.
@I [WSYSC-301] Generating RTL SystemC for 'do_macc'.
@I [WVHDL-304] Generating RTL VHDL for 'do_macc'.
@I [WVLOG-307] Generating RTL Verilog for 'do_macc'.
@I [HLS-100] Command 'autosyn' returned 0; elapsed 0.84Total elapsed time: 4.383 sec.
@I [HLS-100] Command 'csynth_design' returned 0; elapsed 1.26Total elapsed time: 4.383 sec.
@I [HLS-100] Command 'ap_source' returned 0; elapsed 1.55Total elapsed time: 4.383 sec.
@I [HLS-100] Command "cleanup_all "
@I [HLS-100] Command 'cleanup_all' returned 0; elapsed 0.01Total elapsed time: 4.387 sec.
