

================================================================
== Vivado HLS Report for 'do_macc_macc'
================================================================
* Date:           Fri Apr 15 14:50:41 2016

* Version:        2015.4 (Build 1412921 on Wed Nov 18 09:58:55 AM 2015)
* Project:        squeezenet
* Solution:       solution1
* Product family: zynq
* Target device:  xc7z045fbg676-1


================================================================
== Performance Estimates
================================================================
+ Timing (ns): 
    * Summary: 
    +--------+-------+----------+------------+
    |  Clock | Target| Estimated| Uncertainty|
    +--------+-------+----------+------------+
    |ap_clk  |  10.00|      9.26|        1.25|
    +--------+-------+----------+------------+

+ Latency (clock cycles): 
    * Summary: 
    +-----+-----+-----+-----+----------+
    |  Latency  |  Interval | Pipeline |
    | min | max | min | max |   Type   |
    +-----+-----+-----+-----+----------+
    |   53|   53|    5|    5| function |
    +-----+-----+-----+-----+----------+

    + Detail: 
        * Instance: 
        N/A

        * Loop: 
        N/A



================================================================
== Utilization Estimates
================================================================
* Summary: 
+-----------------+---------+-------+--------+--------+
|       Name      | BRAM_18K| DSP48E|   FF   |   LUT  |
+-----------------+---------+-------+--------+--------+
|DSP              |        -|      -|       -|       -|
|Expression       |        -|      -|       -|       -|
|FIFO             |        -|      -|       -|       -|
|Instance         |        -|     10|     696|    1422|
|Memory           |        -|      -|       -|       -|
|Multiplexer      |        -|      -|       -|     219|
|Register         |        -|      -|     592|     224|
+-----------------+---------+-------+--------+--------+
|Total            |        0|     10|    1288|    1865|
+-----------------+---------+-------+--------+--------+
|Available        |     1090|    900|  437200|  218600|
+-----------------+---------+-------+--------+--------+
|Utilization (%)  |        0|      1|   ~0   |   ~0   |
+-----------------+---------+-------+--------+--------+

+ Detail: 
    * Instance: 
    +-----------------------------------------+--------------------------------------+---------+-------+-----+-----+
    |                 Instance                |                Module                | BRAM_18K| DSP48E|  FF | LUT |
    +-----------------------------------------+--------------------------------------+---------+-------+-----+-----+
    |do_macc_fadd_32ns_32ns_32_5_full_dsp_U1  |do_macc_fadd_32ns_32ns_32_5_full_dsp  |        0|      2|  205|  390|
    |do_macc_fadd_32ns_32ns_32_5_full_dsp_U2  |do_macc_fadd_32ns_32ns_32_5_full_dsp  |        0|      2|  205|  390|
    |do_macc_fmul_32ns_32ns_32_4_max_dsp_U3   |do_macc_fmul_32ns_32ns_32_4_max_dsp   |        0|      3|  143|  321|
    |do_macc_fmul_32ns_32ns_32_4_max_dsp_U4   |do_macc_fmul_32ns_32ns_32_4_max_dsp   |        0|      3|  143|  321|
    +-----------------------------------------+--------------------------------------+---------+-------+-----+-----+
    |Total                                    |                                      |        0|     10|  696| 1422|
    +-----------------------------------------+--------------------------------------+---------+-------+-----+-----+

    * DSP48: 
    N/A

    * Memory: 
    N/A

    * FIFO: 
    N/A

    * Expression: 
    N/A

    * Multiplexer: 
    +------------------------+----+-----------+-----+-----------+
    |          Name          | LUT| Input Size| Bits| Total Bits|
    +------------------------+----+-----------+-----+-----------+
    |ap_NS_fsm               |   1|          6|    1|          6|
    |ap_reg_ppiten_pp0_it0   |   1|          2|    1|          2|
    |ap_reg_ppiten_pp0_it10  |   1|          2|    1|          2|
    |filt_in_address0        |   4|          6|    4|         24|
    |filt_in_address1        |   4|          5|    4|         20|
    |grp_fu_298_p0           |  32|          6|   32|        192|
    |grp_fu_298_p1           |  32|          6|   32|        192|
    |grp_fu_303_p0           |  32|          5|   32|        160|
    |grp_fu_303_p1           |  32|          5|   32|        160|
    |img_in_address0         |   4|          6|    4|         24|
    |img_in_address1         |   4|          5|    4|         20|
    |prod_out_address0       |   4|          6|    4|         24|
    |prod_out_address1       |   4|          5|    4|         20|
    |prod_out_d0             |  32|          3|   32|         96|
    |prod_out_d1             |  32|          3|   32|         96|
    +------------------------+----+-----------+-----+-----------+
    |Total                   | 219|         71|  219|       1038|
    +------------------------+----+-----------+-----+-----------+

    * Register: 
    +--------------------------------------------------------------+----+----+-----+-----------+
    |                             Name                             | FF | LUT| Bits| Const Bits|
    +--------------------------------------------------------------+----+----+-----+-----------+
    |ap_CS_fsm                                                     |   5|   0|    5|          0|
    |ap_reg_ppiten_pp0_it0_preg                                    |   1|   0|    1|          0|
    |ap_reg_ppiten_pp0_it1                                         |   1|   0|    1|          0|
    |ap_reg_ppiten_pp0_it10                                        |   1|   0|    1|          0|
    |ap_reg_ppiten_pp0_it2                                         |   1|   0|    1|          0|
    |ap_reg_ppiten_pp0_it3                                         |   1|   0|    1|          0|
    |ap_reg_ppiten_pp0_it4                                         |   1|   0|    1|          0|
    |ap_reg_ppiten_pp0_it5                                         |   1|   0|    1|          0|
    |ap_reg_ppiten_pp0_it6                                         |   1|   0|    1|          0|
    |ap_reg_ppiten_pp0_it7                                         |   1|   0|    1|          0|
    |ap_reg_ppiten_pp0_it8                                         |   1|   0|    1|          0|
    |ap_reg_ppiten_pp0_it9                                         |   1|   0|    1|          0|
    |ap_reg_ppstg_processing_element_products_1_s_reg_468_pp0_it1  |  32|   0|   32|          0|
    |processing_element_products_1_s_reg_468                       |  32|   0|   32|          0|
    |processing_element_products_2_s_reg_503                       |  32|   0|   32|          0|
    |processing_element_products_3_s_reg_508                       |  32|   0|   32|          0|
    |processing_element_products_4_s_reg_523                       |  32|   0|   32|          0|
    |processing_element_products_5_s_reg_528                       |  32|   0|   32|          0|
    |processing_element_products_6_s_reg_533                       |  32|   0|   32|          0|
    |processing_element_products_7_s_reg_538                       |  32|   0|   32|          0|
    |processing_element_products_8_s_reg_543                       |  32|   0|   32|          0|
    |processing_element_products_reg_463                           |  32|   0|   32|          0|
    |tmp_5_1_reg_553                                               |  32|   0|   32|          0|
    |tmp_5_2_reg_558                                               |  32|   0|   32|          0|
    |tmp_5_3_reg_563                                               |  32|   0|   32|          0|
    |tmp_5_4_reg_568                                               |  32|   0|   32|          0|
    |tmp_5_5_reg_573                                               |  32|   0|   32|          0|
    |tmp_5_6_reg_578                                               |  32|   0|   32|          0|
    |tmp_5_7_reg_583                                               |  32|   0|   32|          0|
    |tmp_s_reg_548                                                 |  32|   0|   32|          0|
    |processing_element_products_2_s_reg_503                       |   0|  32|   32|          0|
    |processing_element_products_3_s_reg_508                       |   0|  32|   32|          0|
    |processing_element_products_4_s_reg_523                       |   0|  32|   32|          0|
    |processing_element_products_5_s_reg_528                       |   0|  32|   32|          0|
    |processing_element_products_6_s_reg_533                       |   0|  32|   32|          0|
    |processing_element_products_7_s_reg_538                       |   0|  32|   32|          0|
    |processing_element_products_8_s_reg_543                       |   0|  32|   32|          0|
    +--------------------------------------------------------------+----+----+-----+-----------+
    |Total                                                         | 592| 224|  816|          0|
    +--------------------------------------------------------------+----+----+-----+-----------+



================================================================
== Interface
================================================================
* Summary: 
+-------------------+-----+-----+------------+--------------+--------------+
|     RTL Ports     | Dir | Bits|  Protocol  | Source Object|    C Type    |
+-------------------+-----+-----+------------+--------------+--------------+
|ap_clk             |  in |    1| ap_ctrl_hs | do_macc_macc | return value |
|ap_rst             |  in |    1| ap_ctrl_hs | do_macc_macc | return value |
|ap_start           |  in |    1| ap_ctrl_hs | do_macc_macc | return value |
|ap_done            | out |    1| ap_ctrl_hs | do_macc_macc | return value |
|ap_idle            | out |    1| ap_ctrl_hs | do_macc_macc | return value |
|ap_ready           | out |    1| ap_ctrl_hs | do_macc_macc | return value |
|ap_return          | out |   32| ap_ctrl_hs | do_macc_macc | return value |
|img_in_address0    | out |    4|  ap_memory |    img_in    |     array    |
|img_in_ce0         | out |    1|  ap_memory |    img_in    |     array    |
|img_in_q0          |  in |   32|  ap_memory |    img_in    |     array    |
|img_in_address1    | out |    4|  ap_memory |    img_in    |     array    |
|img_in_ce1         | out |    1|  ap_memory |    img_in    |     array    |
|img_in_q1          |  in |   32|  ap_memory |    img_in    |     array    |
|filt_in_address0   | out |    4|  ap_memory |    filt_in   |     array    |
|filt_in_ce0        | out |    1|  ap_memory |    filt_in   |     array    |
|filt_in_q0         |  in |   32|  ap_memory |    filt_in   |     array    |
|filt_in_address1   | out |    4|  ap_memory |    filt_in   |     array    |
|filt_in_ce1        | out |    1|  ap_memory |    filt_in   |     array    |
|filt_in_q1         |  in |   32|  ap_memory |    filt_in   |     array    |
|prod_out_address0  | out |    4|  ap_memory |   prod_out   |     array    |
|prod_out_ce0       | out |    1|  ap_memory |   prod_out   |     array    |
|prod_out_we0       | out |    1|  ap_memory |   prod_out   |     array    |
|prod_out_d0        | out |   32|  ap_memory |   prod_out   |     array    |
|prod_out_address1  | out |    4|  ap_memory |   prod_out   |     array    |
|prod_out_ce1       | out |    1|  ap_memory |   prod_out   |     array    |
|prod_out_we1       | out |    1|  ap_memory |   prod_out   |     array    |
|prod_out_d1        | out |   32|  ap_memory |   prod_out   |     array    |
+-------------------+-----+-----+------------+--------------+--------------+

============================================================
+ Verbose Summary: Synthesis Manager
============================================================
InlineROM: 1
ExposeGlobal: 0
============================================================
+ Verbose Summary: CDFG Model
============================================================
IsTopModel: 0
ResetActiveHigh: 1
IsCombinational: 2
IsDatapathOnly: 2
HasWiredReturn: 1
HasMFsm: 2
HasVarLatency: 0
IsPipeline: 1
IsRtlPipelined: 1
IsInstanceOverlapped: 0
IsDontTouch: 0
HasImplIP: 0
IsGatedGlobalClock: 0

+ Individual pipeline summary: 
  * Pipeline-0: initiation interval (II) = 5, depth = 54


============================================================
+ Verbose Summary: Schedule
============================================================
* Number of FSM states: 54
* Pipeline: 1
  Pipeline-0: II = 5, D = 54, States = { 1 2 3 4 5 6 7 8 9 10 11 12 13 14 15 16 17 18 19 20 21 22 23 24 25 26 27 28 29 30 31 32 33 34 35 36 37 38 39 40 41 42 43 44 45 46 47 48 49 50 51 52 53 54 }
* Dataflow Pipeline: 0

* FSM state transitions: 
1 --> 
	2  / true
2 --> 
	3  / true
3 --> 
	4  / true
4 --> 
	5  / true
5 --> 
	6  / true
6 --> 
	7  / true
7 --> 
	8  / true
8 --> 
	9  / true
9 --> 
	10  / true
10 --> 
	11  / true
11 --> 
	12  / true
12 --> 
	13  / true
13 --> 
	14  / true
14 --> 
	15  / true
15 --> 
	16  / true
16 --> 
	17  / true
17 --> 
	18  / true
18 --> 
	19  / true
19 --> 
	20  / true
20 --> 
	21  / true
21 --> 
	22  / true
22 --> 
	23  / true
23 --> 
	24  / true
24 --> 
	25  / true
25 --> 
	26  / true
26 --> 
	27  / true
27 --> 
	28  / true
28 --> 
	29  / true
29 --> 
	30  / true
30 --> 
	31  / true
31 --> 
	32  / true
32 --> 
	33  / true
33 --> 
	34  / true
34 --> 
	35  / true
35 --> 
	36  / true
36 --> 
	37  / true
37 --> 
	38  / true
38 --> 
	39  / true
39 --> 
	40  / true
40 --> 
	41  / true
41 --> 
	42  / true
42 --> 
	43  / true
43 --> 
	44  / true
44 --> 
	45  / true
45 --> 
	46  / true
46 --> 
	47  / true
47 --> 
	48  / true
48 --> 
	49  / true
49 --> 
	50  / true
50 --> 
	51  / true
51 --> 
	52  / true
52 --> 
	53  / true
53 --> 
	54  / true
54 --> 
* FSM state operations: 

 <State 1>: 2.39ns
ST_1: img_in_addr [1/1] 0.00ns
:1  %img_in_addr = getelementptr [9 x float]* %img_in, i64 0, i64 0

ST_1: img_in_load [2/2] 2.39ns
:2  %img_in_load = load float* %img_in_addr, align 4

ST_1: filt_in_addr [1/1] 0.00ns
:3  %filt_in_addr = getelementptr [9 x float]* %filt_in, i64 0, i64 0

ST_1: filt_in_load [2/2] 2.39ns
:4  %filt_in_load = load float* %filt_in_addr, align 4

ST_1: img_in_addr_1 [1/1] 0.00ns
:6  %img_in_addr_1 = getelementptr [9 x float]* %img_in, i64 0, i64 1

ST_1: img_in_load_1 [2/2] 2.39ns
:7  %img_in_load_1 = load float* %img_in_addr_1, align 4

ST_1: filt_in_addr_1 [1/1] 0.00ns
:8  %filt_in_addr_1 = getelementptr [9 x float]* %filt_in, i64 0, i64 1

ST_1: filt_in_load_1 [2/2] 2.39ns
:9  %filt_in_load_1 = load float* %filt_in_addr_1, align 4


 <State 2>: 9.26ns
ST_2: img_in_load [1/2] 2.39ns
:2  %img_in_load = load float* %img_in_addr, align 4

ST_2: filt_in_load [1/2] 2.39ns
:4  %filt_in_load = load float* %filt_in_addr, align 4

ST_2: processing_element_products [4/4] 6.87ns
:5  %processing_element_products = fmul float %img_in_load, %filt_in_load

ST_2: img_in_load_1 [1/2] 2.39ns
:7  %img_in_load_1 = load float* %img_in_addr_1, align 4

ST_2: filt_in_load_1 [1/2] 2.39ns
:9  %filt_in_load_1 = load float* %filt_in_addr_1, align 4

ST_2: processing_element_products_1_s [4/4] 5.70ns
:10  %processing_element_products_1_s = fmul float %img_in_load_1, %filt_in_load_1

ST_2: img_in_addr_2 [1/1] 0.00ns
:11  %img_in_addr_2 = getelementptr [9 x float]* %img_in, i64 0, i64 2

ST_2: img_in_load_2 [2/2] 2.39ns
:12  %img_in_load_2 = load float* %img_in_addr_2, align 4

ST_2: filt_in_addr_2 [1/1] 0.00ns
:13  %filt_in_addr_2 = getelementptr [9 x float]* %filt_in, i64 0, i64 2

ST_2: filt_in_load_2 [2/2] 2.39ns
:14  %filt_in_load_2 = load float* %filt_in_addr_2, align 4

ST_2: img_in_addr_3 [1/1] 0.00ns
:16  %img_in_addr_3 = getelementptr [9 x float]* %img_in, i64 0, i64 3

ST_2: img_in_load_3 [2/2] 2.39ns
:17  %img_in_load_3 = load float* %img_in_addr_3, align 4

ST_2: filt_in_addr_3 [1/1] 0.00ns
:18  %filt_in_addr_3 = getelementptr [9 x float]* %filt_in, i64 0, i64 3

ST_2: filt_in_load_3 [2/2] 2.39ns
:19  %filt_in_load_3 = load float* %filt_in_addr_3, align 4


 <State 3>: 9.26ns
ST_3: processing_element_products [3/4] 5.70ns
:5  %processing_element_products = fmul float %img_in_load, %filt_in_load

ST_3: processing_element_products_1_s [3/4] 5.70ns
:10  %processing_element_products_1_s = fmul float %img_in_load_1, %filt_in_load_1

ST_3: img_in_load_2 [1/2] 2.39ns
:12  %img_in_load_2 = load float* %img_in_addr_2, align 4

ST_3: filt_in_load_2 [1/2] 2.39ns
:14  %filt_in_load_2 = load float* %filt_in_addr_2, align 4

ST_3: processing_element_products_2_s [4/4] 6.87ns
:15  %processing_element_products_2_s = fmul float %img_in_load_2, %filt_in_load_2

ST_3: img_in_load_3 [1/2] 2.39ns
:17  %img_in_load_3 = load float* %img_in_addr_3, align 4

ST_3: filt_in_load_3 [1/2] 2.39ns
:19  %filt_in_load_3 = load float* %filt_in_addr_3, align 4

ST_3: processing_element_products_3_s [4/4] 5.70ns
:20  %processing_element_products_3_s = fmul float %img_in_load_3, %filt_in_load_3

ST_3: img_in_addr_4 [1/1] 0.00ns
:21  %img_in_addr_4 = getelementptr [9 x float]* %img_in, i64 0, i64 4

ST_3: img_in_load_4 [2/2] 2.39ns
:22  %img_in_load_4 = load float* %img_in_addr_4, align 4

ST_3: filt_in_addr_4 [1/1] 0.00ns
:23  %filt_in_addr_4 = getelementptr [9 x float]* %filt_in, i64 0, i64 4

ST_3: filt_in_load_4 [2/2] 2.39ns
:24  %filt_in_load_4 = load float* %filt_in_addr_4, align 4

ST_3: img_in_addr_5 [1/1] 0.00ns
:26  %img_in_addr_5 = getelementptr [9 x float]* %img_in, i64 0, i64 5

ST_3: img_in_load_5 [2/2] 2.39ns
:27  %img_in_load_5 = load float* %img_in_addr_5, align 4

ST_3: filt_in_addr_5 [1/1] 0.00ns
:28  %filt_in_addr_5 = getelementptr [9 x float]* %filt_in, i64 0, i64 5

ST_3: filt_in_load_5 [2/2] 2.39ns
:29  %filt_in_load_5 = load float* %filt_in_addr_5, align 4


 <State 4>: 9.26ns
ST_4: processing_element_products [2/4] 5.70ns
:5  %processing_element_products = fmul float %img_in_load, %filt_in_load

ST_4: processing_element_products_1_s [2/4] 5.70ns
:10  %processing_element_products_1_s = fmul float %img_in_load_1, %filt_in_load_1

ST_4: processing_element_products_2_s [3/4] 5.70ns
:15  %processing_element_products_2_s = fmul float %img_in_load_2, %filt_in_load_2

ST_4: processing_element_products_3_s [3/4] 5.70ns
:20  %processing_element_products_3_s = fmul float %img_in_load_3, %filt_in_load_3

ST_4: img_in_load_4 [1/2] 2.39ns
:22  %img_in_load_4 = load float* %img_in_addr_4, align 4

ST_4: filt_in_load_4 [1/2] 2.39ns
:24  %filt_in_load_4 = load float* %filt_in_addr_4, align 4

ST_4: processing_element_products_4_s [4/4] 6.87ns
:25  %processing_element_products_4_s = fmul float %img_in_load_4, %filt_in_load_4

ST_4: img_in_load_5 [1/2] 2.39ns
:27  %img_in_load_5 = load float* %img_in_addr_5, align 4

ST_4: filt_in_load_5 [1/2] 2.39ns
:29  %filt_in_load_5 = load float* %filt_in_addr_5, align 4

ST_4: processing_element_products_5_s [4/4] 5.70ns
:30  %processing_element_products_5_s = fmul float %img_in_load_5, %filt_in_load_5

ST_4: img_in_addr_6 [1/1] 0.00ns
:31  %img_in_addr_6 = getelementptr [9 x float]* %img_in, i64 0, i64 6

ST_4: img_in_load_6 [2/2] 2.39ns
:32  %img_in_load_6 = load float* %img_in_addr_6, align 4

ST_4: filt_in_addr_6 [1/1] 0.00ns
:33  %filt_in_addr_6 = getelementptr [9 x float]* %filt_in, i64 0, i64 6

ST_4: filt_in_load_6 [2/2] 2.39ns
:34  %filt_in_load_6 = load float* %filt_in_addr_6, align 4

ST_4: img_in_addr_7 [1/1] 0.00ns
:36  %img_in_addr_7 = getelementptr [9 x float]* %img_in, i64 0, i64 7

ST_4: img_in_load_7 [2/2] 2.39ns
:37  %img_in_load_7 = load float* %img_in_addr_7, align 4

ST_4: filt_in_addr_7 [1/1] 0.00ns
:38  %filt_in_addr_7 = getelementptr [9 x float]* %filt_in, i64 0, i64 7

ST_4: filt_in_load_7 [2/2] 2.39ns
:39  %filt_in_load_7 = load float* %filt_in_addr_7, align 4


 <State 5>: 9.26ns
ST_5: processing_element_products [1/4] 5.70ns
:5  %processing_element_products = fmul float %img_in_load, %filt_in_load

ST_5: processing_element_products_1_s [1/4] 5.70ns
:10  %processing_element_products_1_s = fmul float %img_in_load_1, %filt_in_load_1

ST_5: processing_element_products_2_s [2/4] 5.70ns
:15  %processing_element_products_2_s = fmul float %img_in_load_2, %filt_in_load_2

ST_5: processing_element_products_3_s [2/4] 5.70ns
:20  %processing_element_products_3_s = fmul float %img_in_load_3, %filt_in_load_3

ST_5: processing_element_products_4_s [3/4] 5.70ns
:25  %processing_element_products_4_s = fmul float %img_in_load_4, %filt_in_load_4

ST_5: processing_element_products_5_s [3/4] 5.70ns
:30  %processing_element_products_5_s = fmul float %img_in_load_5, %filt_in_load_5

ST_5: img_in_load_6 [1/2] 2.39ns
:32  %img_in_load_6 = load float* %img_in_addr_6, align 4

ST_5: filt_in_load_6 [1/2] 2.39ns
:34  %filt_in_load_6 = load float* %filt_in_addr_6, align 4

ST_5: processing_element_products_6_s [4/4] 6.87ns
:35  %processing_element_products_6_s = fmul float %img_in_load_6, %filt_in_load_6

ST_5: img_in_load_7 [1/2] 2.39ns
:37  %img_in_load_7 = load float* %img_in_addr_7, align 4

ST_5: filt_in_load_7 [1/2] 2.39ns
:39  %filt_in_load_7 = load float* %filt_in_addr_7, align 4

ST_5: processing_element_products_7_s [4/4] 5.70ns
:40  %processing_element_products_7_s = fmul float %img_in_load_7, %filt_in_load_7

ST_5: img_in_addr_8 [1/1] 0.00ns
:41  %img_in_addr_8 = getelementptr [9 x float]* %img_in, i64 0, i64 8

ST_5: img_in_load_8 [2/2] 2.39ns
:42  %img_in_load_8 = load float* %img_in_addr_8, align 4

ST_5: filt_in_addr_8 [1/1] 0.00ns
:43  %filt_in_addr_8 = getelementptr [9 x float]* %filt_in, i64 0, i64 8

ST_5: filt_in_load_8 [2/2] 2.39ns
:44  %filt_in_load_8 = load float* %filt_in_addr_8, align 4

ST_5: prod_out_addr [1/1] 0.00ns
:55  %prod_out_addr = getelementptr [9 x float]* %prod_out, i64 0, i64 0

ST_5: stg_128 [1/1] 2.39ns
:56  store float %processing_element_products, float* %prod_out_addr, align 4

ST_5: prod_out_addr_1 [1/1] 0.00ns
:57  %prod_out_addr_1 = getelementptr [9 x float]* %prod_out, i64 0, i64 1

ST_5: stg_130 [1/1] 2.39ns
:58  store float %processing_element_products_1_s, float* %prod_out_addr_1, align 4


 <State 6>: 9.26ns
ST_6: processing_element_products_2_s [1/4] 5.70ns
:15  %processing_element_products_2_s = fmul float %img_in_load_2, %filt_in_load_2

ST_6: processing_element_products_3_s [1/4] 5.70ns
:20  %processing_element_products_3_s = fmul float %img_in_load_3, %filt_in_load_3

ST_6: processing_element_products_4_s [2/4] 5.70ns
:25  %processing_element_products_4_s = fmul float %img_in_load_4, %filt_in_load_4

ST_6: processing_element_products_5_s [2/4] 5.70ns
:30  %processing_element_products_5_s = fmul float %img_in_load_5, %filt_in_load_5

ST_6: processing_element_products_6_s [3/4] 5.70ns
:35  %processing_element_products_6_s = fmul float %img_in_load_6, %filt_in_load_6

ST_6: processing_element_products_7_s [3/4] 5.70ns
:40  %processing_element_products_7_s = fmul float %img_in_load_7, %filt_in_load_7

ST_6: img_in_load_8 [1/2] 2.39ns
:42  %img_in_load_8 = load float* %img_in_addr_8, align 4

ST_6: filt_in_load_8 [1/2] 2.39ns
:44  %filt_in_load_8 = load float* %filt_in_addr_8, align 4

ST_6: processing_element_products_8_s [4/4] 6.87ns
:45  %processing_element_products_8_s = fmul float %img_in_load_8, %filt_in_load_8

ST_6: tmp_s [5/5] 8.42ns
:46  %tmp_s = fadd float %processing_element_products, 0.000000e+00

ST_6: prod_out_addr_2 [1/1] 0.00ns
:59  %prod_out_addr_2 = getelementptr [9 x float]* %prod_out, i64 0, i64 2

ST_6: stg_142 [1/1] 2.39ns
:60  store float %processing_element_products_2_s, float* %prod_out_addr_2, align 4

ST_6: prod_out_addr_3 [1/1] 0.00ns
:61  %prod_out_addr_3 = getelementptr [9 x float]* %prod_out, i64 0, i64 3

ST_6: stg_144 [1/1] 2.39ns
:62  store float %processing_element_products_3_s, float* %prod_out_addr_3, align 4


 <State 7>: 8.09ns
ST_7: processing_element_products_4_s [1/4] 5.70ns
:25  %processing_element_products_4_s = fmul float %img_in_load_4, %filt_in_load_4

ST_7: processing_element_products_5_s [1/4] 5.70ns
:30  %processing_element_products_5_s = fmul float %img_in_load_5, %filt_in_load_5

ST_7: processing_element_products_6_s [2/4] 5.70ns
:35  %processing_element_products_6_s = fmul float %img_in_load_6, %filt_in_load_6

ST_7: processing_element_products_7_s [2/4] 5.70ns
:40  %processing_element_products_7_s = fmul float %img_in_load_7, %filt_in_load_7

ST_7: processing_element_products_8_s [3/4] 5.70ns
:45  %processing_element_products_8_s = fmul float %img_in_load_8, %filt_in_load_8

ST_7: tmp_s [4/5] 7.26ns
:46  %tmp_s = fadd float %processing_element_products, 0.000000e+00

ST_7: prod_out_addr_4 [1/1] 0.00ns
:63  %prod_out_addr_4 = getelementptr [9 x float]* %prod_out, i64 0, i64 4

ST_7: stg_152 [1/1] 2.39ns
:64  store float %processing_element_products_4_s, float* %prod_out_addr_4, align 4

ST_7: prod_out_addr_5 [1/1] 0.00ns
:65  %prod_out_addr_5 = getelementptr [9 x float]* %prod_out, i64 0, i64 5

ST_7: stg_154 [1/1] 2.39ns
:66  store float %processing_element_products_5_s, float* %prod_out_addr_5, align 4


 <State 8>: 8.09ns
ST_8: processing_element_products_6_s [1/4] 5.70ns
:35  %processing_element_products_6_s = fmul float %img_in_load_6, %filt_in_load_6

ST_8: processing_element_products_7_s [1/4] 5.70ns
:40  %processing_element_products_7_s = fmul float %img_in_load_7, %filt_in_load_7

ST_8: processing_element_products_8_s [2/4] 5.70ns
:45  %processing_element_products_8_s = fmul float %img_in_load_8, %filt_in_load_8

ST_8: tmp_s [3/5] 7.26ns
:46  %tmp_s = fadd float %processing_element_products, 0.000000e+00

ST_8: prod_out_addr_6 [1/1] 0.00ns
:67  %prod_out_addr_6 = getelementptr [9 x float]* %prod_out, i64 0, i64 6

ST_8: stg_160 [1/1] 2.39ns
:68  store float %processing_element_products_6_s, float* %prod_out_addr_6, align 4

ST_8: prod_out_addr_7 [1/1] 0.00ns
:69  %prod_out_addr_7 = getelementptr [9 x float]* %prod_out, i64 0, i64 7

ST_8: stg_162 [1/1] 2.39ns
:70  store float %processing_element_products_7_s, float* %prod_out_addr_7, align 4


 <State 9>: 8.09ns
ST_9: processing_element_products_8_s [1/4] 5.70ns
:45  %processing_element_products_8_s = fmul float %img_in_load_8, %filt_in_load_8

ST_9: tmp_s [2/5] 7.26ns
:46  %tmp_s = fadd float %processing_element_products, 0.000000e+00

ST_9: prod_out_addr_8 [1/1] 0.00ns
:71  %prod_out_addr_8 = getelementptr [9 x float]* %prod_out, i64 0, i64 8

ST_9: stg_166 [1/1] 2.39ns
:72  store float %processing_element_products_8_s, float* %prod_out_addr_8, align 4


 <State 10>: 7.26ns
ST_10: tmp_s [1/5] 7.26ns
:46  %tmp_s = fadd float %processing_element_products, 0.000000e+00


 <State 11>: 7.26ns
ST_11: tmp_5_1 [5/5] 7.26ns
:47  %tmp_5_1 = fadd float %tmp_s, %processing_element_products_1_s


 <State 12>: 7.26ns
ST_12: tmp_5_1 [4/5] 7.26ns
:47  %tmp_5_1 = fadd float %tmp_s, %processing_element_products_1_s


 <State 13>: 7.26ns
ST_13: tmp_5_1 [3/5] 7.26ns
:47  %tmp_5_1 = fadd float %tmp_s, %processing_element_products_1_s


 <State 14>: 7.26ns
ST_14: tmp_5_1 [2/5] 7.26ns
:47  %tmp_5_1 = fadd float %tmp_s, %processing_element_products_1_s


 <State 15>: 7.26ns
ST_15: tmp_5_1 [1/5] 7.26ns
:47  %tmp_5_1 = fadd float %tmp_s, %processing_element_products_1_s


 <State 16>: 0.00ns

 <State 17>: 8.42ns
ST_17: tmp_5_2 [5/5] 8.42ns
:48  %tmp_5_2 = fadd float %tmp_5_1, %processing_element_products_2_s


 <State 18>: 7.26ns
ST_18: tmp_5_2 [4/5] 7.26ns
:48  %tmp_5_2 = fadd float %tmp_5_1, %processing_element_products_2_s


 <State 19>: 7.26ns
ST_19: tmp_5_2 [3/5] 7.26ns
:48  %tmp_5_2 = fadd float %tmp_5_1, %processing_element_products_2_s


 <State 20>: 7.26ns
ST_20: tmp_5_2 [2/5] 7.26ns
:48  %tmp_5_2 = fadd float %tmp_5_1, %processing_element_products_2_s


 <State 21>: 7.26ns
ST_21: tmp_5_2 [1/5] 7.26ns
:48  %tmp_5_2 = fadd float %tmp_5_1, %processing_element_products_2_s


 <State 22>: 7.26ns
ST_22: tmp_5_3 [5/5] 7.26ns
:49  %tmp_5_3 = fadd float %tmp_5_2, %processing_element_products_3_s


 <State 23>: 7.26ns
ST_23: tmp_5_3 [4/5] 7.26ns
:49  %tmp_5_3 = fadd float %tmp_5_2, %processing_element_products_3_s


 <State 24>: 7.26ns
ST_24: tmp_5_3 [3/5] 7.26ns
:49  %tmp_5_3 = fadd float %tmp_5_2, %processing_element_products_3_s


 <State 25>: 7.26ns
ST_25: tmp_5_3 [2/5] 7.26ns
:49  %tmp_5_3 = fadd float %tmp_5_2, %processing_element_products_3_s


 <State 26>: 7.26ns
ST_26: tmp_5_3 [1/5] 7.26ns
:49  %tmp_5_3 = fadd float %tmp_5_2, %processing_element_products_3_s


 <State 27>: 0.00ns

 <State 28>: 8.42ns
ST_28: tmp_5_4 [5/5] 8.42ns
:50  %tmp_5_4 = fadd float %tmp_5_3, %processing_element_products_4_s


 <State 29>: 7.26ns
ST_29: tmp_5_4 [4/5] 7.26ns
:50  %tmp_5_4 = fadd float %tmp_5_3, %processing_element_products_4_s


 <State 30>: 7.26ns
ST_30: tmp_5_4 [3/5] 7.26ns
:50  %tmp_5_4 = fadd float %tmp_5_3, %processing_element_products_4_s


 <State 31>: 7.26ns
ST_31: tmp_5_4 [2/5] 7.26ns
:50  %tmp_5_4 = fadd float %tmp_5_3, %processing_element_products_4_s


 <State 32>: 7.26ns
ST_32: tmp_5_4 [1/5] 7.26ns
:50  %tmp_5_4 = fadd float %tmp_5_3, %processing_element_products_4_s


 <State 33>: 7.26ns
ST_33: tmp_5_5 [5/5] 7.26ns
:51  %tmp_5_5 = fadd float %tmp_5_4, %processing_element_products_5_s


 <State 34>: 7.26ns
ST_34: tmp_5_5 [4/5] 7.26ns
:51  %tmp_5_5 = fadd float %tmp_5_4, %processing_element_products_5_s


 <State 35>: 7.26ns
ST_35: tmp_5_5 [3/5] 7.26ns
:51  %tmp_5_5 = fadd float %tmp_5_4, %processing_element_products_5_s


 <State 36>: 7.26ns
ST_36: tmp_5_5 [2/5] 7.26ns
:51  %tmp_5_5 = fadd float %tmp_5_4, %processing_element_products_5_s


 <State 37>: 7.26ns
ST_37: tmp_5_5 [1/5] 7.26ns
:51  %tmp_5_5 = fadd float %tmp_5_4, %processing_element_products_5_s


 <State 38>: 0.00ns

 <State 39>: 8.42ns
ST_39: tmp_5_6 [5/5] 8.42ns
:52  %tmp_5_6 = fadd float %tmp_5_5, %processing_element_products_6_s


 <State 40>: 7.26ns
ST_40: tmp_5_6 [4/5] 7.26ns
:52  %tmp_5_6 = fadd float %tmp_5_5, %processing_element_products_6_s


 <State 41>: 7.26ns
ST_41: tmp_5_6 [3/5] 7.26ns
:52  %tmp_5_6 = fadd float %tmp_5_5, %processing_element_products_6_s


 <State 42>: 7.26ns
ST_42: tmp_5_6 [2/5] 7.26ns
:52  %tmp_5_6 = fadd float %tmp_5_5, %processing_element_products_6_s


 <State 43>: 7.26ns
ST_43: tmp_5_6 [1/5] 7.26ns
:52  %tmp_5_6 = fadd float %tmp_5_5, %processing_element_products_6_s


 <State 44>: 7.26ns
ST_44: tmp_5_7 [5/5] 7.26ns
:53  %tmp_5_7 = fadd float %tmp_5_6, %processing_element_products_7_s


 <State 45>: 7.26ns
ST_45: tmp_5_7 [4/5] 7.26ns
:53  %tmp_5_7 = fadd float %tmp_5_6, %processing_element_products_7_s


 <State 46>: 7.26ns
ST_46: tmp_5_7 [3/5] 7.26ns
:53  %tmp_5_7 = fadd float %tmp_5_6, %processing_element_products_7_s


 <State 47>: 7.26ns
ST_47: tmp_5_7 [2/5] 7.26ns
:53  %tmp_5_7 = fadd float %tmp_5_6, %processing_element_products_7_s


 <State 48>: 7.26ns
ST_48: tmp_5_7 [1/5] 7.26ns
:53  %tmp_5_7 = fadd float %tmp_5_6, %processing_element_products_7_s


 <State 49>: 0.00ns

 <State 50>: 8.42ns
ST_50: tmp_5_8 [5/5] 8.42ns
:54  %tmp_5_8 = fadd float %tmp_5_7, %processing_element_products_8_s


 <State 51>: 7.26ns
ST_51: tmp_5_8 [4/5] 7.26ns
:54  %tmp_5_8 = fadd float %tmp_5_7, %processing_element_products_8_s


 <State 52>: 7.26ns
ST_52: tmp_5_8 [3/5] 7.26ns
:54  %tmp_5_8 = fadd float %tmp_5_7, %processing_element_products_8_s


 <State 53>: 7.26ns
ST_53: tmp_5_8 [2/5] 7.26ns
:54  %tmp_5_8 = fadd float %tmp_5_7, %processing_element_products_8_s


 <State 54>: 7.26ns
ST_54: stg_207 [1/1] 0.00ns
:0  call void (...)* @_ssdm_op_SpecPipeline(i32 1, i32 1, i32 1, i32 0, [1 x i8]* @p_str) nounwind

ST_54: tmp_5_8 [1/5] 7.26ns
:54  %tmp_5_8 = fadd float %tmp_5_7, %processing_element_products_8_s

ST_54: stg_209 [1/1] 0.00ns
:73  ret float %tmp_5_8



============================================================
+ Verbose Summary: Binding
============================================================
STG Binding: 
---------------- STG Properties BEGIN ----------------
- Is combinational: 0
- Is one-state seq: 0
- Is datapath-only: 0
- Is clock enabled: 0
- Is pipelined: 1
- Is top level: 0
Port [ Return ] is wired: 1; IO mode=ap_ctrl_hs:ce=0
Port [ img_in]:  wired=1; compound=1; hidden=0; nouse=0; global=0; static=0; extern=0; dir=0; type=1; mode=0x7f395ab9a7e0; pingpong=0; private_global=0; MemPort=[11]; IO mode=ap_memory:ce=0
Port [ filt_in]:  wired=1; compound=1; hidden=0; nouse=0; global=0; static=0; extern=0; dir=0; type=1; mode=0x7f395aa94390; pingpong=0; private_global=0; MemPort=[11]; IO mode=ap_memory:ce=0
Port [ prod_out]:  wired=1; compound=1; hidden=0; nouse=0; global=0; static=0; extern=0; dir=1; type=1; mode=0x7f395aaac9d0; pingpong=0; private_global=0; MemPort=[00]; IO mode=ap_memory:ce=0
---------------- STG Properties END ------------------

---------------- Datapath Model BEGIN ----------------

<LifeTime>
<method=bitvector/>
img_in_addr                     (getelementptr) [ 0010000000000000000000000000000000000000000000000000000]
filt_in_addr                    (getelementptr) [ 0010000000000000000000000000000000000000000000000000000]
img_in_addr_1                   (getelementptr) [ 0010000000000000000000000000000000000000000000000000000]
filt_in_addr_1                  (getelementptr) [ 0010000000000000000000000000000000000000000000000000000]
img_in_load                     (load         ) [ 0001110000000000000000000000000000000000000000000000000]
filt_in_load                    (load         ) [ 0001110000000000000000000000000000000000000000000000000]
img_in_load_1                   (load         ) [ 0001110000000000000000000000000000000000000000000000000]
filt_in_load_1                  (load         ) [ 0001110000000000000000000000000000000000000000000000000]
img_in_addr_2                   (getelementptr) [ 0001000000000000000000000000000000000000000000000000000]
filt_in_addr_2                  (getelementptr) [ 0001000000000000000000000000000000000000000000000000000]
img_in_addr_3                   (getelementptr) [ 0001000000000000000000000000000000000000000000000000000]
filt_in_addr_3                  (getelementptr) [ 0001000000000000000000000000000000000000000000000000000]
img_in_load_2                   (load         ) [ 0100111000000000000000000000000000000000000000000000000]
filt_in_load_2                  (load         ) [ 0100111000000000000000000000000000000000000000000000000]
img_in_load_3                   (load         ) [ 0100111000000000000000000000000000000000000000000000000]
filt_in_load_3                  (load         ) [ 0100111000000000000000000000000000000000000000000000000]
img_in_addr_4                   (getelementptr) [ 0000100000000000000000000000000000000000000000000000000]
filt_in_addr_4                  (getelementptr) [ 0000100000000000000000000000000000000000000000000000000]
img_in_addr_5                   (getelementptr) [ 0000100000000000000000000000000000000000000000000000000]
filt_in_addr_5                  (getelementptr) [ 0000100000000000000000000000000000000000000000000000000]
img_in_load_4                   (load         ) [ 0110011100000000000000000000000000000000000000000000000]
filt_in_load_4                  (load         ) [ 0110011100000000000000000000000000000000000000000000000]
img_in_load_5                   (load         ) [ 0110011100000000000000000000000000000000000000000000000]
filt_in_load_5                  (load         ) [ 0110011100000000000000000000000000000000000000000000000]
img_in_addr_6                   (getelementptr) [ 0000010000000000000000000000000000000000000000000000000]
filt_in_addr_6                  (getelementptr) [ 0000010000000000000000000000000000000000000000000000000]
img_in_addr_7                   (getelementptr) [ 0000010000000000000000000000000000000000000000000000000]
filt_in_addr_7                  (getelementptr) [ 0000010000000000000000000000000000000000000000000000000]
processing_element_products     (fmul         ) [ 0111111111100000000000000000000000000000000000000000000]
processing_element_products_1_s (fmul         ) [ 0111111111111111000000000000000000000000000000000000000]
img_in_load_6                   (load         ) [ 0111001110000000000000000000000000000000000000000000000]
filt_in_load_6                  (load         ) [ 0111001110000000000000000000000000000000000000000000000]
img_in_load_7                   (load         ) [ 0111001110000000000000000000000000000000000000000000000]
filt_in_load_7                  (load         ) [ 0111001110000000000000000000000000000000000000000000000]
img_in_addr_8                   (getelementptr) [ 0100001000000000000000000000000000000000000000000000000]
filt_in_addr_8                  (getelementptr) [ 0100001000000000000000000000000000000000000000000000000]
prod_out_addr                   (getelementptr) [ 0000000000000000000000000000000000000000000000000000000]
stg_128                         (store        ) [ 0000000000000000000000000000000000000000000000000000000]
prod_out_addr_1                 (getelementptr) [ 0000000000000000000000000000000000000000000000000000000]
stg_130                         (store        ) [ 0000000000000000000000000000000000000000000000000000000]
processing_element_products_2_s (fmul         ) [ 0111110111111111111111000000000000000000000000000000000]
processing_element_products_3_s (fmul         ) [ 0111110111111111111111111110000000000000000000000000000]
img_in_load_8                   (load         ) [ 0011100111000000000000000000000000000000000000000000000]
filt_in_load_8                  (load         ) [ 0011100111000000000000000000000000000000000000000000000]
prod_out_addr_2                 (getelementptr) [ 0000000000000000000000000000000000000000000000000000000]
stg_142                         (store        ) [ 0000000000000000000000000000000000000000000000000000000]
prod_out_addr_3                 (getelementptr) [ 0000000000000000000000000000000000000000000000000000000]
stg_144                         (store        ) [ 0000000000000000000000000000000000000000000000000000000]
processing_element_products_4_s (fmul         ) [ 0111110011111111111111111111111110000000000000000000000]
processing_element_products_5_s (fmul         ) [ 0111110011111111111111111111111111111100000000000000000]
prod_out_addr_4                 (getelementptr) [ 0000000000000000000000000000000000000000000000000000000]
stg_152                         (store        ) [ 0000000000000000000000000000000000000000000000000000000]
prod_out_addr_5                 (getelementptr) [ 0000000000000000000000000000000000000000000000000000000]
stg_154                         (store        ) [ 0000000000000000000000000000000000000000000000000000000]
processing_element_products_6_s (fmul         ) [ 0111110001111111111111111111111111111111111100000000000]
processing_element_products_7_s (fmul         ) [ 0111110001111111111111111111111111111111111111111000000]
prod_out_addr_6                 (getelementptr) [ 0000000000000000000000000000000000000000000000000000000]
stg_160                         (store        ) [ 0000000000000000000000000000000000000000000000000000000]
prod_out_addr_7                 (getelementptr) [ 0000000000000000000000000000000000000000000000000000000]
stg_162                         (store        ) [ 0000000000000000000000000000000000000000000000000000000]
processing_element_products_8_s (fmul         ) [ 0111110000111111111111111111111111111111111111111111111]
prod_out_addr_8                 (getelementptr) [ 0000000000000000000000000000000000000000000000000000000]
stg_166                         (store        ) [ 0000000000000000000000000000000000000000000000000000000]
tmp_s                           (fadd         ) [ 0111110000011111000000000000000000000000000000000000000]
tmp_5_1                         (fadd         ) [ 0111110000000000111111000000000000000000000000000000000]
tmp_5_2                         (fadd         ) [ 0111110000000000000000111110000000000000000000000000000]
tmp_5_3                         (fadd         ) [ 0111110000000000000000000001111110000000000000000000000]
tmp_5_4                         (fadd         ) [ 0111110000000000000000000000000001111100000000000000000]
tmp_5_5                         (fadd         ) [ 0111110000000000000000000000000000000011111100000000000]
tmp_5_6                         (fadd         ) [ 0111110000000000000000000000000000000000000011111000000]
tmp_5_7                         (fadd         ) [ 0111110000000000000000000000000000000000000000000111111]
stg_207                         (specpipeline ) [ 0000000000000000000000000000000000000000000000000000000]
tmp_5_8                         (fadd         ) [ 0000000000000000000000000000000000000000000000000000000]
stg_209                         (ret          ) [ 0000000000000000000000000000000000000000000000000000000]
</LifeTime>

<model>

<comp_list>
<comp id="0" class="1000" name="img_in">
<pin_list>
<pin id="1" dir="1" index="0" bw="1" slack="0"/>
</pin_list>
<bind>
<StgValue><ssdm name="img_in"/><MemPortTyVec>1 1 </MemPortTyVec>
</StgValue>
</bind>
</comp>

<comp id="2" class="1000" name="filt_in">
<pin_list>
<pin id="3" dir="1" index="0" bw="1" slack="0"/>
</pin_list>
<bind>
<StgValue><ssdm name="filt_in"/><MemPortTyVec>1 1 </MemPortTyVec>
</StgValue>
</bind>
</comp>

<comp id="4" class="1000" name="prod_out">
<pin_list>
<pin id="5" dir="1" index="0" bw="1" slack="0"/>
</pin_list>
<bind>
<StgValue><ssdm name="prod_out"/><MemPortTyVec>0 0 </MemPortTyVec>
</StgValue>
</bind>
</comp>

<comp id="6" class="1001" name="const_6">
<pin_list>
<pin id="7" dir="1" index="0" bw="1" slack="0"/>
</pin_list>
<bind>
<StgValue><ssdm name=""/></StgValue>
</bind>
</comp>

<comp id="8" class="1001" name="const_8">
<pin_list>
<pin id="9" dir="1" index="0" bw="1" slack="0"/>
</pin_list>
<bind>
<StgValue><ssdm name=""/></StgValue>
</bind>
</comp>

<comp id="10" class="1001" name="const_10">
<pin_list>
<pin id="11" dir="1" index="0" bw="1" slack="0"/>
</pin_list>
<bind>
<StgValue><ssdm name=""/></StgValue>
</bind>
</comp>

<comp id="12" class="1001" name="const_12">
<pin_list>
<pin id="13" dir="1" index="0" bw="1" slack="0"/>
</pin_list>
<bind>
<StgValue><ssdm name=""/></StgValue>
</bind>
</comp>

<comp id="14" class="1001" name="const_14">
<pin_list>
<pin id="15" dir="1" index="0" bw="1" slack="0"/>
</pin_list>
<bind>
<StgValue><ssdm name=""/></StgValue>
</bind>
</comp>

<comp id="16" class="1001" name="const_16">
<pin_list>
<pin id="17" dir="1" index="0" bw="1" slack="0"/>
</pin_list>
<bind>
<StgValue><ssdm name=""/></StgValue>
</bind>
</comp>

<comp id="18" class="1001" name="const_18">
<pin_list>
<pin id="19" dir="1" index="0" bw="1" slack="0"/>
</pin_list>
<bind>
<StgValue><ssdm name=""/></StgValue>
</bind>
</comp>

<comp id="20" class="1001" name="const_20">
<pin_list>
<pin id="21" dir="1" index="0" bw="1" slack="0"/>
</pin_list>
<bind>
<StgValue><ssdm name=""/></StgValue>
</bind>
</comp>

<comp id="22" class="1001" name="const_22">
<pin_list>
<pin id="23" dir="1" index="0" bw="1" slack="0"/>
</pin_list>
<bind>
<StgValue><ssdm name=""/></StgValue>
</bind>
</comp>

<comp id="24" class="1001" name="const_24">
<pin_list>
<pin id="25" dir="1" index="0" bw="1" slack="0"/>
</pin_list>
<bind>
<StgValue><ssdm name=""/></StgValue>
</bind>
</comp>

<comp id="26" class="1001" name="const_26">
<pin_list>
<pin id="27" dir="1" index="0" bw="1" slack="2147483647"/>
</pin_list>
<bind>
<StgValue><ssdm name="_ssdm_op_SpecPipeline"/></StgValue>
</bind>
</comp>

<comp id="28" class="1001" name="const_28">
<pin_list>
<pin id="29" dir="1" index="0" bw="1" slack="2147483647"/>
</pin_list>
<bind>
<StgValue><ssdm name=""/></StgValue>
</bind>
</comp>

<comp id="30" class="1001" name="const_30">
<pin_list>
<pin id="31" dir="1" index="0" bw="1" slack="2147483647"/>
</pin_list>
<bind>
<StgValue><ssdm name=""/></StgValue>
</bind>
</comp>

<comp id="32" class="1001" name="const_32">
<pin_list>
<pin id="33" dir="1" index="0" bw="1" slack="2147483647"/>
</pin_list>
<bind>
<StgValue><ssdm name="p_str"/></StgValue>
</bind>
</comp>

<comp id="34" class="1004" name="img_in_addr_gep_fu_34">
<pin_list>
<pin id="35" dir="0" index="0" bw="32" slack="0"/>
<pin id="36" dir="0" index="1" bw="1" slack="0"/>
<pin id="37" dir="0" index="2" bw="1" slack="0"/>
<pin id="38" dir="1" index="3" bw="4" slack="0"/>
</pin_list>
<bind>
<opcode="getelementptr(29) " fcode="getelementptr"/>
<opset="img_in_addr/1 "/>
</bind>
</comp>

<comp id="42" class="1004" name="grp_access_fu_42">
<pin_list>
<pin id="43" dir="0" index="0" bw="4" slack="0"/>
<pin id="44" dir="0" index="1" bw="32" slack="2147483647"/>
<pin id="68" dir="0" index="3" bw="4" slack="0"/>
<pin id="69" dir="0" index="4" bw="32" slack="2147483647"/>
<pin id="45" dir="1" index="2" bw="32" slack="0"/>
<pin id="70" dir="1" index="5" bw="32" slack="0"/>
</pin_list>
<bind>
<opcode="load(27) " fcode="load"/>
<opset="img_in_load/1 img_in_load_1/1 img_in_load_2/2 img_in_load_3/2 img_in_load_4/3 img_in_load_5/3 img_in_load_6/4 img_in_load_7/4 img_in_load_8/5 "/>
</bind>
</comp>

<comp id="47" class="1004" name="filt_in_addr_gep_fu_47">
<pin_list>
<pin id="48" dir="0" index="0" bw="32" slack="0"/>
<pin id="49" dir="0" index="1" bw="1" slack="0"/>
<pin id="50" dir="0" index="2" bw="1" slack="0"/>
<pin id="51" dir="1" index="3" bw="4" slack="0"/>
</pin_list>
<bind>
<opcode="getelementptr(29) " fcode="getelementptr"/>
<opset="filt_in_addr/1 "/>
</bind>
</comp>

<comp id="55" class="1004" name="grp_access_fu_55">
<pin_list>
<pin id="56" dir="0" index="0" bw="4" slack="0"/>
<pin id="57" dir="0" index="1" bw="32" slack="2147483647"/>
<pin id="80" dir="0" index="3" bw="4" slack="0"/>
<pin id="81" dir="0" index="4" bw="32" slack="2147483647"/>
<pin id="58" dir="1" index="2" bw="32" slack="0"/>
<pin id="82" dir="1" index="5" bw="32" slack="0"/>
</pin_list>
<bind>
<opcode="load(27) " fcode="load"/>
<opset="filt_in_load/1 filt_in_load_1/1 filt_in_load_2/2 filt_in_load_3/2 filt_in_load_4/3 filt_in_load_5/3 filt_in_load_6/4 filt_in_load_7/4 filt_in_load_8/5 "/>
</bind>
</comp>

<comp id="60" class="1004" name="img_in_addr_1_gep_fu_60">
<pin_list>
<pin id="61" dir="0" index="0" bw="32" slack="0"/>
<pin id="62" dir="0" index="1" bw="1" slack="0"/>
<pin id="63" dir="0" index="2" bw="1" slack="0"/>
<pin id="64" dir="1" index="3" bw="4" slack="0"/>
</pin_list>
<bind>
<opcode="getelementptr(29) " fcode="getelementptr"/>
<opset="img_in_addr_1/1 "/>
</bind>
</comp>

<comp id="72" class="1004" name="filt_in_addr_1_gep_fu_72">
<pin_list>
<pin id="73" dir="0" index="0" bw="32" slack="0"/>
<pin id="74" dir="0" index="1" bw="1" slack="0"/>
<pin id="75" dir="0" index="2" bw="1" slack="0"/>
<pin id="76" dir="1" index="3" bw="4" slack="0"/>
</pin_list>
<bind>
<opcode="getelementptr(29) " fcode="getelementptr"/>
<opset="filt_in_addr_1/1 "/>
</bind>
</comp>

<comp id="84" class="1004" name="img_in_addr_2_gep_fu_84">
<pin_list>
<pin id="85" dir="0" index="0" bw="32" slack="0"/>
<pin id="86" dir="0" index="1" bw="1" slack="0"/>
<pin id="87" dir="0" index="2" bw="3" slack="0"/>
<pin id="88" dir="1" index="3" bw="4" slack="0"/>
</pin_list>
<bind>
<opcode="getelementptr(29) " fcode="getelementptr"/>
<opset="img_in_addr_2/2 "/>
</bind>
</comp>

<comp id="93" class="1004" name="filt_in_addr_2_gep_fu_93">
<pin_list>
<pin id="94" dir="0" index="0" bw="32" slack="0"/>
<pin id="95" dir="0" index="1" bw="1" slack="0"/>
<pin id="96" dir="0" index="2" bw="3" slack="0"/>
<pin id="97" dir="1" index="3" bw="4" slack="0"/>
</pin_list>
<bind>
<opcode="getelementptr(29) " fcode="getelementptr"/>
<opset="filt_in_addr_2/2 "/>
</bind>
</comp>

<comp id="102" class="1004" name="img_in_addr_3_gep_fu_102">
<pin_list>
<pin id="103" dir="0" index="0" bw="32" slack="0"/>
<pin id="104" dir="0" index="1" bw="1" slack="0"/>
<pin id="105" dir="0" index="2" bw="3" slack="0"/>
<pin id="106" dir="1" index="3" bw="4" slack="0"/>
</pin_list>
<bind>
<opcode="getelementptr(29) " fcode="getelementptr"/>
<opset="img_in_addr_3/2 "/>
</bind>
</comp>

<comp id="111" class="1004" name="filt_in_addr_3_gep_fu_111">
<pin_list>
<pin id="112" dir="0" index="0" bw="32" slack="0"/>
<pin id="113" dir="0" index="1" bw="1" slack="0"/>
<pin id="114" dir="0" index="2" bw="3" slack="0"/>
<pin id="115" dir="1" index="3" bw="4" slack="0"/>
</pin_list>
<bind>
<opcode="getelementptr(29) " fcode="getelementptr"/>
<opset="filt_in_addr_3/2 "/>
</bind>
</comp>

<comp id="120" class="1004" name="img_in_addr_4_gep_fu_120">
<pin_list>
<pin id="121" dir="0" index="0" bw="32" slack="0"/>
<pin id="122" dir="0" index="1" bw="1" slack="0"/>
<pin id="123" dir="0" index="2" bw="4" slack="0"/>
<pin id="124" dir="1" index="3" bw="4" slack="0"/>
</pin_list>
<bind>
<opcode="getelementptr(29) " fcode="getelementptr"/>
<opset="img_in_addr_4/3 "/>
</bind>
</comp>

<comp id="129" class="1004" name="filt_in_addr_4_gep_fu_129">
<pin_list>
<pin id="130" dir="0" index="0" bw="32" slack="0"/>
<pin id="131" dir="0" index="1" bw="1" slack="0"/>
<pin id="132" dir="0" index="2" bw="4" slack="0"/>
<pin id="133" dir="1" index="3" bw="4" slack="0"/>
</pin_list>
<bind>
<opcode="getelementptr(29) " fcode="getelementptr"/>
<opset="filt_in_addr_4/3 "/>
</bind>
</comp>

<comp id="138" class="1004" name="img_in_addr_5_gep_fu_138">
<pin_list>
<pin id="139" dir="0" index="0" bw="32" slack="0"/>
<pin id="140" dir="0" index="1" bw="1" slack="0"/>
<pin id="141" dir="0" index="2" bw="4" slack="0"/>
<pin id="142" dir="1" index="3" bw="4" slack="0"/>
</pin_list>
<bind>
<opcode="getelementptr(29) " fcode="getelementptr"/>
<opset="img_in_addr_5/3 "/>
</bind>
</comp>

<comp id="147" class="1004" name="filt_in_addr_5_gep_fu_147">
<pin_list>
<pin id="148" dir="0" index="0" bw="32" slack="0"/>
<pin id="149" dir="0" index="1" bw="1" slack="0"/>
<pin id="150" dir="0" index="2" bw="4" slack="0"/>
<pin id="151" dir="1" index="3" bw="4" slack="0"/>
</pin_list>
<bind>
<opcode="getelementptr(29) " fcode="getelementptr"/>
<opset="filt_in_addr_5/3 "/>
</bind>
</comp>

<comp id="156" class="1004" name="img_in_addr_6_gep_fu_156">
<pin_list>
<pin id="157" dir="0" index="0" bw="32" slack="0"/>
<pin id="158" dir="0" index="1" bw="1" slack="0"/>
<pin id="159" dir="0" index="2" bw="4" slack="0"/>
<pin id="160" dir="1" index="3" bw="4" slack="0"/>
</pin_list>
<bind>
<opcode="getelementptr(29) " fcode="getelementptr"/>
<opset="img_in_addr_6/4 "/>
</bind>
</comp>

<comp id="165" class="1004" name="filt_in_addr_6_gep_fu_165">
<pin_list>
<pin id="166" dir="0" index="0" bw="32" slack="0"/>
<pin id="167" dir="0" index="1" bw="1" slack="0"/>
<pin id="168" dir="0" index="2" bw="4" slack="0"/>
<pin id="169" dir="1" index="3" bw="4" slack="0"/>
</pin_list>
<bind>
<opcode="getelementptr(29) " fcode="getelementptr"/>
<opset="filt_in_addr_6/4 "/>
</bind>
</comp>

<comp id="174" class="1004" name="img_in_addr_7_gep_fu_174">
<pin_list>
<pin id="175" dir="0" index="0" bw="32" slack="0"/>
<pin id="176" dir="0" index="1" bw="1" slack="0"/>
<pin id="177" dir="0" index="2" bw="4" slack="0"/>
<pin id="178" dir="1" index="3" bw="4" slack="0"/>
</pin_list>
<bind>
<opcode="getelementptr(29) " fcode="getelementptr"/>
<opset="img_in_addr_7/4 "/>
</bind>
</comp>

<comp id="183" class="1004" name="filt_in_addr_7_gep_fu_183">
<pin_list>
<pin id="184" dir="0" index="0" bw="32" slack="0"/>
<pin id="185" dir="0" index="1" bw="1" slack="0"/>
<pin id="186" dir="0" index="2" bw="4" slack="0"/>
<pin id="187" dir="1" index="3" bw="4" slack="0"/>
</pin_list>
<bind>
<opcode="getelementptr(29) " fcode="getelementptr"/>
<opset="filt_in_addr_7/4 "/>
</bind>
</comp>

<comp id="192" class="1004" name="img_in_addr_8_gep_fu_192">
<pin_list>
<pin id="193" dir="0" index="0" bw="32" slack="0"/>
<pin id="194" dir="0" index="1" bw="1" slack="0"/>
<pin id="195" dir="0" index="2" bw="5" slack="0"/>
<pin id="196" dir="1" index="3" bw="4" slack="0"/>
</pin_list>
<bind>
<opcode="getelementptr(29) " fcode="getelementptr"/>
<opset="img_in_addr_8/5 "/>
</bind>
</comp>

<comp id="201" class="1004" name="filt_in_addr_8_gep_fu_201">
<pin_list>
<pin id="202" dir="0" index="0" bw="32" slack="0"/>
<pin id="203" dir="0" index="1" bw="1" slack="0"/>
<pin id="204" dir="0" index="2" bw="5" slack="0"/>
<pin id="205" dir="1" index="3" bw="4" slack="0"/>
</pin_list>
<bind>
<opcode="getelementptr(29) " fcode="getelementptr"/>
<opset="filt_in_addr_8/5 "/>
</bind>
</comp>

<comp id="210" class="1004" name="prod_out_addr_gep_fu_210">
<pin_list>
<pin id="211" dir="0" index="0" bw="32" slack="0"/>
<pin id="212" dir="0" index="1" bw="1" slack="0"/>
<pin id="213" dir="0" index="2" bw="1" slack="0"/>
<pin id="214" dir="1" index="3" bw="4" slack="0"/>
</pin_list>
<bind>
<opcode="getelementptr(29) " fcode="getelementptr"/>
<opset="prod_out_addr/5 "/>
</bind>
</comp>

<comp id="218" class="1004" name="grp_access_fu_218">
<pin_list>
<pin id="219" dir="0" index="0" bw="4" slack="0"/>
<pin id="220" dir="0" index="1" bw="32" slack="0"/>
<pin id="222" dir="0" index="3" bw="4" slack="0"/>
<pin id="223" dir="0" index="4" bw="32" slack="0"/>
<pin id="221" dir="1" index="2" bw="32" slack="2147483647"/>
<pin id="224" dir="1" index="5" bw="32" slack="2147483647"/>
</pin_list>
<bind>
<opcode="store(28) " fcode="store"/>
<opset="stg_128/5 stg_130/5 stg_142/6 stg_144/6 stg_152/7 stg_154/7 stg_160/8 stg_162/8 stg_166/9 "/>
</bind>
</comp>

<comp id="226" class="1004" name="prod_out_addr_1_gep_fu_226">
<pin_list>
<pin id="227" dir="0" index="0" bw="32" slack="0"/>
<pin id="228" dir="0" index="1" bw="1" slack="0"/>
<pin id="229" dir="0" index="2" bw="1" slack="0"/>
<pin id="230" dir="1" index="3" bw="4" slack="0"/>
</pin_list>
<bind>
<opcode="getelementptr(29) " fcode="getelementptr"/>
<opset="prod_out_addr_1/5 "/>
</bind>
</comp>

<comp id="235" class="1004" name="prod_out_addr_2_gep_fu_235">
<pin_list>
<pin id="236" dir="0" index="0" bw="32" slack="0"/>
<pin id="237" dir="0" index="1" bw="1" slack="0"/>
<pin id="238" dir="0" index="2" bw="3" slack="0"/>
<pin id="239" dir="1" index="3" bw="4" slack="0"/>
</pin_list>
<bind>
<opcode="getelementptr(29) " fcode="getelementptr"/>
<opset="prod_out_addr_2/6 "/>
</bind>
</comp>

<comp id="244" class="1004" name="prod_out_addr_3_gep_fu_244">
<pin_list>
<pin id="245" dir="0" index="0" bw="32" slack="0"/>
<pin id="246" dir="0" index="1" bw="1" slack="0"/>
<pin id="247" dir="0" index="2" bw="3" slack="0"/>
<pin id="248" dir="1" index="3" bw="4" slack="0"/>
</pin_list>
<bind>
<opcode="getelementptr(29) " fcode="getelementptr"/>
<opset="prod_out_addr_3/6 "/>
</bind>
</comp>

<comp id="253" class="1004" name="prod_out_addr_4_gep_fu_253">
<pin_list>
<pin id="254" dir="0" index="0" bw="32" slack="0"/>
<pin id="255" dir="0" index="1" bw="1" slack="0"/>
<pin id="256" dir="0" index="2" bw="4" slack="0"/>
<pin id="257" dir="1" index="3" bw="4" slack="0"/>
</pin_list>
<bind>
<opcode="getelementptr(29) " fcode="getelementptr"/>
<opset="prod_out_addr_4/7 "/>
</bind>
</comp>

<comp id="262" class="1004" name="prod_out_addr_5_gep_fu_262">
<pin_list>
<pin id="263" dir="0" index="0" bw="32" slack="0"/>
<pin id="264" dir="0" index="1" bw="1" slack="0"/>
<pin id="265" dir="0" index="2" bw="4" slack="0"/>
<pin id="266" dir="1" index="3" bw="4" slack="0"/>
</pin_list>
<bind>
<opcode="getelementptr(29) " fcode="getelementptr"/>
<opset="prod_out_addr_5/7 "/>
</bind>
</comp>

<comp id="271" class="1004" name="prod_out_addr_6_gep_fu_271">
<pin_list>
<pin id="272" dir="0" index="0" bw="32" slack="0"/>
<pin id="273" dir="0" index="1" bw="1" slack="0"/>
<pin id="274" dir="0" index="2" bw="4" slack="0"/>
<pin id="275" dir="1" index="3" bw="4" slack="0"/>
</pin_list>
<bind>
<opcode="getelementptr(29) " fcode="getelementptr"/>
<opset="prod_out_addr_6/8 "/>
</bind>
</comp>

<comp id="280" class="1004" name="prod_out_addr_7_gep_fu_280">
<pin_list>
<pin id="281" dir="0" index="0" bw="32" slack="0"/>
<pin id="282" dir="0" index="1" bw="1" slack="0"/>
<pin id="283" dir="0" index="2" bw="4" slack="0"/>
<pin id="284" dir="1" index="3" bw="4" slack="0"/>
</pin_list>
<bind>
<opcode="getelementptr(29) " fcode="getelementptr"/>
<opset="prod_out_addr_7/8 "/>
</bind>
</comp>

<comp id="289" class="1004" name="prod_out_addr_8_gep_fu_289">
<pin_list>
<pin id="290" dir="0" index="0" bw="32" slack="0"/>
<pin id="291" dir="0" index="1" bw="1" slack="0"/>
<pin id="292" dir="0" index="2" bw="5" slack="0"/>
<pin id="293" dir="1" index="3" bw="4" slack="0"/>
</pin_list>
<bind>
<opcode="getelementptr(29) " fcode="getelementptr"/>
<opset="prod_out_addr_8/9 "/>
</bind>
</comp>

<comp id="298" class="1004" name="grp_fu_298">
<pin_list>
<pin id="299" dir="0" index="0" bw="32" slack="1"/>
<pin id="300" dir="0" index="1" bw="32" slack="0"/>
<pin id="301" dir="1" index="2" bw="32" slack="1"/>
</pin_list>
<bind>
<opcode="fadd(9) " fcode="fadd"/>
<opset="tmp_s/6 tmp_5_2/17 tmp_5_4/28 tmp_5_6/39 tmp_5_8/50 "/>
</bind>
</comp>

<comp id="303" class="1004" name="grp_fu_303">
<pin_list>
<pin id="304" dir="0" index="0" bw="32" slack="1"/>
<pin id="305" dir="0" index="1" bw="32" slack="6"/>
<pin id="306" dir="1" index="2" bw="32" slack="2"/>
</pin_list>
<bind>
<opcode="fadd(9) " fcode="fadd"/>
<opset="tmp_5_1/11 tmp_5_3/22 tmp_5_5/33 tmp_5_7/44 "/>
</bind>
</comp>

<comp id="307" class="1004" name="grp_fu_307">
<pin_list>
<pin id="308" dir="0" index="0" bw="32" slack="0"/>
<pin id="309" dir="0" index="1" bw="32" slack="0"/>
<pin id="310" dir="1" index="2" bw="32" slack="0"/>
</pin_list>
<bind>
<opcode="fmul(13) " fcode="fmul"/>
<opset="processing_element_products/2 processing_element_products_2_s/3 processing_element_products_4_s/4 processing_element_products_6_s/5 processing_element_products_8_s/6 "/>
</bind>
</comp>

<comp id="314" class="1004" name="grp_fu_314">
<pin_list>
<pin id="315" dir="0" index="0" bw="32" slack="0"/>
<pin id="316" dir="0" index="1" bw="32" slack="0"/>
<pin id="317" dir="1" index="2" bw="32" slack="0"/>
</pin_list>
<bind>
<opcode="fmul(13) " fcode="fmul"/>
<opset="processing_element_products_1_s/2 processing_element_products_3_s/3 processing_element_products_5_s/4 processing_element_products_7_s/5 "/>
</bind>
</comp>

<comp id="323" class="1005" name="img_in_addr_reg_323">
<pin_list>
<pin id="324" dir="0" index="0" bw="4" slack="1"/>
<pin id="325" dir="1" index="1" bw="4" slack="1"/>
</pin_list>
<bind>
<opset="img_in_addr "/>
</bind>
</comp>

<comp id="328" class="1005" name="filt_in_addr_reg_328">
<pin_list>
<pin id="329" dir="0" index="0" bw="4" slack="1"/>
<pin id="330" dir="1" index="1" bw="4" slack="1"/>
</pin_list>
<bind>
<opset="filt_in_addr "/>
</bind>
</comp>

<comp id="333" class="1005" name="img_in_addr_1_reg_333">
<pin_list>
<pin id="334" dir="0" index="0" bw="4" slack="1"/>
<pin id="335" dir="1" index="1" bw="4" slack="1"/>
</pin_list>
<bind>
<opset="img_in_addr_1 "/>
</bind>
</comp>

<comp id="338" class="1005" name="filt_in_addr_1_reg_338">
<pin_list>
<pin id="339" dir="0" index="0" bw="4" slack="1"/>
<pin id="340" dir="1" index="1" bw="4" slack="1"/>
</pin_list>
<bind>
<opset="filt_in_addr_1 "/>
</bind>
</comp>

<comp id="343" class="1005" name="img_in_load_reg_343">
<pin_list>
<pin id="344" dir="0" index="0" bw="32" slack="1"/>
<pin id="345" dir="1" index="1" bw="32" slack="1"/>
</pin_list>
<bind>
<opset="img_in_load "/>
</bind>
</comp>

<comp id="348" class="1005" name="filt_in_load_reg_348">
<pin_list>
<pin id="349" dir="0" index="0" bw="32" slack="1"/>
<pin id="350" dir="1" index="1" bw="32" slack="1"/>
</pin_list>
<bind>
<opset="filt_in_load "/>
</bind>
</comp>

<comp id="353" class="1005" name="img_in_load_1_reg_353">
<pin_list>
<pin id="354" dir="0" index="0" bw="32" slack="1"/>
<pin id="355" dir="1" index="1" bw="32" slack="1"/>
</pin_list>
<bind>
<opset="img_in_load_1 "/>
</bind>
</comp>

<comp id="358" class="1005" name="filt_in_load_1_reg_358">
<pin_list>
<pin id="359" dir="0" index="0" bw="32" slack="1"/>
<pin id="360" dir="1" index="1" bw="32" slack="1"/>
</pin_list>
<bind>
<opset="filt_in_load_1 "/>
</bind>
</comp>

<comp id="363" class="1005" name="img_in_addr_2_reg_363">
<pin_list>
<pin id="364" dir="0" index="0" bw="4" slack="1"/>
<pin id="365" dir="1" index="1" bw="4" slack="1"/>
</pin_list>
<bind>
<opset="img_in_addr_2 "/>
</bind>
</comp>

<comp id="368" class="1005" name="filt_in_addr_2_reg_368">
<pin_list>
<pin id="369" dir="0" index="0" bw="4" slack="1"/>
<pin id="370" dir="1" index="1" bw="4" slack="1"/>
</pin_list>
<bind>
<opset="filt_in_addr_2 "/>
</bind>
</comp>

<comp id="373" class="1005" name="img_in_addr_3_reg_373">
<pin_list>
<pin id="374" dir="0" index="0" bw="4" slack="1"/>
<pin id="375" dir="1" index="1" bw="4" slack="1"/>
</pin_list>
<bind>
<opset="img_in_addr_3 "/>
</bind>
</comp>

<comp id="378" class="1005" name="filt_in_addr_3_reg_378">
<pin_list>
<pin id="379" dir="0" index="0" bw="4" slack="1"/>
<pin id="380" dir="1" index="1" bw="4" slack="1"/>
</pin_list>
<bind>
<opset="filt_in_addr_3 "/>
</bind>
</comp>

<comp id="383" class="1005" name="img_in_load_2_reg_383">
<pin_list>
<pin id="384" dir="0" index="0" bw="32" slack="1"/>
<pin id="385" dir="1" index="1" bw="32" slack="1"/>
</pin_list>
<bind>
<opset="img_in_load_2 "/>
</bind>
</comp>

<comp id="388" class="1005" name="filt_in_load_2_reg_388">
<pin_list>
<pin id="389" dir="0" index="0" bw="32" slack="1"/>
<pin id="390" dir="1" index="1" bw="32" slack="1"/>
</pin_list>
<bind>
<opset="filt_in_load_2 "/>
</bind>
</comp>

<comp id="393" class="1005" name="img_in_load_3_reg_393">
<pin_list>
<pin id="394" dir="0" index="0" bw="32" slack="1"/>
<pin id="395" dir="1" index="1" bw="32" slack="1"/>
</pin_list>
<bind>
<opset="img_in_load_3 "/>
</bind>
</comp>

<comp id="398" class="1005" name="filt_in_load_3_reg_398">
<pin_list>
<pin id="399" dir="0" index="0" bw="32" slack="1"/>
<pin id="400" dir="1" index="1" bw="32" slack="1"/>
</pin_list>
<bind>
<opset="filt_in_load_3 "/>
</bind>
</comp>

<comp id="403" class="1005" name="img_in_addr_4_reg_403">
<pin_list>
<pin id="404" dir="0" index="0" bw="4" slack="1"/>
<pin id="405" dir="1" index="1" bw="4" slack="1"/>
</pin_list>
<bind>
<opset="img_in_addr_4 "/>
</bind>
</comp>

<comp id="408" class="1005" name="filt_in_addr_4_reg_408">
<pin_list>
<pin id="409" dir="0" index="0" bw="4" slack="1"/>
<pin id="410" dir="1" index="1" bw="4" slack="1"/>
</pin_list>
<bind>
<opset="filt_in_addr_4 "/>
</bind>
</comp>

<comp id="413" class="1005" name="img_in_addr_5_reg_413">
<pin_list>
<pin id="414" dir="0" index="0" bw="4" slack="1"/>
<pin id="415" dir="1" index="1" bw="4" slack="1"/>
</pin_list>
<bind>
<opset="img_in_addr_5 "/>
</bind>
</comp>

<comp id="418" class="1005" name="filt_in_addr_5_reg_418">
<pin_list>
<pin id="419" dir="0" index="0" bw="4" slack="1"/>
<pin id="420" dir="1" index="1" bw="4" slack="1"/>
</pin_list>
<bind>
<opset="filt_in_addr_5 "/>
</bind>
</comp>

<comp id="423" class="1005" name="img_in_load_4_reg_423">
<pin_list>
<pin id="424" dir="0" index="0" bw="32" slack="1"/>
<pin id="425" dir="1" index="1" bw="32" slack="1"/>
</pin_list>
<bind>
<opset="img_in_load_4 "/>
</bind>
</comp>

<comp id="428" class="1005" name="filt_in_load_4_reg_428">
<pin_list>
<pin id="429" dir="0" index="0" bw="32" slack="1"/>
<pin id="430" dir="1" index="1" bw="32" slack="1"/>
</pin_list>
<bind>
<opset="filt_in_load_4 "/>
</bind>
</comp>

<comp id="433" class="1005" name="img_in_load_5_reg_433">
<pin_list>
<pin id="434" dir="0" index="0" bw="32" slack="1"/>
<pin id="435" dir="1" index="1" bw="32" slack="1"/>
</pin_list>
<bind>
<opset="img_in_load_5 "/>
</bind>
</comp>

<comp id="438" class="1005" name="filt_in_load_5_reg_438">
<pin_list>
<pin id="439" dir="0" index="0" bw="32" slack="1"/>
<pin id="440" dir="1" index="1" bw="32" slack="1"/>
</pin_list>
<bind>
<opset="filt_in_load_5 "/>
</bind>
</comp>

<comp id="443" class="1005" name="img_in_addr_6_reg_443">
<pin_list>
<pin id="444" dir="0" index="0" bw="4" slack="1"/>
<pin id="445" dir="1" index="1" bw="4" slack="1"/>
</pin_list>
<bind>
<opset="img_in_addr_6 "/>
</bind>
</comp>

<comp id="448" class="1005" name="filt_in_addr_6_reg_448">
<pin_list>
<pin id="449" dir="0" index="0" bw="4" slack="1"/>
<pin id="450" dir="1" index="1" bw="4" slack="1"/>
</pin_list>
<bind>
<opset="filt_in_addr_6 "/>
</bind>
</comp>

<comp id="453" class="1005" name="img_in_addr_7_reg_453">
<pin_list>
<pin id="454" dir="0" index="0" bw="4" slack="1"/>
<pin id="455" dir="1" index="1" bw="4" slack="1"/>
</pin_list>
<bind>
<opset="img_in_addr_7 "/>
</bind>
</comp>

<comp id="458" class="1005" name="filt_in_addr_7_reg_458">
<pin_list>
<pin id="459" dir="0" index="0" bw="4" slack="1"/>
<pin id="460" dir="1" index="1" bw="4" slack="1"/>
</pin_list>
<bind>
<opset="filt_in_addr_7 "/>
</bind>
</comp>

<comp id="463" class="1005" name="processing_element_products_reg_463">
<pin_list>
<pin id="464" dir="0" index="0" bw="32" slack="1"/>
<pin id="465" dir="1" index="1" bw="32" slack="1"/>
</pin_list>
<bind>
<opset="processing_element_products "/>
</bind>
</comp>

<comp id="468" class="1005" name="processing_element_products_1_s_reg_468">
<pin_list>
<pin id="469" dir="0" index="0" bw="32" slack="6"/>
<pin id="470" dir="1" index="1" bw="32" slack="6"/>
</pin_list>
<bind>
<opset="processing_element_products_1_s "/>
</bind>
</comp>

<comp id="473" class="1005" name="img_in_load_6_reg_473">
<pin_list>
<pin id="474" dir="0" index="0" bw="32" slack="1"/>
<pin id="475" dir="1" index="1" bw="32" slack="1"/>
</pin_list>
<bind>
<opset="img_in_load_6 "/>
</bind>
</comp>

<comp id="478" class="1005" name="filt_in_load_6_reg_478">
<pin_list>
<pin id="479" dir="0" index="0" bw="32" slack="1"/>
<pin id="480" dir="1" index="1" bw="32" slack="1"/>
</pin_list>
<bind>
<opset="filt_in_load_6 "/>
</bind>
</comp>

<comp id="483" class="1005" name="img_in_load_7_reg_483">
<pin_list>
<pin id="484" dir="0" index="0" bw="32" slack="1"/>
<pin id="485" dir="1" index="1" bw="32" slack="1"/>
</pin_list>
<bind>
<opset="img_in_load_7 "/>
</bind>
</comp>

<comp id="488" class="1005" name="filt_in_load_7_reg_488">
<pin_list>
<pin id="489" dir="0" index="0" bw="32" slack="1"/>
<pin id="490" dir="1" index="1" bw="32" slack="1"/>
</pin_list>
<bind>
<opset="filt_in_load_7 "/>
</bind>
</comp>

<comp id="493" class="1005" name="img_in_addr_8_reg_493">
<pin_list>
<pin id="494" dir="0" index="0" bw="4" slack="1"/>
<pin id="495" dir="1" index="1" bw="4" slack="1"/>
</pin_list>
<bind>
<opset="img_in_addr_8 "/>
</bind>
</comp>

<comp id="498" class="1005" name="filt_in_addr_8_reg_498">
<pin_list>
<pin id="499" dir="0" index="0" bw="4" slack="1"/>
<pin id="500" dir="1" index="1" bw="4" slack="1"/>
</pin_list>
<bind>
<opset="filt_in_addr_8 "/>
</bind>
</comp>

<comp id="503" class="1005" name="processing_element_products_2_s_reg_503">
<pin_list>
<pin id="504" dir="0" index="0" bw="32" slack="11"/>
<pin id="505" dir="1" index="1" bw="32" slack="11"/>
</pin_list>
<bind>
<opset="processing_element_products_2_s "/>
</bind>
</comp>

<comp id="508" class="1005" name="processing_element_products_3_s_reg_508">
<pin_list>
<pin id="509" dir="0" index="0" bw="32" slack="16"/>
<pin id="510" dir="1" index="1" bw="32" slack="16"/>
</pin_list>
<bind>
<opset="processing_element_products_3_s "/>
</bind>
</comp>

<comp id="513" class="1005" name="img_in_load_8_reg_513">
<pin_list>
<pin id="514" dir="0" index="0" bw="32" slack="1"/>
<pin id="515" dir="1" index="1" bw="32" slack="1"/>
</pin_list>
<bind>
<opset="img_in_load_8 "/>
</bind>
</comp>

<comp id="518" class="1005" name="filt_in_load_8_reg_518">
<pin_list>
<pin id="519" dir="0" index="0" bw="32" slack="1"/>
<pin id="520" dir="1" index="1" bw="32" slack="1"/>
</pin_list>
<bind>
<opset="filt_in_load_8 "/>
</bind>
</comp>

<comp id="523" class="1005" name="processing_element_products_4_s_reg_523">
<pin_list>
<pin id="524" dir="0" index="0" bw="32" slack="21"/>
<pin id="525" dir="1" index="1" bw="32" slack="21"/>
</pin_list>
<bind>
<opset="processing_element_products_4_s "/>
</bind>
</comp>

<comp id="528" class="1005" name="processing_element_products_5_s_reg_528">
<pin_list>
<pin id="529" dir="0" index="0" bw="32" slack="26"/>
<pin id="530" dir="1" index="1" bw="32" slack="26"/>
</pin_list>
<bind>
<opset="processing_element_products_5_s "/>
</bind>
</comp>

<comp id="533" class="1005" name="processing_element_products_6_s_reg_533">
<pin_list>
<pin id="534" dir="0" index="0" bw="32" slack="31"/>
<pin id="535" dir="1" index="1" bw="32" slack="31"/>
</pin_list>
<bind>
<opset="processing_element_products_6_s "/>
</bind>
</comp>

<comp id="538" class="1005" name="processing_element_products_7_s_reg_538">
<pin_list>
<pin id="539" dir="0" index="0" bw="32" slack="36"/>
<pin id="540" dir="1" index="1" bw="32" slack="36"/>
</pin_list>
<bind>
<opset="processing_element_products_7_s "/>
</bind>
</comp>

<comp id="543" class="1005" name="processing_element_products_8_s_reg_543">
<pin_list>
<pin id="544" dir="0" index="0" bw="32" slack="41"/>
<pin id="545" dir="1" index="1" bw="32" slack="41"/>
</pin_list>
<bind>
<opset="processing_element_products_8_s "/>
</bind>
</comp>

<comp id="548" class="1005" name="tmp_s_reg_548">
<pin_list>
<pin id="549" dir="0" index="0" bw="32" slack="1"/>
<pin id="550" dir="1" index="1" bw="32" slack="1"/>
</pin_list>
<bind>
<opset="tmp_s "/>
</bind>
</comp>

<comp id="553" class="1005" name="tmp_5_1_reg_553">
<pin_list>
<pin id="554" dir="0" index="0" bw="32" slack="2"/>
<pin id="555" dir="1" index="1" bw="32" slack="2"/>
</pin_list>
<bind>
<opset="tmp_5_1 "/>
</bind>
</comp>

<comp id="558" class="1005" name="tmp_5_2_reg_558">
<pin_list>
<pin id="559" dir="0" index="0" bw="32" slack="1"/>
<pin id="560" dir="1" index="1" bw="32" slack="1"/>
</pin_list>
<bind>
<opset="tmp_5_2 "/>
</bind>
</comp>

<comp id="563" class="1005" name="tmp_5_3_reg_563">
<pin_list>
<pin id="564" dir="0" index="0" bw="32" slack="2"/>
<pin id="565" dir="1" index="1" bw="32" slack="2"/>
</pin_list>
<bind>
<opset="tmp_5_3 "/>
</bind>
</comp>

<comp id="568" class="1005" name="tmp_5_4_reg_568">
<pin_list>
<pin id="569" dir="0" index="0" bw="32" slack="1"/>
<pin id="570" dir="1" index="1" bw="32" slack="1"/>
</pin_list>
<bind>
<opset="tmp_5_4 "/>
</bind>
</comp>

<comp id="573" class="1005" name="tmp_5_5_reg_573">
<pin_list>
<pin id="574" dir="0" index="0" bw="32" slack="2"/>
<pin id="575" dir="1" index="1" bw="32" slack="2"/>
</pin_list>
<bind>
<opset="tmp_5_5 "/>
</bind>
</comp>

<comp id="578" class="1005" name="tmp_5_6_reg_578">
<pin_list>
<pin id="579" dir="0" index="0" bw="32" slack="1"/>
<pin id="580" dir="1" index="1" bw="32" slack="1"/>
</pin_list>
<bind>
<opset="tmp_5_6 "/>
</bind>
</comp>

<comp id="583" class="1005" name="tmp_5_7_reg_583">
<pin_list>
<pin id="584" dir="0" index="0" bw="32" slack="2"/>
<pin id="585" dir="1" index="1" bw="32" slack="2"/>
</pin_list>
<bind>
<opset="tmp_5_7 "/>
</bind>
</comp>

</comp_list>

<net_list>
<net id="39"><net_src comp="0" pin="0"/><net_sink comp="34" pin=0"/></net>

<net id="40"><net_src comp="6" pin="0"/><net_sink comp="34" pin=1"/></net>

<net id="41"><net_src comp="6" pin="0"/><net_sink comp="34" pin=2"/></net>

<net id="46"><net_src comp="34" pin="3"/><net_sink comp="42" pin=0"/></net>

<net id="52"><net_src comp="2" pin="0"/><net_sink comp="47" pin=0"/></net>

<net id="53"><net_src comp="6" pin="0"/><net_sink comp="47" pin=1"/></net>

<net id="54"><net_src comp="6" pin="0"/><net_sink comp="47" pin=2"/></net>

<net id="59"><net_src comp="47" pin="3"/><net_sink comp="55" pin=0"/></net>

<net id="65"><net_src comp="0" pin="0"/><net_sink comp="60" pin=0"/></net>

<net id="66"><net_src comp="6" pin="0"/><net_sink comp="60" pin=1"/></net>

<net id="67"><net_src comp="8" pin="0"/><net_sink comp="60" pin=2"/></net>

<net id="71"><net_src comp="60" pin="3"/><net_sink comp="42" pin=3"/></net>

<net id="77"><net_src comp="2" pin="0"/><net_sink comp="72" pin=0"/></net>

<net id="78"><net_src comp="6" pin="0"/><net_sink comp="72" pin=1"/></net>

<net id="79"><net_src comp="8" pin="0"/><net_sink comp="72" pin=2"/></net>

<net id="83"><net_src comp="72" pin="3"/><net_sink comp="55" pin=3"/></net>

<net id="89"><net_src comp="0" pin="0"/><net_sink comp="84" pin=0"/></net>

<net id="90"><net_src comp="6" pin="0"/><net_sink comp="84" pin=1"/></net>

<net id="91"><net_src comp="10" pin="0"/><net_sink comp="84" pin=2"/></net>

<net id="92"><net_src comp="84" pin="3"/><net_sink comp="42" pin=0"/></net>

<net id="98"><net_src comp="2" pin="0"/><net_sink comp="93" pin=0"/></net>

<net id="99"><net_src comp="6" pin="0"/><net_sink comp="93" pin=1"/></net>

<net id="100"><net_src comp="10" pin="0"/><net_sink comp="93" pin=2"/></net>

<net id="101"><net_src comp="93" pin="3"/><net_sink comp="55" pin=0"/></net>

<net id="107"><net_src comp="0" pin="0"/><net_sink comp="102" pin=0"/></net>

<net id="108"><net_src comp="6" pin="0"/><net_sink comp="102" pin=1"/></net>

<net id="109"><net_src comp="12" pin="0"/><net_sink comp="102" pin=2"/></net>

<net id="110"><net_src comp="102" pin="3"/><net_sink comp="42" pin=3"/></net>

<net id="116"><net_src comp="2" pin="0"/><net_sink comp="111" pin=0"/></net>

<net id="117"><net_src comp="6" pin="0"/><net_sink comp="111" pin=1"/></net>

<net id="118"><net_src comp="12" pin="0"/><net_sink comp="111" pin=2"/></net>

<net id="119"><net_src comp="111" pin="3"/><net_sink comp="55" pin=3"/></net>

<net id="125"><net_src comp="0" pin="0"/><net_sink comp="120" pin=0"/></net>

<net id="126"><net_src comp="6" pin="0"/><net_sink comp="120" pin=1"/></net>

<net id="127"><net_src comp="14" pin="0"/><net_sink comp="120" pin=2"/></net>

<net id="128"><net_src comp="120" pin="3"/><net_sink comp="42" pin=0"/></net>

<net id="134"><net_src comp="2" pin="0"/><net_sink comp="129" pin=0"/></net>

<net id="135"><net_src comp="6" pin="0"/><net_sink comp="129" pin=1"/></net>

<net id="136"><net_src comp="14" pin="0"/><net_sink comp="129" pin=2"/></net>

<net id="137"><net_src comp="129" pin="3"/><net_sink comp="55" pin=0"/></net>

<net id="143"><net_src comp="0" pin="0"/><net_sink comp="138" pin=0"/></net>

<net id="144"><net_src comp="6" pin="0"/><net_sink comp="138" pin=1"/></net>

<net id="145"><net_src comp="16" pin="0"/><net_sink comp="138" pin=2"/></net>

<net id="146"><net_src comp="138" pin="3"/><net_sink comp="42" pin=3"/></net>

<net id="152"><net_src comp="2" pin="0"/><net_sink comp="147" pin=0"/></net>

<net id="153"><net_src comp="6" pin="0"/><net_sink comp="147" pin=1"/></net>

<net id="154"><net_src comp="16" pin="0"/><net_sink comp="147" pin=2"/></net>

<net id="155"><net_src comp="147" pin="3"/><net_sink comp="55" pin=3"/></net>

<net id="161"><net_src comp="0" pin="0"/><net_sink comp="156" pin=0"/></net>

<net id="162"><net_src comp="6" pin="0"/><net_sink comp="156" pin=1"/></net>

<net id="163"><net_src comp="18" pin="0"/><net_sink comp="156" pin=2"/></net>

<net id="164"><net_src comp="156" pin="3"/><net_sink comp="42" pin=0"/></net>

<net id="170"><net_src comp="2" pin="0"/><net_sink comp="165" pin=0"/></net>

<net id="171"><net_src comp="6" pin="0"/><net_sink comp="165" pin=1"/></net>

<net id="172"><net_src comp="18" pin="0"/><net_sink comp="165" pin=2"/></net>

<net id="173"><net_src comp="165" pin="3"/><net_sink comp="55" pin=0"/></net>

<net id="179"><net_src comp="0" pin="0"/><net_sink comp="174" pin=0"/></net>

<net id="180"><net_src comp="6" pin="0"/><net_sink comp="174" pin=1"/></net>

<net id="181"><net_src comp="20" pin="0"/><net_sink comp="174" pin=2"/></net>

<net id="182"><net_src comp="174" pin="3"/><net_sink comp="42" pin=3"/></net>

<net id="188"><net_src comp="2" pin="0"/><net_sink comp="183" pin=0"/></net>

<net id="189"><net_src comp="6" pin="0"/><net_sink comp="183" pin=1"/></net>

<net id="190"><net_src comp="20" pin="0"/><net_sink comp="183" pin=2"/></net>

<net id="191"><net_src comp="183" pin="3"/><net_sink comp="55" pin=3"/></net>

<net id="197"><net_src comp="0" pin="0"/><net_sink comp="192" pin=0"/></net>

<net id="198"><net_src comp="6" pin="0"/><net_sink comp="192" pin=1"/></net>

<net id="199"><net_src comp="22" pin="0"/><net_sink comp="192" pin=2"/></net>

<net id="200"><net_src comp="192" pin="3"/><net_sink comp="42" pin=0"/></net>

<net id="206"><net_src comp="2" pin="0"/><net_sink comp="201" pin=0"/></net>

<net id="207"><net_src comp="6" pin="0"/><net_sink comp="201" pin=1"/></net>

<net id="208"><net_src comp="22" pin="0"/><net_sink comp="201" pin=2"/></net>

<net id="209"><net_src comp="201" pin="3"/><net_sink comp="55" pin=0"/></net>

<net id="215"><net_src comp="4" pin="0"/><net_sink comp="210" pin=0"/></net>

<net id="216"><net_src comp="6" pin="0"/><net_sink comp="210" pin=1"/></net>

<net id="217"><net_src comp="6" pin="0"/><net_sink comp="210" pin=2"/></net>

<net id="225"><net_src comp="210" pin="3"/><net_sink comp="218" pin=3"/></net>

<net id="231"><net_src comp="4" pin="0"/><net_sink comp="226" pin=0"/></net>

<net id="232"><net_src comp="6" pin="0"/><net_sink comp="226" pin=1"/></net>

<net id="233"><net_src comp="8" pin="0"/><net_sink comp="226" pin=2"/></net>

<net id="234"><net_src comp="226" pin="3"/><net_sink comp="218" pin=0"/></net>

<net id="240"><net_src comp="4" pin="0"/><net_sink comp="235" pin=0"/></net>

<net id="241"><net_src comp="6" pin="0"/><net_sink comp="235" pin=1"/></net>

<net id="242"><net_src comp="10" pin="0"/><net_sink comp="235" pin=2"/></net>

<net id="243"><net_src comp="235" pin="3"/><net_sink comp="218" pin=0"/></net>

<net id="249"><net_src comp="4" pin="0"/><net_sink comp="244" pin=0"/></net>

<net id="250"><net_src comp="6" pin="0"/><net_sink comp="244" pin=1"/></net>

<net id="251"><net_src comp="12" pin="0"/><net_sink comp="244" pin=2"/></net>

<net id="252"><net_src comp="244" pin="3"/><net_sink comp="218" pin=3"/></net>

<net id="258"><net_src comp="4" pin="0"/><net_sink comp="253" pin=0"/></net>

<net id="259"><net_src comp="6" pin="0"/><net_sink comp="253" pin=1"/></net>

<net id="260"><net_src comp="14" pin="0"/><net_sink comp="253" pin=2"/></net>

<net id="261"><net_src comp="253" pin="3"/><net_sink comp="218" pin=0"/></net>

<net id="267"><net_src comp="4" pin="0"/><net_sink comp="262" pin=0"/></net>

<net id="268"><net_src comp="6" pin="0"/><net_sink comp="262" pin=1"/></net>

<net id="269"><net_src comp="16" pin="0"/><net_sink comp="262" pin=2"/></net>

<net id="270"><net_src comp="262" pin="3"/><net_sink comp="218" pin=3"/></net>

<net id="276"><net_src comp="4" pin="0"/><net_sink comp="271" pin=0"/></net>

<net id="277"><net_src comp="6" pin="0"/><net_sink comp="271" pin=1"/></net>

<net id="278"><net_src comp="18" pin="0"/><net_sink comp="271" pin=2"/></net>

<net id="279"><net_src comp="271" pin="3"/><net_sink comp="218" pin=0"/></net>

<net id="285"><net_src comp="4" pin="0"/><net_sink comp="280" pin=0"/></net>

<net id="286"><net_src comp="6" pin="0"/><net_sink comp="280" pin=1"/></net>

<net id="287"><net_src comp="20" pin="0"/><net_sink comp="280" pin=2"/></net>

<net id="288"><net_src comp="280" pin="3"/><net_sink comp="218" pin=3"/></net>

<net id="294"><net_src comp="4" pin="0"/><net_sink comp="289" pin=0"/></net>

<net id="295"><net_src comp="6" pin="0"/><net_sink comp="289" pin=1"/></net>

<net id="296"><net_src comp="22" pin="0"/><net_sink comp="289" pin=2"/></net>

<net id="297"><net_src comp="289" pin="3"/><net_sink comp="218" pin=0"/></net>

<net id="302"><net_src comp="24" pin="0"/><net_sink comp="298" pin=1"/></net>

<net id="311"><net_src comp="307" pin="2"/><net_sink comp="218" pin=4"/></net>

<net id="312"><net_src comp="42" pin="2"/><net_sink comp="307" pin=0"/></net>

<net id="313"><net_src comp="55" pin="2"/><net_sink comp="307" pin=1"/></net>

<net id="318"><net_src comp="314" pin="2"/><net_sink comp="218" pin=1"/></net>

<net id="319"><net_src comp="42" pin="5"/><net_sink comp="314" pin=0"/></net>

<net id="320"><net_src comp="55" pin="5"/><net_sink comp="314" pin=1"/></net>

<net id="321"><net_src comp="307" pin="2"/><net_sink comp="218" pin=1"/></net>

<net id="322"><net_src comp="314" pin="2"/><net_sink comp="218" pin=4"/></net>

<net id="326"><net_src comp="34" pin="3"/><net_sink comp="323" pin=0"/></net>

<net id="327"><net_src comp="323" pin="1"/><net_sink comp="42" pin=0"/></net>

<net id="331"><net_src comp="47" pin="3"/><net_sink comp="328" pin=0"/></net>

<net id="332"><net_src comp="328" pin="1"/><net_sink comp="55" pin=0"/></net>

<net id="336"><net_src comp="60" pin="3"/><net_sink comp="333" pin=0"/></net>

<net id="337"><net_src comp="333" pin="1"/><net_sink comp="42" pin=3"/></net>

<net id="341"><net_src comp="72" pin="3"/><net_sink comp="338" pin=0"/></net>

<net id="342"><net_src comp="338" pin="1"/><net_sink comp="55" pin=3"/></net>

<net id="346"><net_src comp="42" pin="2"/><net_sink comp="343" pin=0"/></net>

<net id="347"><net_src comp="343" pin="1"/><net_sink comp="307" pin=0"/></net>

<net id="351"><net_src comp="55" pin="2"/><net_sink comp="348" pin=0"/></net>

<net id="352"><net_src comp="348" pin="1"/><net_sink comp="307" pin=1"/></net>

<net id="356"><net_src comp="42" pin="5"/><net_sink comp="353" pin=0"/></net>

<net id="357"><net_src comp="353" pin="1"/><net_sink comp="314" pin=0"/></net>

<net id="361"><net_src comp="55" pin="5"/><net_sink comp="358" pin=0"/></net>

<net id="362"><net_src comp="358" pin="1"/><net_sink comp="314" pin=1"/></net>

<net id="366"><net_src comp="84" pin="3"/><net_sink comp="363" pin=0"/></net>

<net id="367"><net_src comp="363" pin="1"/><net_sink comp="42" pin=0"/></net>

<net id="371"><net_src comp="93" pin="3"/><net_sink comp="368" pin=0"/></net>

<net id="372"><net_src comp="368" pin="1"/><net_sink comp="55" pin=0"/></net>

<net id="376"><net_src comp="102" pin="3"/><net_sink comp="373" pin=0"/></net>

<net id="377"><net_src comp="373" pin="1"/><net_sink comp="42" pin=3"/></net>

<net id="381"><net_src comp="111" pin="3"/><net_sink comp="378" pin=0"/></net>

<net id="382"><net_src comp="378" pin="1"/><net_sink comp="55" pin=3"/></net>

<net id="386"><net_src comp="42" pin="2"/><net_sink comp="383" pin=0"/></net>

<net id="387"><net_src comp="383" pin="1"/><net_sink comp="307" pin=0"/></net>

<net id="391"><net_src comp="55" pin="2"/><net_sink comp="388" pin=0"/></net>

<net id="392"><net_src comp="388" pin="1"/><net_sink comp="307" pin=1"/></net>

<net id="396"><net_src comp="42" pin="5"/><net_sink comp="393" pin=0"/></net>

<net id="397"><net_src comp="393" pin="1"/><net_sink comp="314" pin=0"/></net>

<net id="401"><net_src comp="55" pin="5"/><net_sink comp="398" pin=0"/></net>

<net id="402"><net_src comp="398" pin="1"/><net_sink comp="314" pin=1"/></net>

<net id="406"><net_src comp="120" pin="3"/><net_sink comp="403" pin=0"/></net>

<net id="407"><net_src comp="403" pin="1"/><net_sink comp="42" pin=0"/></net>

<net id="411"><net_src comp="129" pin="3"/><net_sink comp="408" pin=0"/></net>

<net id="412"><net_src comp="408" pin="1"/><net_sink comp="55" pin=0"/></net>

<net id="416"><net_src comp="138" pin="3"/><net_sink comp="413" pin=0"/></net>

<net id="417"><net_src comp="413" pin="1"/><net_sink comp="42" pin=3"/></net>

<net id="421"><net_src comp="147" pin="3"/><net_sink comp="418" pin=0"/></net>

<net id="422"><net_src comp="418" pin="1"/><net_sink comp="55" pin=3"/></net>

<net id="426"><net_src comp="42" pin="2"/><net_sink comp="423" pin=0"/></net>

<net id="427"><net_src comp="423" pin="1"/><net_sink comp="307" pin=0"/></net>

<net id="431"><net_src comp="55" pin="2"/><net_sink comp="428" pin=0"/></net>

<net id="432"><net_src comp="428" pin="1"/><net_sink comp="307" pin=1"/></net>

<net id="436"><net_src comp="42" pin="5"/><net_sink comp="433" pin=0"/></net>

<net id="437"><net_src comp="433" pin="1"/><net_sink comp="314" pin=0"/></net>

<net id="441"><net_src comp="55" pin="5"/><net_sink comp="438" pin=0"/></net>

<net id="442"><net_src comp="438" pin="1"/><net_sink comp="314" pin=1"/></net>

<net id="446"><net_src comp="156" pin="3"/><net_sink comp="443" pin=0"/></net>

<net id="447"><net_src comp="443" pin="1"/><net_sink comp="42" pin=0"/></net>

<net id="451"><net_src comp="165" pin="3"/><net_sink comp="448" pin=0"/></net>

<net id="452"><net_src comp="448" pin="1"/><net_sink comp="55" pin=0"/></net>

<net id="456"><net_src comp="174" pin="3"/><net_sink comp="453" pin=0"/></net>

<net id="457"><net_src comp="453" pin="1"/><net_sink comp="42" pin=3"/></net>

<net id="461"><net_src comp="183" pin="3"/><net_sink comp="458" pin=0"/></net>

<net id="462"><net_src comp="458" pin="1"/><net_sink comp="55" pin=3"/></net>

<net id="466"><net_src comp="307" pin="2"/><net_sink comp="463" pin=0"/></net>

<net id="467"><net_src comp="463" pin="1"/><net_sink comp="298" pin=0"/></net>

<net id="471"><net_src comp="314" pin="2"/><net_sink comp="468" pin=0"/></net>

<net id="472"><net_src comp="468" pin="1"/><net_sink comp="303" pin=1"/></net>

<net id="476"><net_src comp="42" pin="2"/><net_sink comp="473" pin=0"/></net>

<net id="477"><net_src comp="473" pin="1"/><net_sink comp="307" pin=0"/></net>

<net id="481"><net_src comp="55" pin="2"/><net_sink comp="478" pin=0"/></net>

<net id="482"><net_src comp="478" pin="1"/><net_sink comp="307" pin=1"/></net>

<net id="486"><net_src comp="42" pin="5"/><net_sink comp="483" pin=0"/></net>

<net id="487"><net_src comp="483" pin="1"/><net_sink comp="314" pin=0"/></net>

<net id="491"><net_src comp="55" pin="5"/><net_sink comp="488" pin=0"/></net>

<net id="492"><net_src comp="488" pin="1"/><net_sink comp="314" pin=1"/></net>

<net id="496"><net_src comp="192" pin="3"/><net_sink comp="493" pin=0"/></net>

<net id="497"><net_src comp="493" pin="1"/><net_sink comp="42" pin=0"/></net>

<net id="501"><net_src comp="201" pin="3"/><net_sink comp="498" pin=0"/></net>

<net id="502"><net_src comp="498" pin="1"/><net_sink comp="55" pin=0"/></net>

<net id="506"><net_src comp="307" pin="2"/><net_sink comp="503" pin=0"/></net>

<net id="507"><net_src comp="503" pin="1"/><net_sink comp="298" pin=1"/></net>

<net id="511"><net_src comp="314" pin="2"/><net_sink comp="508" pin=0"/></net>

<net id="512"><net_src comp="508" pin="1"/><net_sink comp="303" pin=1"/></net>

<net id="516"><net_src comp="42" pin="2"/><net_sink comp="513" pin=0"/></net>

<net id="517"><net_src comp="513" pin="1"/><net_sink comp="307" pin=0"/></net>

<net id="521"><net_src comp="55" pin="2"/><net_sink comp="518" pin=0"/></net>

<net id="522"><net_src comp="518" pin="1"/><net_sink comp="307" pin=1"/></net>

<net id="526"><net_src comp="307" pin="2"/><net_sink comp="523" pin=0"/></net>

<net id="527"><net_src comp="523" pin="1"/><net_sink comp="298" pin=1"/></net>

<net id="531"><net_src comp="314" pin="2"/><net_sink comp="528" pin=0"/></net>

<net id="532"><net_src comp="528" pin="1"/><net_sink comp="303" pin=1"/></net>

<net id="536"><net_src comp="307" pin="2"/><net_sink comp="533" pin=0"/></net>

<net id="537"><net_src comp="533" pin="1"/><net_sink comp="298" pin=1"/></net>

<net id="541"><net_src comp="314" pin="2"/><net_sink comp="538" pin=0"/></net>

<net id="542"><net_src comp="538" pin="1"/><net_sink comp="303" pin=1"/></net>

<net id="546"><net_src comp="307" pin="2"/><net_sink comp="543" pin=0"/></net>

<net id="547"><net_src comp="543" pin="1"/><net_sink comp="298" pin=1"/></net>

<net id="551"><net_src comp="298" pin="2"/><net_sink comp="548" pin=0"/></net>

<net id="552"><net_src comp="548" pin="1"/><net_sink comp="303" pin=0"/></net>

<net id="556"><net_src comp="303" pin="2"/><net_sink comp="553" pin=0"/></net>

<net id="557"><net_src comp="553" pin="1"/><net_sink comp="298" pin=0"/></net>

<net id="561"><net_src comp="298" pin="2"/><net_sink comp="558" pin=0"/></net>

<net id="562"><net_src comp="558" pin="1"/><net_sink comp="303" pin=0"/></net>

<net id="566"><net_src comp="303" pin="2"/><net_sink comp="563" pin=0"/></net>

<net id="567"><net_src comp="563" pin="1"/><net_sink comp="298" pin=0"/></net>

<net id="571"><net_src comp="298" pin="2"/><net_sink comp="568" pin=0"/></net>

<net id="572"><net_src comp="568" pin="1"/><net_sink comp="303" pin=0"/></net>

<net id="576"><net_src comp="303" pin="2"/><net_sink comp="573" pin=0"/></net>

<net id="577"><net_src comp="573" pin="1"/><net_sink comp="298" pin=0"/></net>

<net id="581"><net_src comp="298" pin="2"/><net_sink comp="578" pin=0"/></net>

<net id="582"><net_src comp="578" pin="1"/><net_sink comp="303" pin=0"/></net>

<net id="586"><net_src comp="303" pin="2"/><net_sink comp="583" pin=0"/></net>

<net id="587"><net_src comp="583" pin="1"/><net_sink comp="298" pin=0"/></net>

</net_list>

</model> 
---------------- Datapath Model END ------------------

* FSMD analyzer results:
  - Output states:
	Port: img_in | {}
	Port: filt_in | {}
	Port: prod_out | {}
  - Chain level:
	State 1
		img_in_load : 1
		filt_in_load : 1
		img_in_load_1 : 1
		filt_in_load_1 : 1
	State 2
		processing_element_products : 1
		processing_element_products_1_s : 1
		img_in_load_2 : 1
		filt_in_load_2 : 1
		img_in_load_3 : 1
		filt_in_load_3 : 1
	State 3
		processing_element_products_2_s : 1
		processing_element_products_3_s : 1
		img_in_load_4 : 1
		filt_in_load_4 : 1
		img_in_load_5 : 1
		filt_in_load_5 : 1
	State 4
		processing_element_products_4_s : 1
		processing_element_products_5_s : 1
		img_in_load_6 : 1
		filt_in_load_6 : 1
		img_in_load_7 : 1
		filt_in_load_7 : 1
	State 5
		processing_element_products_6_s : 1
		processing_element_products_7_s : 1
		img_in_load_8 : 1
		filt_in_load_8 : 1
		stg_128 : 1
		stg_130 : 1
	State 6
		processing_element_products_8_s : 1
		stg_142 : 1
		stg_144 : 1
	State 7
		stg_152 : 1
		stg_154 : 1
	State 8
		stg_160 : 1
		stg_162 : 1
	State 9
		stg_166 : 1
	State 10
	State 11
	State 12
	State 13
	State 14
	State 15
	State 16
	State 17
	State 18
	State 19
	State 20
	State 21
	State 22
	State 23
	State 24
	State 25
	State 26
	State 27
	State 28
	State 29
	State 30
	State 31
	State 32
	State 33
	State 34
	State 35
	State 36
	State 37
	State 38
	State 39
	State 40
	State 41
	State 42
	State 43
	State 44
	State 45
	State 46
	State 47
	State 48
	State 49
	State 50
	State 51
	State 52
	State 53
	State 54
		stg_209 : 1


============================================================
+ Verbose Summary: Datapath Resource usage 
============================================================

* Functional unit list:
|----------|----------------|---------|---------|---------|
| Operation| Functional Unit|  DSP48E |    FF   |   LUT   |
|----------|----------------|---------|---------|---------|
|   fadd   |   grp_fu_298   |    2    |   205   |   390   |
|          |   grp_fu_303   |    2    |   205   |   390   |
|----------|----------------|---------|---------|---------|
|   fmul   |   grp_fu_307   |    3    |   143   |   321   |
|          |   grp_fu_314   |    3    |   143   |   321   |
|----------|----------------|---------|---------|---------|
|   Total  |                |    10   |   696   |   1422  |
|----------|----------------|---------|---------|---------|

Memories:
N/A

* Register list:
+---------------------------------------+--------+
|                                       |   FF   |
+---------------------------------------+--------+
|         filt_in_addr_1_reg_338        |    4   |
|         filt_in_addr_2_reg_368        |    4   |
|         filt_in_addr_3_reg_378        |    4   |
|         filt_in_addr_4_reg_408        |    4   |
|         filt_in_addr_5_reg_418        |    4   |
|         filt_in_addr_6_reg_448        |    4   |
|         filt_in_addr_7_reg_458        |    4   |
|         filt_in_addr_8_reg_498        |    4   |
|          filt_in_addr_reg_328         |    4   |
|         filt_in_load_1_reg_358        |   32   |
|         filt_in_load_2_reg_388        |   32   |
|         filt_in_load_3_reg_398        |   32   |
|         filt_in_load_4_reg_428        |   32   |
|         filt_in_load_5_reg_438        |   32   |
|         filt_in_load_6_reg_478        |   32   |
|         filt_in_load_7_reg_488        |   32   |
|         filt_in_load_8_reg_518        |   32   |
|          filt_in_load_reg_348         |   32   |
|         img_in_addr_1_reg_333         |    4   |
|         img_in_addr_2_reg_363         |    4   |
|         img_in_addr_3_reg_373         |    4   |
|         img_in_addr_4_reg_403         |    4   |
|         img_in_addr_5_reg_413         |    4   |
|         img_in_addr_6_reg_443         |    4   |
|         img_in_addr_7_reg_453         |    4   |
|         img_in_addr_8_reg_493         |    4   |
|          img_in_addr_reg_323          |    4   |
|         img_in_load_1_reg_353         |   32   |
|         img_in_load_2_reg_383         |   32   |
|         img_in_load_3_reg_393         |   32   |
|         img_in_load_4_reg_423         |   32   |
|         img_in_load_5_reg_433         |   32   |
|         img_in_load_6_reg_473         |   32   |
|         img_in_load_7_reg_483         |   32   |
|         img_in_load_8_reg_513         |   32   |
|          img_in_load_reg_343          |   32   |
|processing_element_products_1_s_reg_468|   32   |
|processing_element_products_2_s_reg_503|   32   |
|processing_element_products_3_s_reg_508|   32   |
|processing_element_products_4_s_reg_523|   32   |
|processing_element_products_5_s_reg_528|   32   |
|processing_element_products_6_s_reg_533|   32   |
|processing_element_products_7_s_reg_538|   32   |
|processing_element_products_8_s_reg_543|   32   |
|  processing_element_products_reg_463  |   32   |
|            tmp_5_1_reg_553            |   32   |
|            tmp_5_2_reg_558            |   32   |
|            tmp_5_3_reg_563            |   32   |
|            tmp_5_4_reg_568            |   32   |
|            tmp_5_5_reg_573            |   32   |
|            tmp_5_6_reg_578            |   32   |
|            tmp_5_7_reg_583            |   32   |
|             tmp_s_reg_548             |   32   |
+---------------------------------------+--------+
|                 Total                 |  1192  |
+---------------------------------------+--------+

* Multiplexer (MUX) list: 
|-------------------|------|------|------|--------||---------||---------|
|        Comp       |  Pin | Size |  BW  | S x BW ||  Delay  ||   LUT   |
|-------------------|------|------|------|--------||---------||---------|
|  grp_access_fu_42 |  p0  |  10  |   4  |   40   ||    8    |
|  grp_access_fu_42 |  p3  |   8  |   4  |   32   ||    8    |
|  grp_access_fu_55 |  p0  |  10  |   4  |   40   ||    8    |
|  grp_access_fu_55 |  p3  |   8  |   4  |   32   ||    8    |
| grp_access_fu_218 |  p0  |   5  |   4  |   20   ||    4    |
| grp_access_fu_218 |  p1  |   2  |  32  |   64   ||    32   |
| grp_access_fu_218 |  p3  |   4  |   4  |   16   ||    4    |
| grp_access_fu_218 |  p4  |   2  |  32  |   64   ||    32   |
|     grp_fu_298    |  p0  |   5  |  32  |   160  ||    32   |
|     grp_fu_298    |  p1  |   5  |  32  |   160  ||    32   |
|     grp_fu_303    |  p0  |   4  |  32  |   128  ||    32   |
|     grp_fu_303    |  p1  |   4  |  32  |   128  ||    32   |
|     grp_fu_307    |  p0  |   6  |  32  |   192  ||    32   |
|     grp_fu_307    |  p1  |   6  |  32  |   192  ||    32   |
|     grp_fu_314    |  p0  |   5  |  32  |   160  ||    32   |
|     grp_fu_314    |  p1  |   5  |  32  |   160  ||    32   |
|-------------------|------|------|------|--------||---------||---------|
|       Total       |      |      |      |  1588  ||  29.776 ||   360   |
|-------------------|------|------|------|--------||---------||---------|



* Summary:
+-----------+--------+--------+--------+--------+
|           | DSP48E |  Delay |   FF   |   LUT  |
+-----------+--------+--------+--------+--------+
|  Function |   10   |    -   |   696  |  1422  |
|   Memory  |    -   |    -   |    -   |    -   |
|Multiplexer|    -   |   29   |    -   |   360  |
|  Register |    -   |    -   |  1192  |    -   |
+-----------+--------+--------+--------+--------+
|   Total   |   10   |   29   |  1888  |  1782  |
+-----------+--------+--------+--------+--------+
